2017-12-27 15:08:44,329 INFO 
2017-12-27 15:08:44,329 INFO ---------------New trade---------------
2017-12-27 15:08:45,105 INFO Trade Option:2
2017-12-27 15:08:45,105 INFO Initial Account Summary:{u'LTC-USD': {'currency_type': 'coin', 'price': 262.46, 'size': 0.03}, u'USD-USD': {'currency_type': 'USD', 'price': 1, 'size': 492.652904}}
2017-12-27 15:08:45,105 INFO ########## Trade ##########
2017-12-27 15:08:45,392 INFO MACD: short ema:$262.538554362, long ema:$263.128001984
2017-12-27 15:08:45,392 INFO Start trading loop......
2017-12-27 15:08:45,393 INFO Doing initial check......
2017-12-27 15:08:46,017 INFO Current Acct info: {u'LTC-USD': {'currency_type': 'coin', 'price': 262.46, 'size': 0.03}, u'USD-USD': {'currency_type': 'USD', 'price': 1, 'size': 492.652904}}
2017-12-27 15:08:46,018 INFO Current total value: 500.526704
2017-12-27 15:08:46,018 INFO Cleanning all orders......
2017-12-27 15:09:16,191 INFO Executing buy order ...... 
2017-12-27 15:09:16,500 INFO MACD: short ema:$262.5251673, long ema:$263.077834471
2017-12-27 15:09:16,501 INFO Bought?:False
2017-12-27 15:09:46,511 INFO Executing buy order ...... 
2017-12-27 15:09:46,768 INFO MACD: short ema:$262.568987716, long ema:$263.057994877
2017-12-27 15:09:46,768 INFO Bought?:False
2017-12-27 15:10:16,780 INFO Executing buy order ...... 
2017-12-27 15:10:17,022 INFO MACD: short ema:$262.568987716, long ema:$263.057994877
2017-12-27 15:10:17,023 INFO Bought?:False
2017-12-27 15:10:47,053 INFO Executing buy order ...... 
2017-12-27 15:10:47,315 INFO MACD: short ema:$262.607368304, long ema:$263.040310754
2017-12-27 15:10:47,315 INFO Bought?:False
2017-12-27 15:11:17,346 INFO Executing buy order ...... 
2017-12-27 15:11:17,621 INFO MACD: short ema:$262.638542411, long ema:$263.023250695
2017-12-27 15:11:17,621 INFO Bought?:False
2017-12-27 15:11:47,652 INFO Executing buy order ...... 
2017-12-27 15:11:47,911 INFO MACD: short ema:$262.638542411, long ema:$263.023250695
2017-12-27 15:11:47,912 INFO Bought?:False
2017-12-27 15:12:17,935 INFO Executing buy order ...... 
2017-12-27 15:12:18,189 INFO MACD: short ema:$262.66338204, long ema:$263.006713647
2017-12-27 15:12:18,189 INFO Bought?:False
2017-12-27 15:12:48,203 INFO Executing buy order ...... 
2017-12-27 15:12:48,702 INFO MACD: short ema:$262.66338204, long ema:$263.006713647
2017-12-27 15:12:48,702 INFO Bought?:False
2017-12-27 15:13:18,732 INFO Executing buy order ...... 
2017-12-27 15:13:18,984 INFO MACD: short ema:$262.664920502, long ema:$263.007454387
2017-12-27 15:13:18,984 INFO Bought?:False
2017-12-27 15:13:49,015 INFO Executing buy order ...... 
2017-12-27 15:13:49,332 INFO MACD: short ema:$262.684400188, long ema:$262.991401557
2017-12-27 15:13:49,333 INFO Bought?:False
2017-12-27 15:14:19,363 INFO Executing buy order ...... 
2017-12-27 15:14:19,668 INFO MACD: short ema:$262.684400188, long ema:$262.991401557
2017-12-27 15:14:19,668 INFO Bought?:False
2017-12-27 15:14:49,681 INFO Executing buy order ...... 
2017-12-27 15:14:49,993 INFO MACD: short ema:$262.744433295, long ema:$262.998156487
2017-12-27 15:14:49,994 INFO Bought?:False
2017-12-27 15:15:20,024 INFO Executing buy order ...... 
2017-12-27 15:15:20,271 INFO MACD: short ema:$262.744433295, long ema:$262.998156487
2017-12-27 15:15:20,271 INFO Bought?:False
2017-12-27 15:15:50,301 INFO Executing buy order ...... 
2017-12-27 15:15:50,530 INFO MACD: short ema:$262.78375125, long ema:$262.998293066
2017-12-27 15:15:50,530 INFO Bought?:False
2017-12-27 15:16:20,560 INFO Executing buy order ...... 
2017-12-27 15:16:20,802 INFO MACD: short ema:$262.869446324, long ema:$263.024784414
2017-12-27 15:16:20,803 INFO Bought?:False
2017-12-27 15:16:50,833 INFO Executing buy order ...... 
2017-12-27 15:16:51,071 INFO MACD: short ema:$262.869446324, long ema:$263.024784414
2017-12-27 15:16:51,071 INFO Bought?:False
2017-12-27 15:17:21,079 INFO Executing buy order ...... 
2017-12-27 15:17:21,330 INFO MACD: short ema:$262.870984785, long ema:$263.025525155
2017-12-27 15:17:21,330 INFO Bought?:False
2017-12-27 15:17:51,361 INFO Executing buy order ...... 
2017-12-27 15:17:51,602 INFO MACD: short ema:$262.870984785, long ema:$263.025525155
2017-12-27 15:17:51,602 INFO Bought?:False
2017-12-27 15:18:21,633 INFO Executing buy order ...... 
2017-12-27 15:18:21,890 INFO MACD: short ema:$262.920064049, long ema:$263.037708503
2017-12-27 15:18:21,891 INFO Bought?:False
2017-12-27 15:18:51,921 INFO Executing buy order ...... 
2017-12-27 15:18:52,198 INFO MACD: short ema:$262.960290882, long ema:$263.048303512
2017-12-27 15:18:52,198 INFO Bought?:False
2017-12-27 15:19:22,229 INFO Executing buy order ...... 
2017-12-27 15:19:22,512 INFO MACD: short ema:$262.960290882, long ema:$263.048303512
2017-12-27 15:19:22,513 INFO Bought?:False
2017-12-27 15:19:52,543 INFO Executing buy order ...... 
2017-12-27 15:19:52,788 INFO MACD: short ema:$262.994328971, long ema:$263.058113708
2017-12-27 15:19:52,789 INFO Bought?:False
2017-12-27 15:20:22,819 INFO Executing buy order ...... 
2017-12-27 15:20:23,071 INFO MACD: short ema:$262.994328971, long ema:$263.058113708
2017-12-27 15:20:23,072 INFO Bought?:False
2017-12-27 15:20:53,079 INFO Executing buy order ...... 
2017-12-27 15:20:53,401 INFO MACD: short ema:$263.023130431, long ema:$263.06719721
2017-12-27 15:20:53,401 INFO Bought?:False
2017-12-27 15:21:23,431 INFO Executing buy order ...... 
2017-12-27 15:21:23,661 INFO MACD: short ema:$263.038980187, long ema:$263.071328013
2017-12-27 15:21:23,661 INFO Bought?:False
2017-12-27 15:21:53,691 INFO Executing buy order ...... 
2017-12-27 15:21:53,938 INFO MACD: short ema:$263.038980187, long ema:$263.071328013
2017-12-27 15:21:53,938 INFO Bought?:False
2017-12-27 15:22:23,969 INFO Executing buy order ...... 
2017-12-27 15:22:24,227 INFO MACD: short ema:$263.037441726, long ema:$263.070587272
2017-12-27 15:22:24,228 INFO Bought?:False
2017-12-27 15:22:54,258 INFO Executing buy order ...... 
2017-12-27 15:22:54,531 INFO MACD: short ema:$263.037441726, long ema:$263.070587272
2017-12-27 15:22:54,531 INFO Bought?:False
2017-12-27 15:23:24,543 INFO Executing buy order ...... 
2017-12-27 15:23:24,890 INFO MACD: short ema:$263.056296845, long ema:$263.077210442
2017-12-27 15:23:24,891 INFO Bought?:False
2017-12-27 15:23:54,921 INFO Executing buy order ...... 
2017-12-27 15:23:55,183 INFO MACD: short ema:$263.072251176, long ema:$263.083342999
2017-12-27 15:23:55,183 INFO Bought?:False
2017-12-27 15:24:25,213 INFO Executing buy order ...... 
2017-12-27 15:24:25,472 INFO MACD: short ema:$263.072251176, long ema:$263.083342999
2017-12-27 15:24:25,472 INFO Bought?:False
2017-12-27 15:24:55,499 INFO Executing buy order ...... 
2017-12-27 15:24:55,778 INFO MACD: short ema:$263.08444922, long ema:$263.088335427
2017-12-27 15:24:55,778 INFO Bought?:False
2017-12-27 15:25:25,809 INFO Executing buy order ...... 
2017-12-27 15:25:26,108 INFO MACD: short ema:$263.08444922, long ema:$263.092958048
2017-12-27 15:25:26,109 INFO Bought?:False
2017-12-27 15:25:56,138 INFO Executing buy order ...... 
2017-12-27 15:25:56,405 INFO MACD: short ema:$263.094770642, long ema:$263.092958048
2017-12-27 15:25:56,674 INFO Placed a buy order.
2017-12-27 15:25:56,848 INFO Order complete remaining time:30
2017-12-27 15:26:07,499 INFO Order complete remaining time:20
2017-12-27 15:26:18,150 INFO Order complete remaining time:10
2017-12-27 15:26:28,781 INFO Cancel a placed order...
2017-12-27 15:26:28,912 INFO Bought?:False
2017-12-27 15:26:58,942 INFO Executing buy order ...... 
2017-12-27 15:26:59,218 INFO MACD: short ema:$263.103504153, long ema:$263.097238256
2017-12-27 15:26:59,487 INFO Placed a buy order.
2017-12-27 15:26:59,600 INFO Order complete remaining time:30
2017-12-27 15:27:10,242 INFO Order complete remaining time:20
2017-12-27 15:27:20,879 INFO Order complete remaining time:10
2017-12-27 15:27:31,424 INFO Cancel a placed order...
2017-12-27 15:27:31,555 INFO Bought?:False
2017-12-27 15:28:01,569 INFO Executing buy order ...... 
2017-12-27 15:28:01,841 INFO MACD: short ema:$263.11065736, long ema:$263.101146558
2017-12-27 15:28:02,092 INFO Placed a buy order.
2017-12-27 15:28:02,232 INFO Order complete remaining time:30
2017-12-27 15:28:12,884 INFO Order complete remaining time:20
2017-12-27 15:28:23,547 INFO Order complete remaining time:10
2017-12-27 15:28:34,086 INFO Cancel a placed order...
2017-12-27 15:28:34,217 INFO Bought?:False
2017-12-27 15:29:04,248 INFO Executing buy order ...... 
2017-12-27 15:29:04,489 INFO MACD: short ema:$263.118011849, long ema:$263.10545123
2017-12-27 15:29:04,758 INFO Placed a buy order.
2017-12-27 15:29:04,871 INFO Order complete remaining time:30
2017-12-27 15:29:15,521 INFO Order complete remaining time:20
2017-12-27 15:29:26,158 INFO Order complete remaining time:10
2017-12-27 15:29:36,689 INFO Cancel a placed order...
2017-12-27 15:29:36,821 INFO Bought?:False
2017-12-27 15:30:06,851 INFO Executing buy order ...... 
2017-12-27 15:30:07,149 INFO MACD: short ema:$263.132755588, long ema:$263.113716866
2017-12-27 15:30:07,416 INFO Placed a buy order.
2017-12-27 15:30:07,555 INFO Order complete remaining time:30
2017-12-27 15:30:18,250 INFO Order complete remaining time:20
2017-12-27 15:30:28,900 INFO Order complete remaining time:10
2017-12-27 15:30:39,389 INFO Cancel a placed order...
2017-12-27 15:30:39,513 INFO Bought?:False
2017-12-27 15:31:09,544 INFO Executing buy order ...... 
2017-12-27 15:31:09,791 INFO MACD: short ema:$263.146651178, long ema:$263.121699454
2017-12-27 15:31:10,048 INFO Placed a buy order.
2017-12-27 15:31:10,173 INFO Order complete remaining time:30
2017-12-27 15:31:20,842 INFO Order complete remaining time:20
2017-12-27 15:31:31,489 INFO Order complete remaining time:10
2017-12-27 15:31:43,072 INFO Cancel a placed order...
2017-12-27 15:31:43,201 INFO Bought?:False
2017-12-27 15:32:13,232 INFO Executing buy order ...... 
2017-12-27 15:32:13,478 INFO MACD: short ema:$263.167920939, long ema:$263.135828876
2017-12-27 15:32:13,738 INFO Placed a buy order.
2017-12-27 15:32:13,860 INFO Order complete remaining time:30
2017-12-27 15:32:24,516 INFO Order complete remaining time:20
2017-12-27 15:32:35,215 INFO Order complete remaining time:10
2017-12-27 15:32:45,801 INFO Cancel a placed order...
2017-12-27 15:32:45,911 INFO Bought?:False
2017-12-27 15:33:15,942 INFO Executing buy order ...... 
2017-12-27 15:33:16,204 INFO MACD: short ema:$263.169459401, long ema:$263.136569617
2017-12-27 15:33:16,487 INFO Placed a buy order.
2017-12-27 15:33:17,620 INFO Order complete remaining time:30
2017-12-27 15:33:28,320 INFO Order complete remaining time:20
2017-12-27 15:33:38,954 INFO Order complete remaining time:10
2017-12-27 15:33:49,494 INFO Cancel a placed order...
2017-12-27 15:33:49,634 INFO Bought?:False
2017-12-27 15:34:19,664 INFO Executing buy order ...... 
2017-12-27 15:34:19,949 INFO MACD: short ema:$263.181613576, long ema:$263.144917037
2017-12-27 15:34:20,222 INFO Placed a buy order.
2017-12-27 15:34:20,338 INFO Order complete remaining time:30
2017-12-27 15:34:31,004 INFO Order complete remaining time:20
2017-12-27 15:34:42,788 INFO Order complete remaining time:10
2017-12-27 15:34:53,317 INFO Cancel a placed order...
2017-12-27 15:34:53,444 INFO Bought?:False
2017-12-27 15:35:23,459 INFO Executing buy order ...... 
2017-12-27 15:35:23,703 INFO MACD: short ema:$263.193436339, long ema:$263.15338687
2017-12-27 15:35:23,960 INFO Placed a buy order.
2017-12-27 15:35:24,080 INFO Order complete remaining time:30
2017-12-27 15:35:34,703 INFO Order complete remaining time:20
2017-12-27 15:35:45,363 INFO Order complete remaining time:10
2017-12-27 15:35:55,864 INFO Cancel a placed order...
2017-12-27 15:35:56,037 INFO Bought?:False
2017-12-27 15:36:26,044 INFO Executing buy order ...... 
2017-12-27 15:36:26,332 INFO MACD: short ema:$263.20709848, long ema:$263.165848957
2017-12-27 15:36:26,587 INFO Placed a buy order.
2017-12-27 15:36:26,699 INFO Order complete remaining time:30
2017-12-27 15:36:37,346 INFO Order complete remaining time:20
2017-12-27 15:36:48,076 INFO Order complete remaining time:10
2017-12-27 15:36:58,812 INFO Cancel a placed order...
2017-12-27 15:36:58,958 INFO Bought?:False
2017-12-27 15:37:28,988 INFO Executing buy order ...... 
2017-12-27 15:37:29,264 INFO MACD: short ema:$263.212160253, long ema:$263.171341666
2017-12-27 15:37:29,548 INFO Placed a buy order.
2017-12-27 15:37:29,672 INFO Order complete remaining time:30
2017-12-27 15:37:40,338 INFO Order complete remaining time:20
2017-12-27 15:37:50,973 INFO Order complete remaining time:10
2017-12-27 15:38:01,503 INFO Cancel a placed order...
2017-12-27 15:38:01,660 INFO Bought?:False
2017-12-27 15:38:31,687 INFO Executing buy order ...... 
2017-12-27 15:38:31,930 INFO MACD: short ema:$263.213698714, long ema:$263.172082407
2017-12-27 15:38:32,205 INFO Placed a buy order.
2017-12-27 15:38:32,332 INFO Order complete remaining time:30
2017-12-27 15:38:43,064 INFO Order complete remaining time:20
2017-12-27 15:38:53,778 INFO Order complete remaining time:10
2017-12-27 15:39:04,331 INFO Cancel a placed order...
2017-12-27 15:39:04,452 INFO Bought?:False
2017-12-27 15:39:34,467 INFO Executing buy order ...... 
2017-12-27 15:39:34,705 INFO MACD: short ema:$263.219283527, long ema:$263.177854108
2017-12-27 15:39:34,971 INFO Placed a buy order.
2017-12-27 15:39:35,099 INFO Order complete remaining time:30
2017-12-27 15:39:45,804 INFO Order complete remaining time:20
2017-12-27 15:39:56,505 INFO Order complete remaining time:10
2017-12-27 15:40:07,119 INFO Cancel a placed order...
2017-12-27 15:40:07,262 INFO Bought?:False
2017-12-27 15:40:37,293 INFO Executing buy order ...... 
2017-12-27 15:40:37,530 INFO MACD: short ema:$263.226906231, long ema:$263.187511535
2017-12-27 15:40:37,832 INFO Placed a buy order.
2017-12-27 15:40:37,989 INFO Order complete remaining time:30
2017-12-27 15:40:48,594 INFO Order complete remaining time:20
2017-12-27 15:40:59,297 INFO Order complete remaining time:10
2017-12-27 15:41:09,899 INFO Cancel a placed order...
2017-12-27 15:41:10,036 INFO Bought?:False
2017-12-27 15:41:40,067 INFO Executing buy order ...... 
2017-12-27 15:41:40,329 INFO MACD: short ema:$263.251879237, long ema:$263.202867373
2017-12-27 15:41:40,631 INFO Placed a buy order.
2017-12-27 15:41:40,764 INFO Order complete remaining time:30
2017-12-27 15:41:51,405 INFO Order complete remaining time:20
2017-12-27 15:42:02,056 INFO Order complete remaining time:10
2017-12-27 15:42:12,586 INFO Cancel a placed order...
2017-12-27 15:42:12,702 INFO Bought?:False
2017-12-27 15:42:42,732 INFO Executing buy order ...... 
2017-12-27 15:42:42,977 INFO MACD: short ema:$263.317862313, long ema:$263.239390279
2017-12-27 15:42:43,227 INFO Placed a buy order.
2017-12-27 15:42:43,366 INFO Order complete remaining time:30
2017-12-27 15:42:54,077 INFO Order complete remaining time:20
2017-12-27 15:43:04,755 INFO Order complete remaining time:10
2017-12-27 15:43:15,266 INFO Cancel a placed order...
2017-12-27 15:43:15,416 INFO Bought?:False
2017-12-27 15:43:45,428 INFO Executing buy order ...... 
2017-12-27 15:43:45,741 INFO MACD: short ema:$263.317862313, long ema:$263.239390279
2017-12-27 15:43:45,995 INFO Placed a buy order.
2017-12-27 15:43:46,146 INFO Order complete remaining time:30
2017-12-27 15:43:56,753 INFO Order complete remaining time:20
2017-12-27 15:44:07,356 INFO Order complete remaining time:10
2017-12-27 15:44:17,956 INFO Cancel a placed order...
2017-12-27 15:44:18,096 INFO Bought?:False
2017-12-27 15:44:48,126 INFO Executing buy order ...... 
2017-12-27 15:44:48,382 INFO MACD: short ema:$263.384504969, long ema:$263.283866909
2017-12-27 15:44:48,779 INFO Placed a buy order.
2017-12-27 15:44:48,892 INFO Order complete remaining time:30
2017-12-27 15:44:59,597 INFO Order complete remaining time:20
2017-12-27 15:45:10,435 INFO Order complete remaining time:10
2017-12-27 15:45:20,965 INFO Cancel a placed order...
2017-12-27 15:45:21,081 INFO Bought?:False
2017-12-27 15:45:51,110 INFO Executing buy order ...... 
2017-12-27 15:45:51,368 INFO MACD: short ema:$263.451504205, long ema:$263.324348684
2017-12-27 15:45:51,609 INFO Placed a buy order.
2017-12-27 15:45:51,722 INFO Order complete remaining time:30
2017-12-27 15:46:03,832 INFO Order complete remaining time:20
2017-12-27 15:46:14,565 INFO Order complete remaining time:10
2017-12-27 15:46:25,092 INFO Cancel a placed order...
2017-12-27 15:46:25,208 INFO Bought?:False
2017-12-27 15:46:55,235 INFO Executing buy order ...... 
2017-12-27 15:46:55,484 INFO MACD: short ema:$263.491272789, long ema:$263.352915491
2017-12-27 15:46:55,749 INFO Placed a buy order.
2017-12-27 15:46:55,868 INFO Order complete remaining time:30
2017-12-27 15:47:06,539 INFO Order complete remaining time:20
2017-12-27 15:47:17,247 INFO Order complete remaining time:10
2017-12-27 15:47:27,791 INFO Cancel a placed order...
2017-12-27 15:47:27,914 INFO Bought?:False
2017-12-27 15:47:57,945 INFO Executing buy order ...... 
2017-12-27 15:47:58,212 INFO MACD: short ema:$263.59569236, long ema:$263.413440331
2017-12-27 15:47:58,523 INFO Placed a buy order.
2017-12-27 15:47:58,666 INFO Order complete remaining time:30
2017-12-27 15:48:09,304 INFO Order complete remaining time:20
2017-12-27 15:48:19,958 INFO Order complete remaining time:10
2017-12-27 15:48:30,597 INFO Cancel a placed order...
2017-12-27 15:48:30,737 INFO Bought?:False
2017-12-27 15:49:00,768 INFO Executing buy order ...... 
2017-12-27 15:49:01,021 INFO MACD: short ema:$263.684047381, long ema:$263.469481852
2017-12-27 15:49:01,317 INFO Placed a buy order.
2017-12-27 15:49:01,432 INFO Order complete remaining time:30
2017-12-27 15:49:12,113 INFO Order complete remaining time:20
2017-12-27 15:49:22,737 INFO Order complete remaining time:10
2017-12-27 15:49:33,242 INFO Cancel a placed order...
2017-12-27 15:49:33,380 INFO Bought?:False
2017-12-27 15:50:03,410 INFO Executing buy order ...... 
2017-12-27 15:50:03,650 INFO MACD: short ema:$263.758809323, long ema:$263.521372172
2017-12-27 15:50:03,945 INFO Placed a buy order.
2017-12-27 15:50:04,073 INFO Order complete remaining time:30
2017-12-27 15:50:14,805 INFO Order complete remaining time:20
2017-12-27 15:50:25,489 INFO Order complete remaining time:10
2017-12-27 15:50:35,981 INFO Cancel a placed order...
2017-12-27 15:50:36,114 INFO Bought?:False
2017-12-27 15:51:06,135 INFO Executing buy order ...... 
2017-12-27 15:51:06,404 INFO MACD: short ema:$263.820530965, long ema:$263.568678024
2017-12-27 15:51:06,677 INFO Placed a buy order.
2017-12-27 15:51:06,806 INFO Order complete remaining time:30
2017-12-27 15:51:17,466 INFO Order complete remaining time:20
2017-12-27 15:51:28,132 INFO Order complete remaining time:10
2017-12-27 15:51:38,685 INFO Cancel a placed order...
2017-12-27 15:51:38,797 INFO Bought?:False
2017-12-27 15:52:08,827 INFO Executing buy order ...... 
2017-12-27 15:52:09,142 INFO MACD: short ema:$263.875597207, long ema:$263.613906358
2017-12-27 15:52:09,440 INFO Placed a buy order.
2017-12-27 15:52:23,986 INFO Order complete remaining time:30
2017-12-27 15:52:34,624 INFO Order complete remaining time:20
2017-12-27 15:52:45,300 INFO Order complete remaining time:10
2017-12-27 15:52:55,859 INFO Cancel a placed order...
2017-12-27 15:52:55,994 INFO Bought?:False
2017-12-27 15:53:26,015 INFO Executing buy order ...... 
2017-12-27 15:53:26,309 INFO MACD: short ema:$263.920889945, long ema:$263.655098595
2017-12-27 15:53:26,563 INFO Placed a buy order.
2017-12-27 15:53:26,675 INFO Order complete remaining time:30
2017-12-27 15:53:37,385 INFO Order complete remaining time:20
2017-12-27 15:53:48,158 INFO Order complete remaining time:10
2017-12-27 15:53:58,672 INFO Cancel a placed order...
2017-12-27 15:53:58,818 INFO Bought?:False
2017-12-27 15:54:28,849 INFO Executing buy order ...... 
2017-12-27 15:54:29,163 INFO MACD: short ema:$263.957676107, long ema:$263.692498789
2017-12-27 15:54:29,424 INFO Placed a buy order.
2017-12-27 15:54:29,570 INFO Order complete remaining time:30
2017-12-27 15:54:40,251 INFO Order complete remaining time:20
2017-12-27 15:54:50,893 INFO Order complete remaining time:10
2017-12-27 15:55:01,458 INFO Cancel a placed order...
2017-12-27 15:55:01,580 INFO Bought?:False
2017-12-27 15:55:31,583 INFO Executing buy order ...... 
2017-12-27 15:55:31,858 INFO MACD: short ema:$264.01908262, long ema:$263.761254961
2017-12-27 15:55:32,135 INFO Placed a buy order.
2017-12-27 15:55:32,269 INFO Order complete remaining time:30
2017-12-27 15:55:43,879 INFO Order complete remaining time:20
2017-12-27 15:55:54,553 INFO Order complete remaining time:10
2017-12-27 15:56:05,137 INFO Cancel a placed order...
2017-12-27 15:56:05,258 INFO Bought?:False
2017-12-27 15:56:35,268 INFO Executing buy order ...... 
2017-12-27 15:56:35,549 INFO MACD: short ema:$264.045140915, long ema:$263.792959078
2017-12-27 15:56:35,795 INFO Placed a buy order.
2017-12-27 15:56:35,920 INFO Order complete remaining time:30
2017-12-27 15:56:46,667 INFO Order complete remaining time:20
2017-12-27 15:56:57,309 INFO Order complete remaining time:10
2017-12-27 15:57:08,433 INFO Cancel a placed order...
2017-12-27 15:57:08,567 INFO Bought?:False
2017-12-27 15:57:38,575 INFO Executing buy order ...... 
2017-12-27 15:57:38,917 INFO MACD: short ema:$264.107426928, long ema:$263.841628876
2017-12-27 15:57:39,169 INFO Placed a buy order.
2017-12-27 15:57:39,288 INFO Order complete remaining time:30
2017-12-27 15:57:49,945 INFO Order complete remaining time:20
2017-12-27 15:58:01,313 INFO Order complete remaining time:10
2017-12-27 15:58:11,817 INFO Cancel a placed order...
2017-12-27 15:58:11,962 INFO Bought?:False
2017-12-27 15:58:41,971 INFO Executing buy order ...... 
2017-12-27 15:58:42,251 INFO MACD: short ema:$264.113580774, long ema:$263.844591839
2017-12-27 15:58:42,517 INFO Placed a buy order.
2017-12-27 15:58:42,654 INFO Order complete remaining time:30
2017-12-27 15:58:53,355 INFO Order complete remaining time:20
2017-12-27 15:59:04,026 INFO Order complete remaining time:10
2017-12-27 15:59:14,583 INFO Cancel a placed order...
2017-12-27 15:59:14,700 INFO Bought?:False
2017-12-27 15:59:44,719 INFO Executing buy order ...... 
2017-12-27 15:59:44,990 INFO MACD: short ema:$264.193628838, long ema:$263.923141345
2017-12-27 15:59:45,233 INFO Placed a buy order.
2017-12-27 15:59:45,351 INFO Order complete remaining time:30
2017-12-27 15:59:55,961 INFO Order complete remaining time:20
2017-12-27 16:00:06,707 INFO Order complete remaining time:10
2017-12-27 16:00:17,240 INFO Cancel a placed order...
2017-12-27 16:00:17,373 INFO Bought?:False
2017-12-27 16:00:47,401 INFO Executing buy order ...... 
2017-12-27 16:00:47,639 INFO MACD: short ema:$264.225378248, long ema:$263.958464307
2017-12-27 16:00:47,958 INFO Placed a buy order.
2017-12-27 16:00:48,071 INFO Order complete remaining time:30
2017-12-27 16:00:58,695 INFO Order complete remaining time:20
2017-12-27 16:01:10,740 INFO Order complete remaining time:10
2017-12-27 16:01:21,267 INFO Cancel a placed order...
2017-12-27 16:01:21,382 INFO Bought?:False
2017-12-27 16:01:51,412 INFO Executing buy order ...... 
2017-12-27 16:01:51,678 INFO MACD: short ema:$264.252243133, long ema:$263.991170746
2017-12-27 16:01:52,221 INFO Placed a buy order.
2017-12-27 16:01:52,592 INFO Order complete remaining time:30
2017-12-27 16:02:03,276 INFO Order complete remaining time:20
2017-12-27 16:02:14,590 INFO Order complete remaining time:10
2017-12-27 16:02:25,132 INFO Cancel a placed order...
2017-12-27 16:02:25,243 INFO Bought?:False
2017-12-27 16:02:55,267 INFO Executing buy order ...... 
2017-12-27 16:02:55,521 INFO MACD: short ema:$264.293673183, long ema:$264.03039826
2017-12-27 16:02:55,785 INFO Placed a buy order.
2017-12-27 16:02:55,898 INFO Order complete remaining time:30
2017-12-27 16:03:06,576 INFO Order complete remaining time:20
2017-12-27 16:03:17,263 INFO Order complete remaining time:10
2017-12-27 16:03:27,780 INFO Cancel a placed order...
2017-12-27 16:03:27,897 INFO Bought?:False
2017-12-27 16:03:57,926 INFO Executing buy order ...... 
2017-12-27 16:03:58,187 INFO MACD: short ema:$264.330031155, long ema:$264.067405893
2017-12-27 16:03:58,472 INFO Placed a buy order.
2017-12-27 16:03:58,606 INFO Order complete remaining time:30
2017-12-27 16:04:09,301 INFO Order complete remaining time:20
2017-12-27 16:04:20,013 INFO Order complete remaining time:10
2017-12-27 16:04:30,628 INFO Cancel a placed order...
2017-12-27 16:04:30,754 INFO Bought?:False
2017-12-27 16:05:00,784 INFO Executing buy order ...... 
2017-12-27 16:05:01,020 INFO MACD: short ema:$264.362334054, long ema:$264.102412962
2017-12-27 16:05:01,274 INFO Placed a buy order.
2017-12-27 16:05:01,418 INFO Order complete remaining time:30
2017-12-27 16:05:12,110 INFO Order complete remaining time:20
2017-12-27 16:05:22,770 INFO Order complete remaining time:10
2017-12-27 16:05:34,421 INFO Cancel a placed order...
2017-12-27 16:05:34,545 INFO Bought?:False
2017-12-27 16:06:04,559 INFO Executing buy order ...... 
2017-12-27 16:06:04,894 INFO MACD: short ema:$264.388128815, long ema:$264.134086183
2017-12-27 16:06:05,160 INFO Placed a buy order.
2017-12-27 16:06:05,299 INFO Order complete remaining time:30
2017-12-27 16:06:15,972 INFO Order complete remaining time:20
2017-12-27 16:06:26,631 INFO Order complete remaining time:10
2017-12-27 16:06:37,188 INFO Cancel a placed order...
2017-12-27 16:06:37,314 INFO Bought?:False
2017-12-27 16:07:07,344 INFO Executing buy order ...... 
2017-12-27 16:07:07,644 INFO MACD: short ema:$264.412795388, long ema:$264.164839838
2017-12-27 16:07:07,910 INFO Placed a buy order.
2017-12-27 16:07:08,029 INFO Order complete remaining time:30
2017-12-27 16:07:18,733 INFO Order complete remaining time:20
2017-12-27 16:07:29,334 INFO Order complete remaining time:10
2017-12-27 16:07:39,937 INFO Cancel a placed order...
2017-12-27 16:07:40,080 INFO Bought?:False
2017-12-27 16:08:10,099 INFO Executing buy order ...... 
2017-12-27 16:08:10,352 INFO MACD: short ema:$264.432365328, long ema:$264.192629561
2017-12-27 16:08:10,668 INFO Placed a buy order.
2017-12-27 16:08:10,796 INFO Order complete remaining time:30
2017-12-27 16:08:21,471 INFO Order complete remaining time:20
2017-12-27 16:08:32,244 INFO Order complete remaining time:10
2017-12-27 16:08:42,799 INFO Cancel a placed order...
2017-12-27 16:08:42,909 INFO Bought?:False
2017-12-27 16:09:12,939 INFO Executing buy order ...... 
2017-12-27 16:09:13,225 INFO MACD: short ema:$264.499930426, long ema:$264.2428601
2017-12-27 16:09:13,488 INFO Placed a buy order.
2017-12-27 16:09:13,605 INFO Order complete remaining time:30
2017-12-27 16:09:24,241 INFO Order complete remaining time:20
2017-12-27 16:09:35,474 INFO Order complete remaining time:10
2017-12-27 16:09:46,037 INFO Cancel a placed order...
2017-12-27 16:09:46,199 INFO Bought?:False
2017-12-27 16:10:16,222 INFO Executing buy order ...... 
2017-12-27 16:10:16,525 INFO MACD: short ema:$264.558402668, long ema:$264.290055725
2017-12-27 16:10:16,814 INFO Placed a buy order.
2017-12-27 16:10:16,970 INFO Order complete remaining time:30
2017-12-27 16:10:27,614 INFO Order complete remaining time:20
2017-12-27 16:10:39,544 INFO Order complete remaining time:10
2017-12-27 16:10:50,030 INFO Cancel a placed order...
2017-12-27 16:10:50,154 INFO Bought?:False
2017-12-27 16:11:20,159 INFO Executing buy order ...... 
2017-12-27 16:11:20,444 INFO MACD: short ema:$264.893221391, long ema:$264.497445199
2017-12-27 16:11:20,711 INFO Placed a buy order.
2017-12-27 16:11:20,833 INFO Order complete remaining time:30
2017-12-27 16:11:31,489 INFO Order complete remaining time:20
2017-12-27 16:11:42,101 INFO Order complete remaining time:10
2017-12-27 16:11:53,873 INFO Cancel a placed order...
2017-12-27 16:11:54,005 INFO Bought?:False
2017-12-27 16:12:24,035 INFO Executing buy order ...... 
2017-12-27 16:12:24,306 INFO MACD: short ema:$264.920913699, long ema:$264.510778535
2017-12-27 16:12:24,547 INFO Placed a buy order.
2017-12-27 16:12:24,675 INFO Order complete remaining time:30
2017-12-27 16:12:35,345 INFO Order complete remaining time:20
2017-12-27 16:12:46,006 INFO Order complete remaining time:10
2017-12-27 16:12:56,565 INFO Cancel a placed order...
2017-12-27 16:12:56,693 INFO Bought?:False
2017-12-27 16:13:26,724 INFO Executing buy order ...... 
2017-12-27 16:13:27,002 INFO MACD: short ema:$265.068465438, long ema:$264.612202441
2017-12-27 16:13:27,280 INFO Placed a buy order.
2017-12-27 16:13:27,401 INFO Order complete remaining time:30
2017-12-27 16:13:38,849 INFO Order complete remaining time:20
2017-12-27 16:13:49,497 INFO Order complete remaining time:10
2017-12-27 16:14:00,049 INFO Cancel a placed order...
2017-12-27 16:14:00,190 INFO Bought?:False
2017-12-27 16:14:30,221 INFO Executing buy order ...... 
2017-12-27 16:14:30,482 INFO MACD: short ema:$265.205861287, long ema:$264.712094263
2017-12-27 16:14:30,745 INFO Placed a buy order.
2017-12-27 16:14:30,858 INFO Order complete remaining time:30
2017-12-27 16:14:41,525 INFO Order complete remaining time:20
2017-12-27 16:14:52,175 INFO Order complete remaining time:10
2017-12-27 16:15:02,726 INFO Cancel a placed order...
2017-12-27 16:15:02,856 INFO Bought?:False
2017-12-27 16:15:32,886 INFO Executing buy order ...... 
2017-12-27 16:15:33,138 INFO MACD: short ema:$265.409066821, long ema:$264.884144417
2017-12-27 16:15:33,407 INFO Placed a buy order.
2017-12-27 16:15:33,527 INFO Order complete remaining time:30
2017-12-27 16:15:44,189 INFO Order complete remaining time:20
2017-12-27 16:15:54,802 INFO Order complete remaining time:10
2017-12-27 16:16:05,385 INFO Cancel a placed order...
2017-12-27 16:16:05,533 INFO Bought?:False
2017-12-27 16:16:35,564 INFO Executing buy order ...... 
2017-12-27 16:16:35,817 INFO MACD: short ema:$265.507790268, long ema:$264.970915725
2017-12-27 16:16:36,243 INFO Placed a buy order.
2017-12-27 16:16:36,362 INFO Order complete remaining time:30
2017-12-27 16:16:47,016 INFO Order complete remaining time:20
2017-12-27 16:16:57,645 INFO Order complete remaining time:10
2017-12-27 16:17:09,181 INFO Cancel a placed order...
2017-12-27 16:17:09,303 INFO Bought?:False
2017-12-27 16:17:39,334 INFO Executing buy order ...... 
2017-12-27 16:17:39,617 INFO MACD: short ema:$265.506251807, long ema:$264.970174984
2017-12-27 16:17:39,868 INFO Placed a buy order.
2017-12-27 16:17:40,028 INFO Order complete remaining time:30
2017-12-27 16:17:51,010 INFO Order complete remaining time:20
2017-12-27 16:18:02,045 INFO Order complete remaining time:10
2017-12-27 16:18:12,574 INFO Cancel a placed order...
2017-12-27 16:18:12,707 INFO Bought?:False
2017-12-27 16:18:42,737 INFO Executing buy order ...... 
2017-12-27 16:18:43,014 INFO MACD: short ema:$265.582213067, long ema:$265.046458428
2017-12-27 16:18:43,273 INFO Placed a buy order.
2017-12-27 16:18:43,412 INFO Order complete remaining time:30
2017-12-27 16:18:54,024 INFO Order complete remaining time:20
2017-12-27 16:19:04,678 INFO Order complete remaining time:10
2017-12-27 16:19:15,174 INFO Cancel a placed order...
2017-12-27 16:19:15,297 INFO Bought?:False
2017-12-27 16:19:45,327 INFO Executing buy order ...... 
2017-12-27 16:19:45,590 INFO MACD: short ema:$265.696932706, long ema:$265.180430322
2017-12-27 16:19:45,856 INFO Placed a buy order.
2017-12-27 16:19:46,012 INFO Order complete remaining time:30
2017-12-27 16:19:48,137 INFO Completed order at:28s
2017-12-27 16:19:48,138 INFO Bought?:True
2017-12-27 16:19:48,138 INFO Bought order:{u'status': u'pending', u'created_at': u'2017-12-28T00:19:46.679604Z', u'post_only': True, u'product_id': u'LTC-USD', u'fill_fees': u'0.0000000000000000', u'settled': False, u'price': u'265.50000000', u'executed_value': u'0.0000000000000000', u'id': u'154a2e09-8c62-48ea-ab2d-ed46163831b9', u'time_in_force': u'GTC', u'stp': u'dc', u'filled_size': u'0.00000000', u'type': u'limit', u'side': u'buy', u'size': u'0.01000000'}
2017-12-27 16:20:18,168 INFO Executing sell order ...... 
2017-12-27 16:20:18,594 INFO MACD: short ema:$265.696932706, long ema:$265.180430322
2017-12-27 16:20:18,594 INFO Sold?:False
2017-12-27 16:20:48,625 INFO Executing sell order ...... 
2017-12-27 16:20:49,023 INFO MACD: short ema:$265.550422349, long ema:$265.144129673
2017-12-27 16:20:49,023 INFO Sold?:False
2017-12-27 16:21:19,043 INFO Executing sell order ...... 
2017-12-27 16:21:19,396 INFO MACD: short ema:$265.514972757, long ema:$265.157157211
2017-12-27 16:21:19,396 INFO Sold?:False
2017-12-27 16:21:49,427 INFO Executing sell order ...... 
2017-12-27 16:21:49,843 INFO MACD: short ema:$265.514972757, long ema:$265.157157211
2017-12-27 16:21:49,843 INFO Sold?:False
2017-12-27 16:22:19,873 INFO Executing sell order ...... 
2017-12-27 16:22:20,243 INFO MACD: short ema:$265.519588141, long ema:$265.159379434
2017-12-27 16:22:20,244 INFO Sold?:False
2017-12-27 16:22:50,274 INFO Executing sell order ...... 
2017-12-27 16:22:50,732 INFO MACD: short ema:$265.519588141, long ema:$265.159379434
2017-12-27 16:22:50,732 INFO Sold?:False
2017-12-27 16:23:20,735 INFO Executing sell order ...... 
2017-12-27 16:23:21,101 INFO MACD: short ema:$265.518113043, long ema:$265.185351437
2017-12-27 16:23:21,101 INFO Sold?:False
2017-12-27 16:23:51,132 INFO Executing sell order ...... 
2017-12-27 16:23:51,490 INFO MACD: short ema:$265.527042397, long ema:$265.214831687
2017-12-27 16:23:51,490 INFO Sold?:False
2017-12-27 16:24:21,499 INFO Executing sell order ...... 
2017-12-27 16:24:21,902 INFO MACD: short ema:$265.527042397, long ema:$265.214831687
2017-12-27 16:24:21,902 INFO Sold?:False
2017-12-27 16:24:51,933 INFO Executing sell order ...... 
2017-12-27 16:24:52,332 INFO MACD: short ema:$265.561343567, long ema:$265.254473897
2017-12-27 16:24:52,332 INFO Sold?:False
2017-12-27 16:25:22,335 INFO Executing sell order ...... 
2017-12-27 16:25:22,756 INFO MACD: short ema:$265.561343567, long ema:$265.254473897
2017-12-27 16:25:22,756 INFO Sold?:False
2017-12-27 16:25:52,787 INFO Executing sell order ...... 
2017-12-27 16:25:53,158 INFO MACD: short ema:$265.59320787, long ema:$265.29260624
2017-12-27 16:25:53,159 INFO Sold?:False
2017-12-27 16:26:23,189 INFO Executing sell order ...... 
2017-12-27 16:26:23,597 INFO MACD: short ema:$265.505732103, long ema:$265.270273344
2017-12-27 16:26:23,597 INFO Sold?:False
2017-12-27 16:26:53,607 INFO Executing sell order ...... 
2017-12-27 16:26:54,004 INFO MACD: short ema:$265.505732103, long ema:$265.270273344
2017-12-27 16:26:54,004 INFO Sold?:False
2017-12-27 16:27:24,034 INFO Executing sell order ...... 
2017-12-27 16:27:24,386 INFO MACD: short ema:$265.447270565, long ema:$265.24212519
2017-12-27 16:27:24,386 INFO Sold?:False
2017-12-27 16:27:54,387 INFO Executing sell order ...... 
2017-12-27 16:27:54,793 INFO MACD: short ema:$265.447270565, long ema:$265.24212519
2017-12-27 16:27:54,793 INFO Sold?:False
2017-12-27 16:28:24,824 INFO Executing sell order ...... 
2017-12-27 16:28:25,217 INFO MACD: short ema:$265.301536632, long ema:$265.187153007
2017-12-27 16:28:25,217 INFO Sold?:False
2017-12-27 16:28:55,247 INFO Executing sell order ...... 
2017-12-27 16:28:55,632 INFO MACD: short ema:$265.165678925, long ema:$265.130272036
2017-12-27 16:28:55,633 INFO Sold?:False
2017-12-27 16:29:25,663 INFO Executing sell order ...... 
2017-12-27 16:29:26,105 INFO MACD: short ema:$265.165678925, long ema:$265.130272036
2017-12-27 16:29:26,106 INFO Sold?:False
2017-12-27 16:29:56,136 INFO Executing sell order ...... 
2017-12-27 16:29:56,610 INFO MACD: short ema:$265.01095909, long ema:$265.058400071
2017-12-27 16:29:56,860 INFO Placed a sell order.
2017-12-27 16:29:57,052 INFO Order complete remaining time:30
2017-12-27 16:30:07,693 INFO Order complete remaining time:20
2017-12-27 16:30:18,365 INFO Order complete remaining time:10
2017-12-27 16:30:28,903 INFO Not sell sell order. Consider resell.
2017-12-27 16:30:29,149 INFO Cancel a placed order...
2017-12-27 16:30:29,287 INFO Sold?:False
2017-12-27 16:30:59,317 INFO Executing sell order ...... 
2017-12-27 16:30:59,726 INFO MACD: short ema:$264.858267159, long ema:$264.98142671
2017-12-27 16:31:00,022 INFO Placed a sell order.
2017-12-27 16:31:00,138 INFO Order complete remaining time:30
2017-12-27 16:31:10,781 INFO Order complete remaining time:20
2017-12-27 16:31:21,694 INFO Order complete remaining time:10
2017-12-27 16:31:32,244 INFO Not sell sell order. Consider resell.
2017-12-27 16:31:32,498 INFO Cancel a placed order...
2017-12-27 16:31:32,650 INFO Sold?:False
2017-12-27 16:32:02,680 INFO Executing sell order ...... 
2017-12-27 16:32:03,115 INFO MACD: short ema:$264.623504164, long ema:$264.858028882
2017-12-27 16:32:03,390 INFO Placed a sell order.
2017-12-27 16:32:04,195 INFO Order complete remaining time:30
2017-12-27 16:32:14,881 INFO Order complete remaining time:20
2017-12-27 16:32:25,489 INFO Order complete remaining time:10
2017-12-27 16:32:36,008 INFO Not sell sell order. Consider resell.
2017-12-27 16:32:36,272 INFO Cancel a placed order...
2017-12-27 16:32:36,391 INFO Sold?:False
2017-12-27 16:33:06,422 INFO Executing sell order ...... 
2017-12-27 16:33:06,832 INFO MACD: short ema:$264.335509441, long ema:$264.699628956
2017-12-27 16:33:07,179 INFO Placed a sell order.
2017-12-27 16:33:07,324 INFO Order complete remaining time:30
2017-12-27 16:33:20,478 INFO Order complete remaining time:20
2017-12-27 16:33:31,127 INFO Order complete remaining time:10
2017-12-27 16:33:41,618 INFO Not sell sell order. Consider resell.
2017-12-27 16:33:41,875 INFO Cancel a placed order...
2017-12-27 16:33:41,999 INFO Sold?:False
2017-12-27 16:34:12,030 INFO Executing sell order ...... 
2017-12-27 16:34:12,428 INFO MACD: short ema:$264.143892604, long ema:$264.580397204
2017-12-27 16:34:12,704 INFO Placed a sell order.
2017-12-27 16:34:12,814 INFO Order complete remaining time:30
2017-12-27 16:34:23,435 INFO Order complete remaining time:20
2017-12-27 16:34:34,178 INFO Order complete remaining time:10
2017-12-27 16:34:44,776 INFO Not sell sell order. Consider resell.
2017-12-27 16:34:45,022 INFO Cancel a placed order...
2017-12-27 16:34:45,139 INFO Sold?:False
2017-12-27 16:35:15,167 INFO Executing sell order ...... 
2017-12-27 16:35:15,550 INFO MACD: short ema:$263.983293742, long ema:$264.470738175
2017-12-27 16:35:15,786 INFO Placed a sell order.
2017-12-27 16:35:15,985 INFO Order complete remaining time:30
2017-12-27 16:35:26,638 INFO Order complete remaining time:20
2017-12-27 16:35:37,273 INFO Order complete remaining time:10
2017-12-27 16:35:47,783 INFO Not sell sell order. Consider resell.
2017-12-27 16:35:48,028 INFO Cancel a placed order...
2017-12-27 16:35:48,159 INFO Sold?:False
2017-12-27 16:36:18,183 INFO Executing sell order ...... 
2017-12-27 16:36:18,582 INFO MACD: short ema:$263.730878951, long ema:$264.274446347
2017-12-27 16:36:18,846 INFO Placed a sell order.
2017-12-27 16:36:18,964 INFO Order complete remaining time:30
2017-12-27 16:36:29,637 INFO Order complete remaining time:20
2017-12-27 16:36:40,295 INFO Order complete remaining time:10
2017-12-27 16:36:50,830 INFO Not sell sell order. Consider resell.
2017-12-27 16:36:51,062 INFO Cancel a placed order...
2017-12-27 16:36:51,191 INFO Sold?:False
2017-12-27 16:37:21,222 INFO Executing sell order ...... 
2017-12-27 16:37:21,626 INFO MACD: short ema:$263.633583965, long ema:$264.187395469
2017-12-27 16:37:21,886 INFO Placed a sell order.
2017-12-27 16:37:22,026 INFO Order complete remaining time:30
2017-12-27 16:37:32,663 INFO Order complete remaining time:20
2017-12-27 16:37:43,309 INFO Order complete remaining time:10
2017-12-27 16:37:53,978 INFO Not sell sell order. Consider resell.
2017-12-27 16:37:54,245 INFO Cancel a placed order...
2017-12-27 16:37:54,382 INFO Sold?:False
2017-12-27 16:38:24,399 INFO Executing sell order ...... 
2017-12-27 16:38:24,759 INFO MACD: short ema:$263.635122426, long ema:$264.18813621
2017-12-27 16:38:25,038 INFO Placed a sell order.
2017-12-27 16:38:25,158 INFO Order complete remaining time:30
2017-12-27 16:38:35,786 INFO Order complete remaining time:20
2017-12-27 16:38:46,481 INFO Order complete remaining time:10
2017-12-27 16:38:54,993 INFO Completed order at:2s
2017-12-27 16:38:54,994 INFO Sold?:True
2017-12-27 16:38:54,994 INFO Sold order:{u'status': u'pending', u'created_at': u'2017-12-28T00:38:25.033219Z', u'post_only': True, u'product_id': u'LTC-USD', u'fill_fees': u'0.0000000000000000', u'settled': False, u'price': u'263.43000000', u'executed_value': u'0.0000000000000000', u'id': u'68587362-ca64-4a8c-8f2d-5db0cbd5ff32', u'time_in_force': u'GTC', u'stp': u'dc', u'filled_size': u'0.00000000', u'type': u'limit', u'side': u'sell', u'size': u'0.01000000'}
2017-12-27 16:38:54,994 INFO Start trading loop......
2017-12-27 16:38:54,995 INFO Doing initial check......
2017-12-27 16:38:55,611 INFO Current Acct info: {u'LTC-USD': {'currency_type': 'coin', 'price': 263.49, 'size': 0.03}, u'USD-USD': {'currency_type': 'USD', 'price': 1, 'size': 492.652904}}
2017-12-27 16:38:55,611 INFO Current total value: 500.557604
2017-12-27 16:38:55,612 INFO Cleanning all orders......
2017-12-27 16:39:25,768 INFO Executing buy order ...... 
2017-12-27 16:39:26,075 INFO MACD: short ema:$263.636701224, long ema:$264.149646046
2017-12-27 16:39:26,075 INFO Bought?:False
2017-12-27 16:39:56,079 INFO Executing buy order ...... 
2017-12-27 16:39:56,369 INFO MACD: short ema:$263.659930622, long ema:$264.123307416
2017-12-27 16:39:56,370 INFO Bought?:False
2017-12-27 16:40:26,400 INFO Executing buy order ...... 
2017-12-27 16:40:26,698 INFO MACD: short ema:$263.659930622, long ema:$264.123307416
2017-12-27 16:40:26,698 INFO Bought?:False
2017-12-27 16:40:56,711 INFO Executing buy order ...... 
2017-12-27 16:40:57,027 INFO MACD: short ema:$263.733195733, long ema:$264.125559032
2017-12-27 16:40:57,027 INFO Bought?:False
2017-12-27 16:41:27,057 INFO Executing buy order ...... 
2017-12-27 16:41:27,303 INFO MACD: short ema:$263.638739585, long ema:$264.048357145
2017-12-27 16:41:27,303 INFO Bought?:False
2017-12-27 16:41:57,331 INFO Executing buy order ...... 
2017-12-27 16:41:57,599 INFO MACD: short ema:$263.638739585, long ema:$264.048357145
2017-12-27 16:41:57,599 INFO Bought?:False
2017-12-27 16:42:27,599 INFO Executing buy order ...... 
2017-12-27 16:42:27,848 INFO MACD: short ema:$263.660278047, long ema:$264.058727518
2017-12-27 16:42:27,849 INFO Bought?:False
2017-12-27 16:42:57,851 INFO Executing buy order ...... 
2017-12-27 16:42:58,146 INFO MACD: short ema:$263.637158347, long ema:$264.018081058
2017-12-27 16:42:58,147 INFO Bought?:False
2017-12-27 16:43:28,177 INFO Executing buy order ...... 
2017-12-27 16:43:28,479 INFO MACD: short ema:$263.637158347, long ema:$264.018081058
2017-12-27 16:43:28,480 INFO Bought?:False
2017-12-27 16:43:58,499 INFO Executing buy order ...... 
2017-12-27 16:43:58,772 INFO MACD: short ema:$263.607299666, long ema:$263.975369967
2017-12-27 16:43:58,773 INFO Bought?:False
2017-12-27 16:44:28,803 INFO Executing buy order ...... 
2017-12-27 16:44:29,074 INFO MACD: short ema:$263.607299666, long ema:$263.975369967
2017-12-27 16:44:29,074 INFO Bought?:False
2017-12-27 16:44:59,079 INFO Executing buy order ...... 
2017-12-27 16:44:59,356 INFO MACD: short ema:$263.630792025, long ema:$263.959416631
2017-12-27 16:44:59,356 INFO Bought?:False
2017-12-27 16:45:29,387 INFO Executing buy order ...... 
2017-12-27 16:45:29,683 INFO MACD: short ema:$263.579427572, long ema:$263.909693051
2017-12-27 16:45:29,684 INFO Bought?:False
2017-12-27 16:45:59,714 INFO Executing buy order ...... 
2017-12-27 16:46:00,015 INFO MACD: short ema:$263.579427572, long ema:$263.909693051
2017-12-27 16:46:00,015 INFO Bought?:False
2017-12-27 16:46:30,035 INFO Executing buy order ...... 
2017-12-27 16:46:30,287 INFO MACD: short ema:$263.52034404, long ema:$263.855422231
2017-12-27 16:46:30,287 INFO Bought?:False
2017-12-27 16:47:00,317 INFO Executing buy order ...... 
2017-12-27 16:47:00,573 INFO MACD: short ema:$263.52034404, long ema:$263.855422231
2017-12-27 16:47:00,574 INFO Bought?:False
2017-12-27 16:47:30,604 INFO Executing buy order ...... 
2017-12-27 16:47:30,857 INFO MACD: short ema:$263.417924247, long ema:$263.779574753
2017-12-27 16:47:30,857 INFO Bought?:False
