2017-12-27 11:32:52,912 INFO 
2017-12-27 11:32:52,912 INFO ---------------New trade---------------
2017-12-27 11:32:53,649 INFO Trade Option:2
2017-12-27 11:32:53,650 INFO Initial Account Summary:{u'LTC-USD': {'currency_type': 'coin', 'price': 265.92, 'size': 0.02}, u'USD-USD': {'currency_type': 'USD', 'price': 1, 'size': 495.314004}}
2017-12-27 11:32:53,650 INFO ########## Trade ##########
2017-12-27 11:32:53,904 INFO MACD: short ema:$265.900017526, long ema:$265.179505815
2017-12-27 11:32:53,904 INFO Waiting price<ema to start trading cycle.
2017-12-27 11:33:54,220 INFO MACD: short ema:$265.838479064, long ema:$265.149876179
2017-12-27 11:33:54,220 INFO Waiting price<ema to start trading cycle.
2017-12-27 11:34:55,267 INFO MACD: short ema:$265.500017526, long ema:$264.986913183
2017-12-27 11:34:55,268 INFO Waiting price<ema to start trading cycle.
2017-12-27 11:35:55,520 INFO MACD: short ema:$264.934334356, long ema:$264.74782742
2017-12-27 11:35:55,520 INFO Waiting price<ema to start trading cycle.
2017-12-27 11:36:55,821 INFO MACD: short ema:$265.071257433, long ema:$264.813753359
2017-12-27 11:36:55,821 INFO Waiting price<ema to start trading cycle.
2017-12-27 11:37:56,120 INFO MACD: short ema:$265.198949741, long ema:$264.875234854
2017-12-27 11:37:56,121 INFO Waiting price<ema to start trading cycle.
2017-12-27 11:38:56,380 INFO MACD: short ema:$265.271257433, long ema:$264.910049676
2017-12-27 11:38:56,381 INFO Waiting price<ema to start trading cycle.
2017-12-27 11:39:56,628 INFO MACD: short ema:$265.272795895, long ema:$264.910790417
2017-12-27 11:39:56,628 INFO Waiting price<ema to start trading cycle.
2017-12-27 11:40:56,919 INFO MACD: short ema:$265.181833213, long ema:$264.893749456
2017-12-27 11:40:56,919 INFO Waiting price<ema to start trading cycle.
2017-12-27 11:41:57,177 INFO MACD: short ema:$265.120294751, long ema:$264.86411982
2017-12-27 11:41:57,177 INFO Waiting price<ema to start trading cycle.
2017-12-27 11:42:57,542 INFO MACD: short ema:$265.177217828, long ema:$264.891527233
2017-12-27 11:42:57,542 INFO Waiting price<ema to start trading cycle.
2017-12-27 11:43:57,802 INFO MACD: short ema:$265.112602443, long ema:$264.860416116
2017-12-27 11:43:57,803 INFO Waiting price<ema to start trading cycle.
2017-12-27 11:44:58,084 INFO MACD: short ema:$265.054140905, long ema:$264.832267962
2017-12-27 11:44:58,084 INFO Waiting price<ema to start trading cycle.
2017-12-27 11:45:58,345 INFO MACD: short ema:$264.727705026, long ema:$264.688752648
2017-12-27 11:45:58,345 INFO Waiting price<ema to start trading cycle.
2017-12-27 11:46:58,696 INFO MACD: short ema:$264.676935795, long ema:$264.664308198
2017-12-27 11:46:58,696 INFO Waiting price<ema to start trading cycle.
2017-12-27 11:47:58,946 INFO MACD: short ema:$264.666166565, long ema:$264.659123012
2017-12-27 11:47:58,947 INFO Waiting price<ema to start trading cycle.
2017-12-27 11:48:59,237 INFO MACD: short ema:$264.726166565, long ema:$264.688011907
2017-12-27 11:48:59,238 INFO Waiting price<ema to start trading cycle.
2017-12-27 11:49:59,551 INFO MACD: short ema:$264.735397334, long ema:$264.692456352
2017-12-27 11:49:59,551 INFO Waiting price<ema to start trading cycle.
2017-12-27 11:50:59,822 INFO MACD: short ema:$264.418945673, long ema:$264.541025845
2017-12-27 11:50:59,823 INFO Start trading loop......
2017-12-27 11:50:59,823 INFO Doing initial check......
2017-12-27 11:51:00,474 INFO Current Acct info: {u'LTC-USD': {'currency_type': 'coin', 'price': 263.01, 'size': 0.02}, u'USD-USD': {'currency_type': 'USD', 'price': 1, 'size': 495.314004}}
2017-12-27 11:51:00,475 INFO Current total value: 500.574204
2017-12-27 11:51:00,475 INFO Cleanning all orders......
2017-12-27 11:51:30,630 INFO Executing buy order ...... 
2017-12-27 11:51:30,871 INFO MACD: short ema:$264.420484134, long ema:$264.541766586
2017-12-27 11:51:30,872 INFO Bought?:False
2017-12-27 11:52:00,902 INFO Executing buy order ...... 
2017-12-27 11:52:01,171 INFO MACD: short ema:$264.420484134, long ema:$264.541766586
2017-12-27 11:52:01,171 INFO Bought?:False
2017-12-27 11:52:31,201 INFO Executing buy order ...... 
2017-12-27 11:52:31,460 INFO MACD: short ema:$264.418945673, long ema:$264.541025845
2017-12-27 11:52:31,460 INFO Bought?:False
2017-12-27 11:53:01,483 INFO Executing buy order ...... 
2017-12-27 11:53:01,737 INFO MACD: short ema:$263.988176442, long ema:$264.333618395
2017-12-27 11:53:01,737 INFO Bought?:False
2017-12-27 11:53:31,753 INFO Executing buy order ...... 
2017-12-27 11:53:32,006 INFO MACD: short ema:$263.988176442, long ema:$264.333618395
2017-12-27 11:53:32,006 INFO Bought?:False
2017-12-27 11:54:02,036 INFO Executing buy order ...... 
2017-12-27 11:54:02,315 INFO MACD: short ema:$264.008176442, long ema:$264.343248026
2017-12-27 11:54:02,315 INFO Bought?:False
2017-12-27 11:54:32,340 INFO Executing buy order ...... 
2017-12-27 11:54:32,706 INFO MACD: short ema:$264.008176442, long ema:$264.343248026
2017-12-27 11:54:32,707 INFO Bought?:False
2017-12-27 11:55:02,737 INFO Executing buy order ...... 
2017-12-27 11:55:02,998 INFO MACD: short ema:$264.065099519, long ema:$264.370655439
2017-12-27 11:55:02,998 INFO Bought?:False
2017-12-27 11:55:33,015 INFO Executing buy order ...... 
2017-12-27 11:55:33,253 INFO MACD: short ema:$263.57662267, long ema:$264.112060641
2017-12-27 11:55:33,254 INFO Bought?:False
2017-12-27 11:56:03,267 INFO Executing buy order ...... 
2017-12-27 11:56:03,546 INFO MACD: short ema:$263.57662267, long ema:$264.112060641
2017-12-27 11:56:03,546 INFO Bought?:False
2017-12-27 11:56:33,563 INFO Executing buy order ...... 
2017-12-27 11:56:33,812 INFO MACD: short ema:$263.687391901, long ema:$264.165393985
2017-12-27 11:56:33,812 INFO Bought?:False
2017-12-27 11:57:03,843 INFO Executing buy order ...... 
2017-12-27 11:57:04,117 INFO MACD: short ema:$263.687391901, long ema:$264.165393985
2017-12-27 11:57:04,117 INFO Bought?:False
2017-12-27 11:57:34,148 INFO Executing buy order ...... 
2017-12-27 11:57:34,384 INFO MACD: short ema:$263.690468824, long ema:$264.166875467
2017-12-27 11:57:34,384 INFO Bought?:False
2017-12-27 11:58:04,396 INFO Executing buy order ...... 
2017-12-27 11:58:04,653 INFO MACD: short ema:$263.655084208, long ema:$264.149838426
2017-12-27 11:58:04,654 INFO Bought?:False
2017-12-27 11:58:34,684 INFO Executing buy order ...... 
2017-12-27 11:58:34,927 INFO MACD: short ema:$263.655084208, long ema:$264.149838426
2017-12-27 11:58:34,927 INFO Bought?:False
2017-12-27 11:59:04,957 INFO Executing buy order ...... 
2017-12-27 11:59:05,196 INFO MACD: short ema:$263.653545747, long ema:$264.149097685
2017-12-27 11:59:05,197 INFO Bought?:False
2017-12-27 11:59:35,227 INFO Executing buy order ...... 
2017-12-27 11:59:35,500 INFO MACD: short ema:$263.598161132, long ema:$264.122431013
2017-12-27 11:59:35,500 INFO Bought?:False
2017-12-27 12:00:05,531 INFO Executing buy order ...... 
2017-12-27 12:00:05,771 INFO MACD: short ema:$263.598161132, long ema:$264.122431013
2017-12-27 12:00:05,771 INFO Bought?:False
2017-12-27 12:00:35,802 INFO Executing buy order ...... 
2017-12-27 12:00:36,038 INFO MACD: short ema:$263.235722141, long ema:$263.90938371
2017-12-27 12:00:36,038 INFO Bought?:False
2017-12-27 12:01:06,067 INFO Executing buy order ...... 
2017-12-27 12:01:06,451 INFO MACD: short ema:$263.235722141, long ema:$263.90938371
2017-12-27 12:01:06,452 INFO Bought?:False
2017-12-27 12:01:36,452 INFO Executing buy order ...... 
2017-12-27 12:01:36,722 INFO MACD: short ema:$263.492645218, long ema:$264.033087439
2017-12-27 12:01:36,722 INFO Bought?:False
2017-12-27 12:02:06,746 INFO Executing buy order ...... 
2017-12-27 12:02:06,977 INFO MACD: short ema:$263.466491372, long ema:$264.020494844
2017-12-27 12:02:06,977 INFO Bought?:False
2017-12-27 12:02:36,995 INFO Executing buy order ...... 
2017-12-27 12:02:37,239 INFO MACD: short ema:$263.466491372, long ema:$264.020494844
2017-12-27 12:02:37,239 INFO Bought?:False
2017-12-27 12:03:07,268 INFO Executing buy order ...... 
2017-12-27 12:03:07,507 INFO MACD: short ema:$263.483414449, long ema:$264.028642994
2017-12-27 12:03:07,507 INFO Bought?:False
2017-12-27 12:03:37,537 INFO Executing buy order ...... 
2017-12-27 12:03:37,805 INFO MACD: short ema:$263.483414449, long ema:$264.028642994
2017-12-27 12:03:37,806 INFO Bought?:False
2017-12-27 12:04:07,827 INFO Executing buy order ...... 
2017-12-27 12:04:08,154 INFO MACD: short ema:$263.568029833, long ema:$264.069383743
2017-12-27 12:04:08,154 INFO Bought?:False
2017-12-27 12:04:38,184 INFO Executing buy order ...... 
2017-12-27 12:04:38,444 INFO MACD: short ema:$263.568029833, long ema:$264.069383743
2017-12-27 12:04:38,444 INFO Bought?:False
2017-12-27 12:05:08,474 INFO Executing buy order ...... 
2017-12-27 12:05:08,712 INFO MACD: short ema:$263.568029833, long ema:$264.069383743
2017-12-27 12:05:08,712 INFO Bought?:False
2017-12-27 12:05:38,742 INFO Executing buy order ...... 
2017-12-27 12:05:39,082 INFO MACD: short ema:$263.405847729, long ema:$263.95209031
2017-12-27 12:05:39,083 INFO Bought?:False
2017-12-27 12:06:09,111 INFO Executing buy order ...... 
2017-12-27 12:06:09,376 INFO MACD: short ema:$263.405847729, long ema:$263.95209031
2017-12-27 12:06:09,376 INFO Bought?:False
2017-12-27 12:06:39,399 INFO Executing buy order ...... 
2017-12-27 12:06:39,645 INFO MACD: short ema:$263.405847729, long ema:$263.95209031
2017-12-27 12:06:39,646 INFO Bought?:False
2017-12-27 12:07:09,676 INFO Executing buy order ...... 
2017-12-27 12:07:09,945 INFO MACD: short ema:$263.330463113, long ema:$263.915794006
2017-12-27 12:07:09,945 INFO Bought?:False
2017-12-27 12:07:39,976 INFO Executing buy order ...... 
2017-12-27 12:07:40,242 INFO MACD: short ema:$263.330463113, long ema:$263.915794006
2017-12-27 12:07:40,242 INFO Bought?:False
2017-12-27 12:08:10,271 INFO Executing buy order ...... 
2017-12-27 12:08:10,646 INFO MACD: short ema:$263.205847729, long ema:$263.855793994
2017-12-27 12:08:10,646 INFO Bought?:False
2017-12-27 12:08:40,677 INFO Executing buy order ...... 
2017-12-27 12:08:40,925 INFO MACD: short ema:$263.205847729, long ema:$263.855793994
2017-12-27 12:08:40,925 INFO Bought?:False
2017-12-27 12:09:10,956 INFO Executing buy order ...... 
2017-12-27 12:09:11,221 INFO MACD: short ema:$263.179693883, long ema:$263.843201399
2017-12-27 12:09:11,221 INFO Bought?:False
2017-12-27 12:09:41,251 INFO Executing buy order ...... 
2017-12-27 12:09:41,514 INFO MACD: short ema:$263.179693883, long ema:$263.843201399
2017-12-27 12:09:41,514 INFO Bought?:False
2017-12-27 12:10:11,539 INFO Executing buy order ...... 
2017-12-27 12:10:11,794 INFO MACD: short ema:$263.179693883, long ema:$263.843201399
2017-12-27 12:10:11,795 INFO Bought?:False
2017-12-27 12:10:41,825 INFO Executing buy order ...... 
2017-12-27 12:10:42,082 INFO MACD: short ema:$263.01725577, long ema:$263.719150546
2017-12-27 12:10:42,082 INFO Bought?:False
2017-12-27 12:11:12,113 INFO Executing buy order ...... 
2017-12-27 12:11:12,378 INFO MACD: short ema:$263.01725577, long ema:$263.719150546
2017-12-27 12:11:12,378 INFO Bought?:False
2017-12-27 12:11:42,387 INFO Executing buy order ...... 
2017-12-27 12:11:42,640 INFO MACD: short ema:$263.01725577, long ema:$263.719150546
2017-12-27 12:11:42,640 INFO Bought?:False
2017-12-27 12:12:12,670 INFO Executing buy order ...... 
2017-12-27 12:12:12,926 INFO MACD: short ema:$262.85725577, long ema:$263.642113493
2017-12-27 12:12:12,926 INFO Bought?:False
2017-12-27 12:12:42,956 INFO Executing buy order ...... 
2017-12-27 12:12:43,233 INFO MACD: short ema:$262.85725577, long ema:$263.642113493
2017-12-27 12:12:43,233 INFO Bought?:False
2017-12-27 12:13:13,263 INFO Executing buy order ...... 
2017-12-27 12:13:13,516 INFO MACD: short ema:$262.878794232, long ema:$263.652483865
2017-12-27 12:13:13,516 INFO Bought?:False
2017-12-27 12:13:43,531 INFO Executing buy order ...... 
2017-12-27 12:13:43,776 INFO MACD: short ema:$262.878794232, long ema:$263.652483865
2017-12-27 12:13:43,777 INFO Bought?:False
2017-12-27 12:14:13,797 INFO Executing buy order ...... 
2017-12-27 12:14:14,049 INFO MACD: short ema:$262.871101924, long ema:$263.648780161
2017-12-27 12:14:14,049 INFO Bought?:False
2017-12-27 12:14:44,079 INFO Executing buy order ...... 
2017-12-27 12:14:44,322 INFO MACD: short ema:$262.872640386, long ema:$263.649520902
2017-12-27 12:14:44,323 INFO Bought?:False
2017-12-27 12:15:14,353 INFO Executing buy order ...... 
2017-12-27 12:15:14,624 INFO MACD: short ema:$262.872640386, long ema:$263.649520902
2017-12-27 12:15:14,624 INFO Bought?:False
2017-12-27 12:15:44,655 INFO Executing buy order ...... 
2017-12-27 12:15:44,914 INFO MACD: short ema:$262.510695711, long ema:$263.417704248
2017-12-27 12:15:44,915 INFO Bought?:False
2017-12-27 12:16:14,945 INFO Executing buy order ...... 
2017-12-27 12:16:15,196 INFO MACD: short ema:$262.510695711, long ema:$263.417704248
2017-12-27 12:16:15,197 INFO Bought?:False
2017-12-27 12:16:45,214 INFO Executing buy order ...... 
2017-12-27 12:16:45,443 INFO MACD: short ema:$262.450695711, long ema:$263.388815353
2017-12-27 12:16:45,444 INFO Bought?:False
2017-12-27 12:17:15,474 INFO Executing buy order ...... 
2017-12-27 12:17:15,734 INFO MACD: short ema:$262.507618788, long ema:$263.416222766
2017-12-27 12:17:15,734 INFO Bought?:False
2017-12-27 12:17:45,765 INFO Executing buy order ...... 
2017-12-27 12:17:46,004 INFO MACD: short ema:$262.507618788, long ema:$263.416222766
2017-12-27 12:17:46,004 INFO Bought?:False
2017-12-27 12:18:16,031 INFO Executing buy order ...... 
2017-12-27 12:18:16,275 INFO MACD: short ema:$262.541464942, long ema:$263.432519066
2017-12-27 12:18:16,276 INFO Bought?:False
2017-12-27 12:18:46,306 INFO Executing buy order ...... 
2017-12-27 12:18:46,579 INFO MACD: short ema:$262.646080326, long ema:$263.482889447
2017-12-27 12:18:46,579 INFO Bought?:False
2017-12-27 12:19:16,609 INFO Executing buy order ...... 
2017-12-27 12:19:16,876 INFO MACD: short ema:$262.646080326, long ema:$263.482889447
2017-12-27 12:19:16,876 INFO Bought?:False
2017-12-27 12:19:46,906 INFO Executing buy order ...... 
2017-12-27 12:19:47,167 INFO MACD: short ema:$262.543003403, long ema:$263.433259807
2017-12-27 12:19:47,167 INFO Bought?:False
2017-12-27 12:20:17,171 INFO Executing buy order ...... 
2017-12-27 12:20:17,428 INFO MACD: short ema:$262.543003403, long ema:$263.433259807
2017-12-27 12:20:17,428 INFO Bought?:False
2017-12-27 12:20:47,458 INFO Executing buy order ...... 
2017-12-27 12:20:47,728 INFO MACD: short ema:$262.26692004, long ema:$263.234444662
2017-12-27 12:20:47,728 INFO Bought?:False
2017-12-27 12:21:17,759 INFO Executing buy order ...... 
2017-12-27 12:21:18,002 INFO MACD: short ema:$262.291535424, long ema:$263.246296516
2017-12-27 12:21:18,002 INFO Bought?:False
2017-12-27 12:21:48,011 INFO Executing buy order ...... 
2017-12-27 12:21:48,289 INFO MACD: short ema:$262.291535424, long ema:$263.246296516
2017-12-27 12:21:48,289 INFO Bought?:False
2017-12-27 12:22:18,311 INFO Executing buy order ...... 
2017-12-27 12:22:18,571 INFO MACD: short ema:$262.276150809, long ema:$263.238889107
2017-12-27 12:22:18,571 INFO Bought?:False
2017-12-27 12:22:48,602 INFO Executing buy order ...... 
2017-12-27 12:22:48,889 INFO MACD: short ema:$262.276150809, long ema:$263.238889107
2017-12-27 12:22:48,890 INFO Bought?:False
2017-12-27 12:23:18,907 INFO Executing buy order ...... 
2017-12-27 12:23:19,200 INFO MACD: short ema:$262.183843116, long ema:$263.194444653
2017-12-27 12:23:19,200 INFO Bought?:False
2017-12-27 12:23:49,231 INFO Executing buy order ...... 
2017-12-27 12:23:49,490 INFO MACD: short ema:$262.325381578, long ema:$263.262592816
2017-12-27 12:23:49,490 INFO Bought?:False
2017-12-27 12:24:19,499 INFO Executing buy order ...... 
2017-12-27 12:24:19,760 INFO MACD: short ema:$262.325381578, long ema:$263.262592816
2017-12-27 12:24:19,760 INFO Bought?:False
2017-12-27 12:24:49,790 INFO Executing buy order ...... 
2017-12-27 12:24:50,045 INFO MACD: short ema:$262.325381578, long ema:$263.262592816
2017-12-27 12:24:50,046 INFO Bought?:False
2017-12-27 12:25:20,076 INFO Executing buy order ...... 
2017-12-27 12:25:20,366 INFO MACD: short ema:$262.325381578, long ema:$263.262592816
2017-12-27 12:25:20,366 INFO Bought?:False
2017-12-27 12:25:50,395 INFO Executing buy order ...... 
2017-12-27 12:25:50,664 INFO MACD: short ema:$262.174612815, long ema:$263.120754384
2017-12-27 12:25:50,664 INFO Bought?:False
2017-12-27 12:26:20,695 INFO Executing buy order ...... 
2017-12-27 12:26:20,951 INFO MACD: short ema:$262.180766661, long ema:$263.123717348
2017-12-27 12:26:20,952 INFO Bought?:False
2017-12-27 12:26:50,982 INFO Executing buy order ...... 
2017-12-27 12:26:51,222 INFO MACD: short ema:$262.180766661, long ema:$263.123717348
2017-12-27 12:26:51,222 INFO Bought?:False
2017-12-27 12:27:21,235 INFO Executing buy order ...... 
2017-12-27 12:27:21,494 INFO MACD: short ema:$262.114612815, long ema:$263.091865489
2017-12-27 12:27:21,494 INFO Bought?:False
2017-12-27 12:27:51,499 INFO Executing buy order ...... 
2017-12-27 12:27:51,748 INFO MACD: short ema:$262.114612815, long ema:$263.091865489
2017-12-27 12:27:51,748 INFO Bought?:False
2017-12-27 12:28:21,769 INFO Executing buy order ...... 
2017-12-27 12:28:22,112 INFO MACD: short ema:$261.98999743, long ema:$263.031865477
2017-12-27 12:28:22,113 INFO Bought?:False
2017-12-27 12:28:52,123 INFO Executing buy order ...... 
2017-12-27 12:28:52,449 INFO MACD: short ema:$261.976151276, long ema:$263.025198809
2017-12-27 12:28:52,449 INFO Bought?:False
2017-12-27 12:29:22,480 INFO Executing buy order ...... 
2017-12-27 12:29:22,715 INFO MACD: short ema:$261.976151276, long ema:$263.025198809
2017-12-27 12:29:22,716 INFO Bought?:False
2017-12-27 12:29:52,746 INFO Executing buy order ...... 
2017-12-27 12:29:53,073 INFO MACD: short ema:$261.783843584, long ema:$262.932606197
2017-12-27 12:29:53,073 INFO Bought?:False
2017-12-27 12:30:23,079 INFO Executing buy order ...... 
2017-12-27 12:30:23,314 INFO MACD: short ema:$261.783843584, long ema:$262.932606197
2017-12-27 12:30:23,314 INFO Bought?:False
2017-12-27 12:30:53,344 INFO Executing buy order ...... 
2017-12-27 12:30:53,610 INFO MACD: short ema:$261.245027411, long ema:$262.586486891
2017-12-27 12:30:53,610 INFO Bought?:False
2017-12-27 12:31:23,641 INFO Executing buy order ...... 
2017-12-27 12:31:23,897 INFO MACD: short ema:$261.252719719, long ema:$262.590190596
2017-12-27 12:31:23,897 INFO Bought?:False
2017-12-27 12:31:53,928 INFO Executing buy order ...... 
2017-12-27 12:31:54,176 INFO MACD: short ema:$261.252719719, long ema:$262.590190596
2017-12-27 12:31:54,176 INFO Bought?:False
2017-12-27 12:32:24,207 INFO Executing buy order ...... 
2017-12-27 12:32:24,461 INFO MACD: short ema:$261.166565873, long ema:$262.548709106
2017-12-27 12:32:24,461 INFO Bought?:False
2017-12-27 12:32:54,491 INFO Executing buy order ...... 
2017-12-27 12:32:54,822 INFO MACD: short ema:$261.166565873, long ema:$262.548709106
2017-12-27 12:32:54,823 INFO Bought?:False
2017-12-27 12:33:24,823 INFO Executing buy order ...... 
2017-12-27 12:33:25,083 INFO MACD: short ema:$261.012719719, long ema:$262.474635016
2017-12-27 12:33:25,084 INFO Bought?:False
2017-12-27 12:33:55,114 INFO Executing buy order ...... 
2017-12-27 12:33:55,400 INFO MACD: short ema:$261.240412026, long ema:$262.584264668
2017-12-27 12:33:55,401 INFO Bought?:False
2017-12-27 12:34:25,431 INFO Executing buy order ...... 
2017-12-27 12:34:25,719 INFO MACD: short ema:$261.240412026, long ema:$262.584264668
2017-12-27 12:34:25,719 INFO Bought?:False
2017-12-27 12:34:55,749 INFO Executing buy order ...... 
2017-12-27 12:34:56,050 INFO MACD: short ema:$261.037335103, long ema:$262.48648687
2017-12-27 12:34:56,050 INFO Bought?:False
2017-12-27 12:35:26,079 INFO Executing buy order ...... 
2017-12-27 12:35:26,356 INFO MACD: short ema:$260.158455147, long ema:$261.951191168
2017-12-27 12:35:26,357 INFO Bought?:False
2017-12-27 12:35:56,387 INFO Executing buy order ...... 
2017-12-27 12:35:56,658 INFO MACD: short ema:$260.158455147, long ema:$261.951191168
2017-12-27 12:35:56,659 INFO Bought?:False
2017-12-27 12:36:26,663 INFO Executing buy order ...... 
2017-12-27 12:36:26,947 INFO MACD: short ema:$260.310762839, long ema:$262.024524517
2017-12-27 12:36:26,948 INFO Bought?:False
2017-12-27 12:36:56,978 INFO Executing buy order ...... 
2017-12-27 12:36:57,233 INFO MACD: short ema:$260.310762839, long ema:$262.024524517
2017-12-27 12:36:57,233 INFO Bought?:False
2017-12-27 12:37:27,263 INFO Executing buy order ...... 
2017-12-27 12:37:27,593 INFO MACD: short ema:$260.464608993, long ema:$262.098598606
2017-12-27 12:37:27,594 INFO Bought?:False
2017-12-27 12:37:57,600 INFO Executing buy order ...... 
2017-12-27 12:37:57,835 INFO MACD: short ema:$260.463070531, long ema:$262.097857865
2017-12-27 12:37:57,835 INFO Bought?:False
2017-12-27 12:38:27,851 INFO Executing buy order ...... 
2017-12-27 12:38:28,105 INFO MACD: short ema:$260.463070531, long ema:$262.097857865
2017-12-27 12:38:28,105 INFO Bought?:False
2017-12-27 12:38:58,135 INFO Executing buy order ...... 
2017-12-27 12:38:58,385 INFO MACD: short ema:$260.310762839, long ema:$262.024524517
2017-12-27 12:38:58,385 INFO Bought?:False
2017-12-27 12:39:28,395 INFO Executing buy order ...... 
2017-12-27 12:39:28,681 INFO MACD: short ema:$260.310762839, long ema:$262.024524517
2017-12-27 12:39:28,681 INFO Bought?:False
2017-12-27 12:39:58,699 INFO Executing buy order ...... 
2017-12-27 12:39:58,962 INFO MACD: short ema:$260.464608993, long ema:$262.098598606
2017-12-27 12:39:58,962 INFO Bought?:False
2017-12-27 12:40:28,992 INFO Executing buy order ...... 
2017-12-27 12:40:29,260 INFO MACD: short ema:$259.980467964, long ema:$261.7441616
2017-12-27 12:40:29,260 INFO Bought?:False
2017-12-27 12:40:59,268 INFO Executing buy order ...... 
2017-12-27 12:40:59,513 INFO MACD: short ema:$259.980467964, long ema:$261.7441616
2017-12-27 12:40:59,513 INFO Bought?:False
2017-12-27 12:41:29,539 INFO Executing buy order ...... 
2017-12-27 12:41:29,774 INFO MACD: short ema:$260.117391041, long ema:$261.810087539
2017-12-27 12:41:29,774 INFO Bought?:False
2017-12-27 12:41:59,799 INFO Executing buy order ...... 
2017-12-27 12:42:00,066 INFO MACD: short ema:$260.117391041, long ema:$261.810087539
2017-12-27 12:42:00,066 INFO Bought?:False
2017-12-27 12:42:30,079 INFO Executing buy order ...... 
2017-12-27 12:42:30,363 INFO MACD: short ema:$260.13585258, long ema:$261.81897643
2017-12-27 12:42:30,363 INFO Bought?:False
2017-12-27 12:43:00,393 INFO Executing buy order ...... 
2017-12-27 12:43:00,717 INFO MACD: short ema:$260.011237195, long ema:$261.758976418
2017-12-27 12:43:00,717 INFO Bought?:False
2017-12-27 12:43:30,747 INFO Executing buy order ...... 
2017-12-27 12:43:30,994 INFO MACD: short ema:$260.011237195, long ema:$261.758976418
2017-12-27 12:43:30,994 INFO Bought?:False
2017-12-27 12:44:01,025 INFO Executing buy order ...... 
2017-12-27 12:44:01,286 INFO MACD: short ema:$260.098929503, long ema:$261.801198648
2017-12-27 12:44:01,287 INFO Bought?:False
2017-12-27 12:44:31,299 INFO Executing buy order ...... 
2017-12-27 12:44:31,571 INFO MACD: short ema:$260.098929503, long ema:$261.801198648
2017-12-27 12:44:31,571 INFO Bought?:False
2017-12-27 12:45:01,601 INFO Executing buy order ...... 
2017-12-27 12:45:01,919 INFO MACD: short ema:$260.108160272, long ema:$261.805643094
2017-12-27 12:45:01,919 INFO Bought?:False
2017-12-27 12:45:31,935 INFO Executing buy order ...... 
2017-12-27 12:45:32,366 INFO MACD: short ema:$259.784419638, long ema:$261.523496355
2017-12-27 12:45:32,366 INFO Bought?:False
2017-12-27 12:46:02,397 INFO Executing buy order ...... 
2017-12-27 12:46:03,541 INFO MACD: short ema:$259.784419638, long ema:$261.523496355
2017-12-27 12:46:03,541 INFO Bought?:False
2017-12-27 12:46:33,572 INFO Executing buy order ...... 
2017-12-27 12:46:33,812 INFO MACD: short ema:$259.707496562, long ema:$261.48645931
2017-12-27 12:46:33,812 INFO Bought?:False
2017-12-27 12:47:03,843 INFO Executing buy order ...... 
2017-12-27 12:47:04,161 INFO MACD: short ema:$259.707496562, long ema:$261.48645931
2017-12-27 12:47:04,162 INFO Bought?:False
2017-12-27 12:47:34,183 INFO Executing buy order ...... 
2017-12-27 12:47:34,420 INFO MACD: short ema:$259.833650408, long ema:$261.547200064
2017-12-27 12:47:34,420 INFO Bought?:False
2017-12-27 12:48:04,451 INFO Executing buy order ...... 
2017-12-27 12:48:04,712 INFO MACD: short ema:$259.936727331, long ema:$261.596829704
2017-12-27 12:48:04,712 INFO Bought?:False
2017-12-27 12:48:34,742 INFO Executing buy order ...... 
2017-12-27 12:48:35,041 INFO MACD: short ema:$259.936727331, long ema:$261.596829704
2017-12-27 12:48:35,041 INFO Bought?:False
2017-12-27 12:49:05,064 INFO Executing buy order ...... 
2017-12-27 12:49:05,321 INFO MACD: short ema:$259.989035023, long ema:$261.622014894
2017-12-27 12:49:05,321 INFO Bought?:False
2017-12-27 12:49:35,335 INFO Executing buy order ...... 
2017-12-27 12:49:35,630 INFO MACD: short ema:$259.989035023, long ema:$261.622014894
2017-12-27 12:49:35,630 INFO Bought?:False
2017-12-27 12:50:05,652 INFO Executing buy order ...... 
2017-12-27 12:50:05,916 INFO MACD: short ema:$260.018265792, long ema:$261.636088971
2017-12-27 12:50:05,916 INFO Bought?:False
2017-12-27 12:50:35,946 INFO Executing buy order ...... 
2017-12-27 12:50:36,218 INFO MACD: short ema:$260.049301824, long ema:$261.53272954
2017-12-27 12:50:36,218 INFO Bought?:False
2017-12-27 12:51:06,242 INFO Executing buy order ...... 
2017-12-27 12:51:06,509 INFO MACD: short ema:$260.049301824, long ema:$261.53272954
2017-12-27 12:51:06,509 INFO Bought?:False
2017-12-27 12:51:36,537 INFO Executing buy order ...... 
2017-12-27 12:51:36,796 INFO MACD: short ema:$260.049301824, long ema:$261.53272954
2017-12-27 12:51:36,797 INFO Bought?:False
2017-12-27 12:52:06,827 INFO Executing buy order ...... 
2017-12-27 12:52:07,119 INFO MACD: short ema:$259.856994132, long ema:$261.440136929
2017-12-27 12:52:07,120 INFO Bought?:False
2017-12-27 12:52:37,143 INFO Executing buy order ...... 
2017-12-27 12:52:37,403 INFO MACD: short ema:$259.856994132, long ema:$261.440136929
2017-12-27 12:52:37,403 INFO Bought?:False
2017-12-27 12:53:07,417 INFO Executing buy order ...... 
2017-12-27 12:53:07,667 INFO MACD: short ema:$260.013917209, long ema:$261.5156925
2017-12-27 12:53:07,667 INFO Bought?:False
2017-12-27 12:53:37,697 INFO Executing buy order ...... 
2017-12-27 12:53:37,991 INFO MACD: short ema:$260.013917209, long ema:$261.5156925
2017-12-27 12:53:37,991 INFO Bought?:False
2017-12-27 12:54:08,015 INFO Executing buy order ...... 
2017-12-27 12:54:08,285 INFO MACD: short ema:$260.01545567, long ema:$261.516433241
2017-12-27 12:54:08,286 INFO Bought?:False
2017-12-27 12:54:38,300 INFO Executing buy order ...... 
2017-12-27 12:54:38,555 INFO MACD: short ema:$259.947763363, long ema:$261.483840641
2017-12-27 12:54:38,555 INFO Bought?:False
2017-12-27 12:55:08,578 INFO Executing buy order ...... 
2017-12-27 12:55:08,843 INFO MACD: short ema:$259.947763363, long ema:$261.483840641
2017-12-27 12:55:08,844 INFO Bought?:False
2017-12-27 12:55:38,847 INFO Executing buy order ...... 
2017-12-27 12:55:39,093 INFO MACD: short ema:$259.848344147, long ema:$261.322129221
2017-12-27 12:55:39,094 INFO Bought?:False
2017-12-27 12:56:09,124 INFO Executing buy order ...... 
2017-12-27 12:56:09,384 INFO MACD: short ema:$259.848344147, long ema:$261.322129221
2017-12-27 12:56:09,385 INFO Bought?:False
2017-12-27 12:56:39,407 INFO Executing buy order ...... 
2017-12-27 12:56:39,720 INFO MACD: short ema:$259.823728763, long ema:$261.310277367
2017-12-27 12:56:39,720 INFO Bought?:False
2017-12-27 12:57:09,750 INFO Executing buy order ...... 
2017-12-27 12:57:09,993 INFO MACD: short ema:$259.719113378, long ema:$261.259906986
2017-12-27 12:57:09,993 INFO Bought?:False
2017-12-27 12:57:40,024 INFO Executing buy order ...... 
2017-12-27 12:57:40,257 INFO MACD: short ema:$259.719113378, long ema:$261.259906986
2017-12-27 12:57:40,258 INFO Bought?:False
2017-12-27 12:58:10,288 INFO Executing buy order ...... 
2017-12-27 12:58:10,591 INFO MACD: short ema:$259.783728763, long ema:$261.291018103
2017-12-27 12:58:10,591 INFO Bought?:False
2017-12-27 12:58:40,613 INFO Executing buy order ...... 
2017-12-27 12:58:40,902 INFO MACD: short ema:$259.783728763, long ema:$261.291018103
2017-12-27 12:58:40,902 INFO Bought?:False
2017-12-27 12:59:10,933 INFO Executing buy order ...... 
2017-12-27 12:59:11,203 INFO MACD: short ema:$259.785267224, long ema:$261.291758844
2017-12-27 12:59:11,204 INFO Bought?:False
2017-12-27 12:59:41,223 INFO Executing buy order ...... 
2017-12-27 12:59:41,490 INFO MACD: short ema:$259.809882609, long ema:$261.303610699
2017-12-27 12:59:41,491 INFO Bought?:False
2017-12-27 13:00:11,499 INFO Executing buy order ...... 
2017-12-27 13:00:12,278 INFO MACD: short ema:$259.809882609, long ema:$261.303610699
2017-12-27 13:00:12,278 INFO Bought?:False
2017-12-27 13:00:42,309 INFO Executing buy order ...... 
2017-12-27 13:00:42,548 INFO MACD: short ema:$259.701498302, long ema:$261.140956088
2017-12-27 13:00:42,548 INFO Bought?:False
2017-12-27 13:01:12,575 INFO Executing buy order ...... 
2017-12-27 13:01:12,839 INFO MACD: short ema:$259.701498302, long ema:$261.140956088
2017-12-27 13:01:12,840 INFO Bought?:False
2017-12-27 13:01:42,870 INFO Executing buy order ...... 
2017-12-27 13:01:43,141 INFO MACD: short ema:$259.673805994, long ema:$261.127622752
2017-12-27 13:01:43,142 INFO Bought?:False
2017-12-27 13:02:13,172 INFO Executing buy order ...... 
2017-12-27 13:02:13,423 INFO MACD: short ema:$259.593805994, long ema:$261.089104226
2017-12-27 13:02:13,423 INFO Bought?:False
2017-12-27 13:02:43,454 INFO Executing buy order ...... 
2017-12-27 13:02:43,754 INFO MACD: short ema:$259.593805994, long ema:$261.089104226
2017-12-27 13:02:43,754 INFO Bought?:False
2017-12-27 13:03:13,771 INFO Executing buy order ...... 
2017-12-27 13:03:14,016 INFO MACD: short ema:$259.593805994, long ema:$261.089104226
2017-12-27 13:03:14,016 INFO Bought?:False
2017-12-27 13:03:44,046 INFO Executing buy order ...... 
2017-12-27 13:03:44,304 INFO MACD: short ema:$259.593805994, long ema:$261.089104226
2017-12-27 13:03:44,305 INFO Bought?:False
2017-12-27 13:04:14,327 INFO Executing buy order ...... 
2017-12-27 13:04:14,603 INFO MACD: short ema:$259.593805994, long ema:$261.089104226
2017-12-27 13:04:14,603 INFO Bought?:False
2017-12-27 13:04:44,633 INFO Executing buy order ...... 
2017-12-27 13:04:44,863 INFO MACD: short ema:$259.595344456, long ema:$261.089844967
2017-12-27 13:04:44,863 INFO Bought?:False
2017-12-27 13:05:14,883 INFO Executing buy order ...... 
2017-12-27 13:05:15,137 INFO MACD: short ema:$259.595344456, long ema:$261.089844967
2017-12-27 13:05:15,137 INFO Bought?:False
2017-12-27 13:05:45,168 INFO Executing buy order ...... 
2017-12-27 13:05:45,460 INFO MACD: short ema:$259.605528149, long ema:$260.983985083
2017-12-27 13:05:45,461 INFO Bought?:False
2017-12-27 13:06:15,467 INFO Executing buy order ...... 
2017-12-27 13:06:15,733 INFO MACD: short ema:$259.607066611, long ema:$260.984725824
2017-12-27 13:06:15,733 INFO Bought?:False
2017-12-27 13:06:45,763 INFO Executing buy order ...... 
2017-12-27 13:06:46,056 INFO MACD: short ema:$259.607066611, long ema:$260.984725824
2017-12-27 13:06:46,056 INFO Bought?:False
2017-12-27 13:07:16,071 INFO Executing buy order ...... 
2017-12-27 13:07:16,325 INFO MACD: short ema:$259.654758918, long ema:$261.007688792
2017-12-27 13:07:16,326 INFO Bought?:False
2017-12-27 13:07:46,356 INFO Executing buy order ...... 
2017-12-27 13:07:46,635 INFO MACD: short ema:$259.654758918, long ema:$261.007688792
2017-12-27 13:07:46,635 INFO Bought?:False
2017-12-27 13:08:16,666 INFO Executing buy order ...... 
2017-12-27 13:08:16,936 INFO MACD: short ema:$259.65629738, long ema:$261.008429532
2017-12-27 13:08:16,936 INFO Bought?:False
2017-12-27 13:08:46,966 INFO Executing buy order ...... 
2017-12-27 13:08:47,254 INFO MACD: short ema:$259.865528149, long ema:$261.109170294
2017-12-27 13:08:47,254 INFO Bought?:False
2017-12-27 13:09:17,284 INFO Executing buy order ...... 
2017-12-27 13:09:17,571 INFO MACD: short ema:$259.865528149, long ema:$261.109170294
2017-12-27 13:09:17,571 INFO Bought?:False
2017-12-27 13:09:47,601 INFO Executing buy order ...... 
2017-12-27 13:09:47,881 INFO MACD: short ema:$259.933220457, long ema:$261.141762893
2017-12-27 13:09:47,881 INFO Bought?:False
2017-12-27 13:10:17,895 INFO Executing buy order ...... 
2017-12-27 13:10:33,602 INFO MACD: short ema:$259.933220457, long ema:$261.173401574
2017-12-27 13:10:33,603 INFO Bought?:False
2017-12-27 13:11:03,633 INFO Executing buy order ...... 
2017-12-27 13:11:03,921 INFO MACD: short ema:$260.186334469, long ema:$261.173401574
2017-12-27 13:11:03,921 INFO Bought?:False
2017-12-27 13:11:33,952 INFO Executing buy order ...... 
2017-12-27 13:11:34,230 INFO MACD: short ema:$260.227872931, long ema:$261.193401578
2017-12-27 13:11:34,231 INFO Bought?:False
2017-12-27 13:12:04,261 INFO Executing buy order ...... 
2017-12-27 13:12:04,513 INFO MACD: short ema:$260.227872931, long ema:$261.193401578
2017-12-27 13:12:04,513 INFO Bought?:False
2017-12-27 13:12:34,543 INFO Executing buy order ...... 
2017-12-27 13:12:34,775 INFO MACD: short ema:$260.083257546, long ema:$261.123771934
2017-12-27 13:12:34,775 INFO Bought?:False
2017-12-27 13:13:04,806 INFO Executing buy order ...... 
2017-12-27 13:13:05,068 INFO MACD: short ema:$260.163257546, long ema:$261.162290461
2017-12-27 13:13:05,068 INFO Bought?:False
2017-12-27 13:13:35,079 INFO Executing buy order ...... 
2017-12-27 13:13:35,390 INFO MACD: short ema:$260.163257546, long ema:$261.162290461
2017-12-27 13:13:35,390 INFO Bought?:False
2017-12-27 13:14:05,420 INFO Executing buy order ...... 
2017-12-27 13:14:05,673 INFO MACD: short ema:$260.172488315, long ema:$261.166734906
2017-12-27 13:14:05,673 INFO Bought?:False
2017-12-27 13:14:35,704 INFO Executing buy order ...... 
2017-12-27 13:14:35,991 INFO MACD: short ema:$260.174026777, long ema:$261.167475647
2017-12-27 13:14:35,991 INFO Bought?:False
2017-12-27 13:15:06,021 INFO Executing buy order ...... 
2017-12-27 13:15:06,294 INFO MACD: short ema:$260.174026777, long ema:$261.167475647
2017-12-27 13:15:06,294 INFO Bought?:False
2017-12-27 13:15:36,325 INFO Executing buy order ...... 
2017-12-27 13:15:36,755 INFO MACD: short ema:$260.393407273, long ema:$261.199514186
2017-12-27 13:15:36,755 INFO Bought?:False
2017-12-27 13:16:06,779 INFO Executing buy order ...... 
2017-12-27 13:16:07,018 INFO MACD: short ema:$260.393407273, long ema:$261.199514186
2017-12-27 13:16:07,018 INFO Bought?:False
2017-12-27 13:16:37,039 INFO Executing buy order ...... 
2017-12-27 13:16:37,334 INFO MACD: short ema:$260.393407273, long ema:$261.199514186
2017-12-27 13:16:37,334 INFO Bought?:False
2017-12-27 13:17:07,365 INFO Executing buy order ...... 
2017-12-27 13:17:07,642 INFO MACD: short ema:$260.451868811, long ema:$261.22766234
2017-12-27 13:17:07,643 INFO Bought?:False
2017-12-27 13:17:37,673 INFO Executing buy order ...... 
2017-12-27 13:17:37,934 INFO MACD: short ema:$260.451868811, long ema:$261.22766234
2017-12-27 13:17:37,935 INFO Bought?:False
2017-12-27 13:18:07,965 INFO Executing buy order ...... 
2017-12-27 13:18:08,776 INFO MACD: short ema:$260.45033035, long ema:$261.226921599
2017-12-27 13:18:08,776 INFO Bought?:False
2017-12-27 13:18:38,805 INFO Executing buy order ...... 
2017-12-27 13:18:39,044 INFO MACD: short ema:$260.45033035, long ema:$261.226921599
2017-12-27 13:18:39,044 INFO Bought?:False
2017-12-27 13:19:09,051 INFO Executing buy order ...... 
2017-12-27 13:19:09,304 INFO MACD: short ema:$260.451868811, long ema:$261.22766234
2017-12-27 13:19:09,304 INFO Bought?:False
2017-12-27 13:19:39,334 INFO Executing buy order ...... 
2017-12-27 13:19:39,623 INFO MACD: short ema:$260.347253427, long ema:$261.177291959
2017-12-27 13:19:39,623 INFO Bought?:False
2017-12-27 13:20:09,653 INFO Executing buy order ...... 
2017-12-27 13:20:09,896 INFO MACD: short ema:$260.347253427, long ema:$261.177291959
2017-12-27 13:20:09,896 INFO Bought?:False
2017-12-27 13:20:39,926 INFO Executing buy order ...... 
2017-12-27 13:20:40,317 INFO MACD: short ema:$260.550634556, long ema:$261.214913374
2017-12-27 13:20:40,317 INFO Bought?:False
2017-12-27 13:21:10,348 INFO Executing buy order ...... 
2017-12-27 13:21:10,590 INFO MACD: short ema:$260.550634556, long ema:$261.214913374
2017-12-27 13:21:10,590 INFO Bought?:False
2017-12-27 13:21:40,620 INFO Executing buy order ...... 
2017-12-27 13:21:40,854 INFO MACD: short ema:$260.566019172, long ema:$261.222320783
2017-12-27 13:21:40,854 INFO Bought?:False
2017-12-27 13:22:10,863 INFO Executing buy order ...... 
2017-12-27 13:22:11,111 INFO MACD: short ema:$260.626019172, long ema:$261.251209678
2017-12-27 13:22:11,112 INFO Bought?:False
2017-12-27 13:22:41,142 INFO Executing buy order ...... 
2017-12-27 13:22:41,408 INFO MACD: short ema:$260.626019172, long ema:$261.251209678
2017-12-27 13:22:41,408 INFO Bought?:False
2017-12-27 13:23:11,439 INFO Executing buy order ...... 
2017-12-27 13:23:11,936 INFO MACD: short ema:$260.626019172, long ema:$261.251209678
2017-12-27 13:23:11,937 INFO Bought?:False
2017-12-27 13:23:41,951 INFO Executing buy order ...... 
2017-12-27 13:23:42,214 INFO MACD: short ema:$260.626019172, long ema:$261.251209678
2017-12-27 13:23:42,214 INFO Bought?:False
2017-12-27 13:24:12,227 INFO Executing buy order ...... 
2017-12-27 13:24:12,483 INFO MACD: short ema:$261.022942249, long ema:$261.442320829
2017-12-27 13:24:12,484 INFO Bought?:False
2017-12-27 13:24:42,499 INFO Executing buy order ...... 
2017-12-27 13:24:42,764 INFO MACD: short ema:$260.961403787, long ema:$261.412691193
2017-12-27 13:24:42,764 INFO Bought?:False
2017-12-27 13:25:12,783 INFO Executing buy order ...... 
2017-12-27 13:25:13,050 INFO MACD: short ema:$260.961403787, long ema:$261.412691193
2017-12-27 13:25:13,050 INFO Bought?:False
2017-12-27 13:25:43,079 INFO Executing buy order ...... 
2017-12-27 13:25:43,356 INFO MACD: short ema:$261.496690778, long ema:$261.636579376
2017-12-27 13:25:43,356 INFO Bought?:False
2017-12-27 13:26:13,386 INFO Executing buy order ...... 
2017-12-27 13:26:13,652 INFO MACD: short ema:$261.496690778, long ema:$261.636579376
2017-12-27 13:26:13,652 INFO Bought?:False
2017-12-27 13:26:43,682 INFO Executing buy order ...... 
2017-12-27 13:26:43,970 INFO MACD: short ema:$261.204383086, long ema:$261.495838607
2017-12-27 13:26:43,971 INFO Bought?:False
2017-12-27 13:27:14,001 INFO Executing buy order ...... 
2017-12-27 13:27:14,272 INFO MACD: short ema:$261.332075394, long ema:$261.557320101
2017-12-27 13:27:14,272 INFO Bought?:False
2017-12-27 13:27:44,302 INFO Executing buy order ...... 
2017-12-27 13:27:44,599 INFO MACD: short ema:$261.332075394, long ema:$261.557320101
2017-12-27 13:27:44,599 INFO Bought?:False
2017-12-27 13:28:14,615 INFO Executing buy order ...... 
2017-12-27 13:28:14,901 INFO MACD: short ema:$261.390536932, long ema:$261.585468255
2017-12-27 13:28:14,901 INFO Bought?:False
2017-12-27 13:28:44,905 INFO Executing buy order ...... 
2017-12-27 13:28:45,221 INFO MACD: short ema:$261.390536932, long ema:$261.585468255
2017-12-27 13:28:45,221 INFO Bought?:False
2017-12-27 13:29:15,251 INFO Executing buy order ...... 
2017-12-27 13:29:15,519 INFO MACD: short ema:$261.452075394, long ema:$261.61509789
2017-12-27 13:29:15,519 INFO Bought?:False
2017-12-27 13:29:45,527 INFO Executing buy order ...... 
2017-12-27 13:29:45,809 INFO MACD: short ema:$261.415152317, long ema:$261.597320109
2017-12-27 13:29:45,810 INFO Bought?:False
2017-12-27 13:30:15,839 INFO Executing buy order ...... 
2017-12-27 13:30:16,079 INFO MACD: short ema:$261.415152317, long ema:$261.597320109
2017-12-27 13:30:16,080 INFO Bought?:False
2017-12-27 13:30:46,110 INFO Executing buy order ...... 
2017-12-27 13:30:46,353 INFO MACD: short ema:$261.761460244, long ema:$261.749562257
2017-12-27 13:30:46,610 INFO Placed a buy order.
2017-12-27 13:30:46,736 INFO Order complete remaining time:30
2017-12-27 13:30:57,414 INFO Order complete remaining time:20
2017-12-27 13:31:08,157 INFO Order complete remaining time:10
2017-12-27 13:31:12,409 INFO Completed order at:6s
2017-12-27 13:31:12,409 INFO Bought?:True
2017-12-27 13:31:12,409 INFO Bought order:{u'status': u'pending', u'created_at': u'2017-12-27T21:30:46.563666Z', u'post_only': True, u'product_id': u'LTC-USD', u'fill_fees': u'0.0000000000000000', u'settled': False, u'price': u'263.70000000', u'executed_value': u'0.0000000000000000', u'id': u'6e8ec7eb-698b-47a3-aded-aebe4da7c8bd', u'time_in_force': u'GTC', u'stp': u'dc', u'filled_size': u'0.00000000', u'type': u'limit', u'side': u'buy', u'size': u'0.01000000'}
2017-12-27 13:31:42,415 INFO Executing sell order ...... 
2017-12-27 13:31:42,806 INFO MACD: short ema:$261.75684486, long ema:$261.747340034
2017-12-27 13:31:42,807 INFO Sold?:False
2017-12-27 13:32:12,809 INFO Executing sell order ...... 
2017-12-27 13:32:13,253 INFO MACD: short ema:$261.638383321, long ema:$261.690302986
2017-12-27 13:32:13,532 INFO Placed a sell order.
2017-12-27 13:32:13,666 INFO Order complete remaining time:30
2017-12-27 13:32:24,864 INFO Order complete remaining time:20
2017-12-27 13:32:35,520 INFO Order complete remaining time:10
2017-12-27 13:32:46,006 INFO Not sell sell order. Consider resell.
2017-12-27 13:32:46,270 INFO Cancel a placed order...
2017-12-27 13:32:46,410 INFO Sold?:False
2017-12-27 13:33:16,431 INFO Executing sell order ...... 
2017-12-27 13:33:16,841 INFO MACD: short ema:$261.638383321, long ema:$261.690302986
2017-12-27 13:33:17,103 INFO Placed a sell order.
2017-12-27 13:33:17,229 INFO Order complete remaining time:30
2017-12-27 13:33:27,896 INFO Order complete remaining time:20
2017-12-27 13:33:34,261 INFO Completed order at:14s
2017-12-27 13:33:34,261 INFO Sold?:True
2017-12-27 13:33:34,261 INFO Sold order:{u'status': u'pending', u'created_at': u'2017-12-27T21:33:17.098659Z', u'post_only': True, u'product_id': u'LTC-USD', u'fill_fees': u'0.0000000000000000', u'settled': False, u'price': u'262.93000000', u'executed_value': u'0.0000000000000000', u'id': u'65c223b6-00a3-43a1-aa61-8018a538a259', u'time_in_force': u'GTC', u'stp': u'dc', u'filled_size': u'0.00000000', u'type': u'limit', u'side': u'sell', u'size': u'0.01000000'}
2017-12-27 13:33:34,262 INFO Start trading loop......
2017-12-27 13:33:34,262 INFO Doing initial check......
2017-12-27 13:33:34,894 INFO Current Acct info: {u'LTC-USD': {'currency_type': 'coin', 'price': 263.01, 'size': 0.02}, u'USD-USD': {'currency_type': 'USD', 'price': 1, 'size': 495.314004}}
2017-12-27 13:33:34,895 INFO Current total value: 500.574204
2017-12-27 13:33:34,895 INFO Cleanning all orders......
2017-12-27 13:34:05,075 INFO Executing buy order ...... 
2017-12-27 13:34:05,313 INFO MACD: short ema:$261.638383321, long ema:$261.690302986
2017-12-27 13:34:05,313 INFO Bought?:False
2017-12-27 13:34:35,315 INFO Executing buy order ...... 
2017-12-27 13:34:35,639 INFO MACD: short ema:$261.638383321, long ema:$261.690302986
2017-12-27 13:34:35,639 INFO Bought?:False
2017-12-27 13:35:05,670 INFO Executing buy order ...... 
2017-12-27 13:35:05,975 INFO MACD: short ema:$261.690691014, long ema:$261.715488176
2017-12-27 13:35:05,975 INFO Bought?:False
2017-12-27 13:35:36,005 INFO Executing buy order ...... 
2017-12-27 13:35:36,250 INFO MACD: short ema:$262.000288846, long ema:$261.863366701
2017-12-27 13:35:36,554 INFO Placed a buy order.
2017-12-27 13:35:36,719 INFO Order complete remaining time:30
2017-12-27 13:35:47,408 INFO Order complete remaining time:20
2017-12-27 13:35:58,038 INFO Order complete remaining time:10
2017-12-27 13:36:08,569 INFO Cancel a placed order...
2017-12-27 13:36:08,711 INFO Bought?:False
2017-12-27 13:36:38,742 INFO Executing buy order ...... 
2017-12-27 13:36:38,984 INFO MACD: short ema:$262.011058077, long ema:$261.868551888
2017-12-27 13:36:39,270 INFO Placed a buy order.
2017-12-27 13:36:39,395 INFO Order complete remaining time:30
2017-12-27 13:36:50,083 INFO Order complete remaining time:20
2017-12-27 13:37:00,838 INFO Order complete remaining time:10
2017-12-27 13:37:11,408 INFO Cancel a placed order...
2017-12-27 13:37:11,534 INFO Bought?:False
2017-12-27 13:37:41,565 INFO Executing buy order ...... 
2017-12-27 13:37:41,836 INFO MACD: short ema:$262.058750384, long ema:$261.891514855
2017-12-27 13:37:42,128 INFO Placed a buy order.
2017-12-27 13:37:42,254 INFO Order complete remaining time:30
2017-12-27 13:37:52,930 INFO Order complete remaining time:20
2017-12-27 13:38:03,550 INFO Order complete remaining time:10
2017-12-27 13:38:14,041 INFO Cancel a placed order...
2017-12-27 13:38:14,166 INFO Bought?:False
2017-12-27 13:38:44,179 INFO Executing buy order ...... 
2017-12-27 13:38:44,460 INFO MACD: short ema:$262.094135, long ema:$261.908551896
2017-12-27 13:38:44,724 INFO Placed a buy order.
2017-12-27 13:38:44,850 INFO Order complete remaining time:30
2017-12-27 13:38:55,516 INFO Order complete remaining time:20
2017-12-27 13:39:06,176 INFO Order complete remaining time:10
2017-12-27 13:39:16,669 INFO Cancel a placed order...
2017-12-27 13:39:16,791 INFO Bought?:False
2017-12-27 13:39:46,799 INFO Executing buy order ...... 
2017-12-27 13:39:47,045 INFO MACD: short ema:$261.984904231, long ema:$261.855959292
2017-12-27 13:39:47,320 INFO Placed a buy order.
2017-12-27 13:39:47,450 INFO Order complete remaining time:30
2017-12-27 13:39:58,094 INFO Order complete remaining time:20
2017-12-27 13:40:08,736 INFO Order complete remaining time:10
2017-12-27 13:40:19,283 INFO Cancel a placed order...
2017-12-27 13:40:19,397 INFO Bought?:False
2017-12-27 13:40:49,419 INFO Executing buy order ...... 
2017-12-27 13:40:49,649 INFO MACD: short ema:$262.167936716, long ema:$261.952691792
2017-12-27 13:40:49,956 INFO Placed a buy order.
2017-12-27 13:40:50,087 INFO Order complete remaining time:30
2017-12-27 13:41:00,761 INFO Order complete remaining time:20
2017-12-27 13:41:12,028 INFO Order complete remaining time:10
2017-12-27 13:41:22,577 INFO Cancel a placed order...
2017-12-27 13:41:22,718 INFO Bought?:False
2017-12-27 13:41:52,739 INFO Executing buy order ...... 
2017-12-27 13:41:52,998 INFO MACD: short ema:$262.175629023, long ema:$261.956395497
2017-12-27 13:41:53,293 INFO Placed a buy order.
2017-12-27 13:41:53,409 INFO Order complete remaining time:30
2017-12-27 13:42:04,138 INFO Order complete remaining time:20
2017-12-27 13:42:15,121 INFO Order complete remaining time:10
2017-12-27 13:42:25,641 INFO Cancel a placed order...
2017-12-27 13:42:25,758 INFO Bought?:False
2017-12-27 13:42:55,789 INFO Executing buy order ...... 
2017-12-27 13:42:56,059 INFO MACD: short ema:$262.24178287, long ema:$261.988247355
2017-12-27 13:42:56,371 INFO Placed a buy order.
2017-12-27 13:42:56,514 INFO Order complete remaining time:30
2017-12-27 13:43:07,240 INFO Order complete remaining time:20
2017-12-27 13:43:17,965 INFO Order complete remaining time:10
2017-12-27 13:43:26,482 INFO Completed order at:2s
2017-12-27 13:43:26,482 INFO Bought?:True
2017-12-27 13:43:26,482 INFO Bought order:{u'status': u'pending', u'created_at': u'2017-12-27T21:42:56.329951Z', u'post_only': True, u'product_id': u'LTC-USD', u'fill_fees': u'0.0000000000000000', u'settled': False, u'price': u'263.70000000', u'executed_value': u'0.0000000000000000', u'id': u'6c94e7cf-69e0-43e2-86fa-90c8fba03e15', u'time_in_force': u'GTC', u'stp': u'dc', u'filled_size': u'0.00000000', u'type': u'limit', u'side': u'buy', u'size': u'0.01000000'}
2017-12-27 13:43:56,495 INFO Executing sell order ...... 
2017-12-27 13:43:56,947 INFO MACD: short ema:$262.1525521, long ema:$261.945284383
2017-12-27 13:43:56,947 INFO Sold?:False
2017-12-27 13:44:26,977 INFO Executing sell order ...... 
2017-12-27 13:44:27,377 INFO MACD: short ema:$262.1525521, long ema:$261.945284383
2017-12-27 13:44:27,377 INFO Sold?:False
2017-12-27 13:44:57,407 INFO Executing sell order ...... 
2017-12-27 13:44:57,777 INFO MACD: short ema:$261.864859793, long ema:$261.806765836
2017-12-27 13:44:57,777 INFO Sold?:False
2017-12-27 13:45:27,808 INFO Executing sell order ...... 
2017-12-27 13:45:28,186 INFO MACD: short ema:$261.70328373, long ema:$261.730022905
2017-12-27 13:45:28,506 INFO Placed a sell order.
2017-12-27 13:45:28,632 INFO Order complete remaining time:30
2017-12-27 13:45:35,054 INFO Completed order at:24s
2017-12-27 13:45:35,054 INFO Sold?:True
2017-12-27 13:45:35,054 INFO Sold order:{u'status': u'pending', u'created_at': u'2017-12-27T21:45:28.411846Z', u'post_only': True, u'product_id': u'LTC-USD', u'fill_fees': u'0.0000000000000000', u'settled': False, u'price': u'261.69000000', u'executed_value': u'0.0000000000000000', u'id': u'f244dd47-fe8e-41d3-af98-7f63e65c2359', u'time_in_force': u'GTC', u'stp': u'dc', u'filled_size': u'0.00000000', u'type': u'limit', u'side': u'sell', u'size': u'0.01000000'}
2017-12-27 13:45:35,055 INFO Start trading loop......
2017-12-27 13:45:35,055 INFO Doing initial check......
2017-12-27 13:45:35,689 INFO Current Acct info: {u'LTC-USD': {'currency_type': 'coin', 'price': 261.52, 'size': 0.02}, u'USD-USD': {'currency_type': 'USD', 'price': 1, 'size': 495.314004}}
2017-12-27 13:45:35,690 INFO Current total value: 500.544404
2017-12-27 13:45:35,690 INFO Cleanning all orders......
2017-12-27 13:46:07,636 INFO Executing buy order ...... 
2017-12-27 13:46:07,883 INFO MACD: short ema:$261.70328373, long ema:$261.730022905
2017-12-27 13:46:07,883 INFO Bought?:False
2017-12-27 13:46:37,914 INFO Executing buy order ...... 
2017-12-27 13:46:38,178 INFO MACD: short ema:$261.881745268, long ema:$261.815948849
2017-12-27 13:46:38,439 INFO Placed a buy order.
2017-12-27 13:46:38,562 INFO Order complete remaining time:30
2017-12-27 13:46:49,248 INFO Order complete remaining time:20
2017-12-27 13:46:59,875 INFO Order complete remaining time:10
2017-12-27 13:47:10,425 INFO Cancel a placed order...
2017-12-27 13:47:10,604 INFO Bought?:False
2017-12-27 13:47:40,611 INFO Executing buy order ...... 
2017-12-27 13:47:40,851 INFO MACD: short ema:$261.875591422, long ema:$261.812985885
2017-12-27 13:47:41,222 INFO Placed a buy order.
2017-12-27 13:47:41,359 INFO Order complete remaining time:30
2017-12-27 13:47:52,116 INFO Order complete remaining time:20
2017-12-27 13:48:02,687 INFO Order complete remaining time:10
2017-12-27 13:48:13,319 INFO Cancel a placed order...
2017-12-27 13:48:13,444 INFO Bought?:False
2017-12-27 13:48:43,475 INFO Executing buy order ...... 
2017-12-27 13:48:43,717 INFO MACD: short ema:$261.880206807, long ema:$261.815208108
2017-12-27 13:48:43,975 INFO Placed a buy order.
2017-12-27 13:48:44,106 INFO Order complete remaining time:30
2017-12-27 13:48:55,031 INFO Order complete remaining time:20
2017-12-27 13:49:06,555 INFO Order complete remaining time:10
2017-12-27 13:49:17,115 INFO Cancel a placed order...
2017-12-27 13:49:17,274 INFO Bought?:False
2017-12-27 13:49:47,304 INFO Executing buy order ...... 
2017-12-27 13:49:47,550 INFO MACD: short ema:$261.815591422, long ema:$261.78409699
2017-12-27 13:49:47,820 INFO Placed a buy order.
2017-12-27 13:49:47,932 INFO Order complete remaining time:30
2017-12-27 13:49:59,854 INFO Order complete remaining time:20
2017-12-27 13:50:11,151 INFO Order complete remaining time:10
2017-12-27 13:50:21,659 INFO Cancel a placed order...
2017-12-27 13:50:21,808 INFO Bought?:False
2017-12-27 13:50:51,823 INFO Executing buy order ...... 
2017-12-27 13:50:52,072 INFO MACD: short ema:$261.842660198, long ema:$261.799403609
2017-12-27 13:50:52,380 INFO Placed a buy order.
2017-12-27 13:50:52,534 INFO Order complete remaining time:30
2017-12-27 13:51:03,334 INFO Order complete remaining time:20
2017-12-27 13:51:13,957 INFO Order complete remaining time:10
2017-12-27 13:51:24,517 INFO Cancel a placed order...
2017-12-27 13:51:24,626 INFO Bought?:False
2017-12-27 13:51:54,657 INFO Executing buy order ...... 
2017-12-27 13:51:54,913 INFO MACD: short ema:$261.844198659, long ema:$261.80014435
2017-12-27 13:51:55,194 INFO Placed a buy order.
2017-12-27 13:51:55,332 INFO Order complete remaining time:30
2017-12-27 13:52:06,019 INFO Order complete remaining time:20
2017-12-27 13:52:16,688 INFO Order complete remaining time:10
2017-12-27 13:52:27,232 INFO Cancel a placed order...
2017-12-27 13:52:27,353 INFO Bought?:False
2017-12-27 13:52:57,383 INFO Executing buy order ...... 
2017-12-27 13:52:57,642 INFO MACD: short ema:$261.859583274, long ema:$261.807551759
2017-12-27 13:52:57,931 INFO Placed a buy order.
2017-12-27 13:52:58,084 INFO Order complete remaining time:30
2017-12-27 13:53:10,459 INFO Order complete remaining time:20
2017-12-27 13:53:21,118 INFO Order complete remaining time:10
2017-12-27 13:53:31,684 INFO Cancel a placed order...
2017-12-27 13:53:31,895 INFO Bought?:False
2017-12-27 13:54:01,899 INFO Executing buy order ...... 
2017-12-27 13:54:02,156 INFO MACD: short ema:$261.922660198, long ema:$261.837922136
2017-12-27 13:54:02,474 INFO Placed a buy order.
2017-12-27 13:54:02,588 INFO Order complete remaining time:30
2017-12-27 13:54:13,268 INFO Order complete remaining time:20
2017-12-27 13:54:24,129 INFO Order complete remaining time:10
2017-12-27 13:54:34,643 INFO Cancel a placed order...
2017-12-27 13:54:34,755 INFO Bought?:False
2017-12-27 13:55:04,781 INFO Executing buy order ...... 
2017-12-27 13:55:05,062 INFO MACD: short ema:$261.930352505, long ema:$261.84162584
2017-12-27 13:55:05,445 INFO Placed a buy order.
2017-12-27 13:55:05,590 INFO Order complete remaining time:30
2017-12-27 13:55:16,404 INFO Order complete remaining time:20
2017-12-27 13:55:27,321 INFO Order complete remaining time:10
2017-12-27 13:55:37,844 INFO Cancel a placed order...
2017-12-27 13:55:37,955 INFO Bought?:False
2017-12-27 13:56:07,963 INFO Executing buy order ...... 
2017-12-27 13:56:08,208 INFO MACD: short ema:$262.092191765, long ema:$261.927184109
2017-12-27 13:56:08,530 INFO Placed a buy order.
2017-12-27 13:56:08,680 INFO Order complete remaining time:30
2017-12-27 13:56:19,479 INFO Order complete remaining time:20
2017-12-27 13:56:30,201 INFO Order complete remaining time:10
2017-12-27 13:56:40,741 INFO Cancel a placed order...
2017-12-27 13:56:40,850 INFO Bought?:False
2017-12-27 13:57:10,881 INFO Executing buy order ...... 
2017-12-27 13:57:11,191 INFO MACD: short ema:$262.082960996, long ema:$261.922739664
2017-12-27 13:57:11,461 INFO Placed a buy order.
2017-12-27 13:57:11,584 INFO Order complete remaining time:30
2017-12-27 13:57:22,319 INFO Order complete remaining time:20
2017-12-27 13:57:32,991 INFO Order complete remaining time:10
2017-12-27 13:57:43,507 INFO Cancel a placed order...
2017-12-27 13:57:43,658 INFO Bought?:False
2017-12-27 13:58:13,688 INFO Executing buy order ...... 
2017-12-27 13:58:14,633 INFO MACD: short ema:$262.002960996, long ema:$261.884221137
2017-12-27 13:58:14,936 INFO Placed a buy order.
2017-12-27 13:58:15,066 INFO Order complete remaining time:30
2017-12-27 13:58:25,772 INFO Order complete remaining time:20
2017-12-27 13:58:36,448 INFO Order complete remaining time:10
2017-12-27 13:58:47,069 INFO Cancel a placed order...
2017-12-27 13:58:47,228 INFO Bought?:False
2017-12-27 13:59:17,239 INFO Executing buy order ...... 
2017-12-27 13:59:17,602 INFO MACD: short ema:$262.112191765, long ema:$261.936813741
2017-12-27 13:59:17,868 INFO Placed a buy order.
2017-12-27 13:59:17,978 INFO Order complete remaining time:30
2017-12-27 13:59:28,597 INFO Order complete remaining time:20
2017-12-27 13:59:39,293 INFO Order complete remaining time:10
2017-12-27 13:59:49,891 INFO Cancel a placed order...
2017-12-27 13:59:49,998 INFO Bought?:False
2017-12-27 14:00:20,029 INFO Executing buy order ...... 
2017-12-27 14:00:20,265 INFO MACD: short ema:$262.118345611, long ema:$261.939776704
2017-12-27 14:00:20,556 INFO Placed a buy order.
2017-12-27 14:00:20,673 INFO Order complete remaining time:30
2017-12-27 14:00:31,369 INFO Order complete remaining time:20
2017-12-27 14:00:42,118 INFO Order complete remaining time:10
2017-12-27 14:00:52,618 INFO Cancel a placed order...
2017-12-27 14:00:52,736 INFO Bought?:False
2017-12-27 14:01:22,767 INFO Executing buy order ...... 
2017-12-27 14:01:23,033 INFO MACD: short ema:$262.507120842, long ema:$262.144978104
2017-12-27 14:01:23,285 INFO Placed a buy order.
2017-12-27 14:01:23,418 INFO Order complete remaining time:30
2017-12-27 14:01:34,167 INFO Order complete remaining time:20
2017-12-27 14:01:44,878 INFO Order complete remaining time:10
2017-12-27 14:01:56,925 INFO Cancel a placed order...
2017-12-27 14:01:57,043 INFO Bought?:False
2017-12-27 14:02:27,067 INFO Executing buy order ...... 
2017-12-27 14:02:27,371 INFO MACD: short ema:$262.507120842, long ema:$262.144978104
2017-12-27 14:02:27,621 INFO Placed a buy order.
2017-12-27 14:02:27,747 INFO Order complete remaining time:30
2017-12-27 14:02:38,415 INFO Order complete remaining time:20
2017-12-27 14:02:49,090 INFO Order complete remaining time:10
2017-12-27 14:03:00,512 INFO Cancel a placed order...
2017-12-27 14:03:00,638 INFO Bought?:False
2017-12-27 14:03:30,668 INFO Executing buy order ...... 
2017-12-27 14:03:30,933 INFO MACD: short ema:$262.413274689, long ema:$262.09979291
2017-12-27 14:03:31,208 INFO Placed a buy order.
2017-12-27 14:03:31,363 INFO Order complete remaining time:30
2017-12-27 14:03:41,995 INFO Order complete remaining time:20
2017-12-27 14:03:52,678 INFO Order complete remaining time:10
2017-12-27 14:04:03,231 INFO Cancel a placed order...
2017-12-27 14:04:03,370 INFO Bought?:False
2017-12-27 14:04:33,401 INFO Executing buy order ...... 
2017-12-27 14:04:33,649 INFO MACD: short ema:$262.376351612, long ema:$262.082015128
2017-12-27 14:04:33,907 INFO Placed a buy order.
2017-12-27 14:04:34,030 INFO Order complete remaining time:30
2017-12-27 14:04:44,690 INFO Order complete remaining time:20
2017-12-27 14:04:55,340 INFO Order complete remaining time:10
2017-12-27 14:05:05,880 INFO Cancel a placed order...
2017-12-27 14:05:06,008 INFO Bought?:False
2017-12-27 14:05:36,038 INFO Executing buy order ...... 
2017-12-27 14:05:36,278 INFO MACD: short ema:$262.472297518, long ema:$262.149245499
2017-12-27 14:05:36,562 INFO Placed a buy order.
2017-12-27 14:05:36,675 INFO Order complete remaining time:30
2017-12-27 14:05:47,359 INFO Order complete remaining time:20
2017-12-27 14:05:57,970 INFO Order complete remaining time:10
2017-12-27 14:06:08,564 INFO Cancel a placed order...
2017-12-27 14:06:08,700 INFO Bought?:False
2017-12-27 14:06:38,731 INFO Executing buy order ...... 
2017-12-27 14:06:39,006 INFO MACD: short ema:$262.529220594, long ema:$262.176652912
2017-12-27 14:06:39,565 INFO Placed a buy order.
2017-12-27 14:06:39,713 INFO Order complete remaining time:30
2017-12-27 14:06:50,354 INFO Order complete remaining time:20
2017-12-27 14:07:01,782 INFO Order complete remaining time:10
2017-12-27 14:07:12,334 INFO Cancel a placed order...
2017-12-27 14:07:12,471 INFO Bought?:False
2017-12-27 14:07:42,499 INFO Executing buy order ...... 
2017-12-27 14:07:42,752 INFO MACD: short ema:$262.530759056, long ema:$262.177393653
2017-12-27 14:07:43,008 INFO Placed a buy order.
2017-12-27 14:07:43,131 INFO Order complete remaining time:30
2017-12-27 14:07:54,598 INFO Order complete remaining time:20
2017-12-27 14:08:05,547 INFO Order complete remaining time:10
2017-12-27 14:08:16,058 INFO Cancel a placed order...
2017-12-27 14:08:16,196 INFO Bought?:False
2017-12-27 14:08:46,212 INFO Executing buy order ...... 
2017-12-27 14:08:46,503 INFO MACD: short ema:$262.447682133, long ema:$262.137393645
2017-12-27 14:08:46,743 INFO Placed a buy order.
2017-12-27 14:08:46,868 INFO Order complete remaining time:30
2017-12-27 14:08:57,499 INFO Order complete remaining time:20
2017-12-27 14:09:08,142 INFO Order complete remaining time:10
2017-12-27 14:09:18,745 INFO Cancel a placed order...
2017-12-27 14:09:18,895 INFO Bought?:False
2017-12-27 14:09:48,925 INFO Executing buy order ...... 
2017-12-27 14:09:49,189 INFO MACD: short ema:$262.453835979, long ema:$262.140356608
2017-12-27 14:09:49,510 INFO Placed a buy order.
2017-12-27 14:09:49,648 INFO Order complete remaining time:30
2017-12-27 14:10:00,364 INFO Order complete remaining time:20
2017-12-27 14:10:11,428 INFO Order complete remaining time:10
2017-12-27 14:10:21,936 INFO Cancel a placed order...
2017-12-27 14:10:22,087 INFO Bought?:False
2017-12-27 14:10:52,103 INFO Executing buy order ...... 
2017-12-27 14:10:52,362 INFO MACD: short ema:$262.615849379, long ema:$262.243237961
2017-12-27 14:10:52,625 INFO Placed a buy order.
2017-12-27 14:10:52,758 INFO Order complete remaining time:30
2017-12-27 14:11:03,376 INFO Order complete remaining time:20
2017-12-27 14:11:09,741 INFO Completed order at:14s
2017-12-27 14:11:09,742 INFO Bought?:True
2017-12-27 14:11:09,742 INFO Bought order:{u'status': u'pending', u'created_at': u'2017-12-27T22:10:52.584721Z', u'post_only': True, u'product_id': u'LTC-USD', u'fill_fees': u'0.0000000000000000', u'settled': False, u'price': u'263.33000000', u'executed_value': u'0.0000000000000000', u'id': u'a911eb8c-6fbe-45bf-9538-02e3866c925b', u'time_in_force': u'GTC', u'stp': u'dc', u'filled_size': u'0.00000000', u'type': u'limit', u'side': u'buy', u'size': u'0.01000000'}
2017-12-27 14:11:39,772 INFO Executing sell order ...... 
2017-12-27 14:11:40,155 INFO MACD: short ema:$262.565080148, long ema:$262.218793512
2017-12-27 14:11:40,155 INFO Sold?:False
2017-12-27 14:12:10,185 INFO Executing sell order ...... 
2017-12-27 14:12:10,616 INFO MACD: short ema:$262.642003225, long ema:$262.255830556
2017-12-27 14:12:10,616 INFO Sold?:False
2017-12-27 14:12:40,647 INFO Executing sell order ...... 
2017-12-27 14:12:41,073 INFO MACD: short ema:$262.642003225, long ema:$262.255830556
2017-12-27 14:12:41,073 INFO Sold?:False
2017-12-27 14:13:11,094 INFO Executing sell order ...... 
2017-12-27 14:13:11,485 INFO MACD: short ema:$262.602003225, long ema:$262.236571293
2017-12-27 14:13:11,486 INFO Sold?:False
2017-12-27 14:13:41,499 INFO Executing sell order ...... 
2017-12-27 14:13:41,876 INFO MACD: short ema:$262.602003225, long ema:$262.236571293
2017-12-27 14:13:41,877 INFO Sold?:False
2017-12-27 14:14:11,907 INFO Executing sell order ...... 
2017-12-27 14:14:12,335 INFO MACD: short ema:$262.548157071, long ema:$262.210645362
2017-12-27 14:14:12,335 INFO Sold?:False
2017-12-27 14:14:42,338 INFO Executing sell order ...... 
2017-12-27 14:14:42,756 INFO MACD: short ema:$262.583541686, long ema:$262.227682403
2017-12-27 14:14:42,756 INFO Sold?:False
2017-12-27 14:15:12,769 INFO Executing sell order ...... 
2017-12-27 14:15:13,153 INFO MACD: short ema:$262.583541686, long ema:$262.227682403
2017-12-27 14:15:13,153 INFO Sold?:False
2017-12-27 14:15:43,171 INFO Executing sell order ...... 
2017-12-27 14:15:43,549 INFO MACD: short ema:$262.656842965, long ema:$262.289335232
2017-12-27 14:15:43,549 INFO Sold?:False
2017-12-27 14:16:13,559 INFO Executing sell order ...... 
2017-12-27 14:16:13,952 INFO MACD: short ema:$262.656842965, long ema:$262.289335232
2017-12-27 14:16:13,953 INFO Sold?:False
2017-12-27 14:16:43,983 INFO Executing sell order ...... 
2017-12-27 14:16:44,489 INFO MACD: short ema:$262.636842965, long ema:$262.2797056
2017-12-27 14:16:44,489 INFO Sold?:False
2017-12-27 14:17:14,499 INFO Executing sell order ...... 
2017-12-27 14:17:14,919 INFO MACD: short ema:$262.80145835, long ema:$262.358964876
2017-12-27 14:17:14,919 INFO Sold?:False
2017-12-27 14:17:44,950 INFO Executing sell order ...... 
2017-12-27 14:17:45,343 INFO MACD: short ema:$262.80145835, long ema:$262.358964876
2017-12-27 14:17:45,343 INFO Sold?:False
2017-12-27 14:18:15,373 INFO Executing sell order ...... 
2017-12-27 14:18:15,776 INFO MACD: short ema:$262.847612196, long ema:$262.381187103
2017-12-27 14:18:15,777 INFO Sold?:False
2017-12-27 14:18:45,807 INFO Executing sell order ...... 
2017-12-27 14:18:46,250 INFO MACD: short ema:$262.858381427, long ema:$262.386372289
2017-12-27 14:18:46,250 INFO Sold?:False
2017-12-27 14:19:16,267 INFO Executing sell order ...... 
2017-12-27 14:19:16,699 INFO MACD: short ema:$262.858381427, long ema:$262.386372289
2017-12-27 14:19:16,699 INFO Sold?:False
2017-12-27 14:19:46,703 INFO Executing sell order ...... 
2017-12-27 14:19:47,076 INFO MACD: short ema:$262.876842965, long ema:$262.39526118
2017-12-27 14:19:47,076 INFO Sold?:False
2017-12-27 14:20:17,079 INFO Executing sell order ...... 
2017-12-27 14:20:17,466 INFO MACD: short ema:$262.876842965, long ema:$262.39526118
2017-12-27 14:20:17,466 INFO Sold?:False
2017-12-27 14:20:47,491 INFO Executing sell order ...... 
2017-12-27 14:20:47,908 INFO MACD: short ema:$263.126322746, long ema:$262.551112598
2017-12-27 14:20:47,908 INFO Sold?:False
2017-12-27 14:21:17,938 INFO Executing sell order ...... 
2017-12-27 14:21:18,341 INFO MACD: short ema:$263.181707361, long ema:$262.577779271
2017-12-27 14:21:18,341 INFO Sold?:False
2017-12-27 14:21:48,371 INFO Executing sell order ...... 
2017-12-27 14:21:48,795 INFO MACD: short ema:$263.181707361, long ema:$262.577779271
2017-12-27 14:21:48,796 INFO Sold?:False
2017-12-27 14:22:18,823 INFO Executing sell order ...... 
2017-12-27 14:22:19,224 INFO MACD: short ema:$263.1801689, long ema:$262.57703853
2017-12-27 14:22:19,224 INFO Sold?:False
2017-12-27 14:22:49,235 INFO Executing sell order ...... 
2017-12-27 14:22:49,613 INFO MACD: short ema:$263.1801689, long ema:$262.57703853
2017-12-27 14:22:49,613 INFO Sold?:False
2017-12-27 14:23:19,643 INFO Executing sell order ...... 
2017-12-27 14:23:20,047 INFO MACD: short ema:$263.181707361, long ema:$262.577779271
2017-12-27 14:23:20,048 INFO Sold?:False
2017-12-27 14:23:50,055 INFO Executing sell order ...... 
2017-12-27 14:23:50,420 INFO MACD: short ema:$263.181707361, long ema:$262.577779271
2017-12-27 14:23:50,421 INFO Sold?:False
2017-12-27 14:24:20,434 INFO Executing sell order ...... 
2017-12-27 14:24:20,829 INFO MACD: short ema:$263.181707361, long ema:$262.577779271
2017-12-27 14:24:20,830 INFO Sold?:False
2017-12-27 14:24:50,852 INFO Executing sell order ...... 
2017-12-27 14:24:51,276 INFO MACD: short ema:$263.181707361, long ema:$262.577779271
2017-12-27 14:24:51,276 INFO Sold?:False
2017-12-27 14:25:21,283 INFO Executing sell order ...... 
2017-12-27 14:25:21,676 INFO MACD: short ema:$263.181707361, long ema:$262.577779271
2017-12-27 14:25:21,677 INFO Sold?:False
2017-12-27 14:25:51,695 INFO Executing sell order ...... 
2017-12-27 14:25:52,085 INFO MACD: short ema:$263.437065992, long ema:$262.745405753
2017-12-27 14:25:52,086 INFO Sold?:False
2017-12-27 14:26:22,107 INFO Executing sell order ...... 
2017-12-27 14:26:22,494 INFO MACD: short ema:$263.443219838, long ema:$262.748368717
2017-12-27 14:26:22,494 INFO Sold?:False
2017-12-27 14:26:52,499 INFO Executing sell order ...... 
2017-12-27 14:26:52,891 INFO MACD: short ema:$263.443219838, long ema:$262.748368717
2017-12-27 14:26:52,891 INFO Sold?:False
2017-12-27 14:27:22,895 INFO Executing sell order ...... 
2017-12-27 14:27:23,330 INFO MACD: short ema:$263.4447583, long ema:$262.749109457
2017-12-27 14:27:23,330 INFO Sold?:False
2017-12-27 14:27:53,339 INFO Executing sell order ...... 
2017-12-27 14:27:53,714 INFO MACD: short ema:$263.4447583, long ema:$262.749109457
2017-12-27 14:27:53,714 INFO Sold?:False
2017-12-27 14:28:23,745 INFO Executing sell order ...... 
2017-12-27 14:28:24,113 INFO MACD: short ema:$263.446296761, long ema:$262.749850198
2017-12-27 14:28:24,113 INFO Sold?:False
2017-12-27 14:28:54,144 INFO Executing sell order ...... 
2017-12-27 14:28:54,544 INFO MACD: short ema:$263.455527531, long ema:$262.754294644
2017-12-27 14:28:54,544 INFO Sold?:False
2017-12-27 14:29:24,575 INFO Executing sell order ...... 
2017-12-27 14:29:24,983 INFO MACD: short ema:$263.455527531, long ema:$262.754294644
2017-12-27 14:29:24,984 INFO Sold?:False
2017-12-27 14:29:55,014 INFO Executing sell order ...... 
2017-12-27 14:29:55,411 INFO MACD: short ema:$263.455527531, long ema:$262.754294644
2017-12-27 14:29:55,412 INFO Sold?:False
2017-12-27 14:30:25,427 INFO Executing sell order ...... 
2017-12-27 14:30:25,853 INFO MACD: short ema:$263.455527531, long ema:$262.754294644
2017-12-27 14:30:25,854 INFO Sold?:False
2017-12-27 14:30:55,884 INFO Executing sell order ...... 
2017-12-27 14:30:56,294 INFO MACD: short ema:$263.686984834, long ema:$262.917679939
2017-12-27 14:30:56,294 INFO Sold?:False
2017-12-27 14:31:26,324 INFO Executing sell order ...... 
2017-12-27 14:31:26,736 INFO MACD: short ema:$263.690061757, long ema:$262.919161421
2017-12-27 14:31:26,736 INFO Sold?:False
2017-12-27 14:31:56,766 INFO Executing sell order ...... 
2017-12-27 14:31:57,164 INFO MACD: short ema:$263.690061757, long ema:$262.919161421
2017-12-27 14:31:57,164 INFO Sold?:False
2017-12-27 14:32:27,195 INFO Executing sell order ...... 
2017-12-27 14:32:27,578 INFO MACD: short ema:$263.83313868, long ema:$262.988050324
2017-12-27 14:32:27,579 INFO Sold?:False
2017-12-27 14:32:57,609 INFO Executing sell order ...... 
2017-12-27 14:32:57,982 INFO MACD: short ema:$263.828523295, long ema:$262.985828101
2017-12-27 14:32:57,983 INFO Sold?:False
2017-12-27 14:33:28,013 INFO Executing sell order ...... 
2017-12-27 14:33:28,439 INFO MACD: short ema:$263.828523295, long ema:$262.985828101
2017-12-27 14:33:28,439 INFO Sold?:False
2017-12-27 14:33:58,469 INFO Executing sell order ...... 
2017-12-27 14:33:58,823 INFO MACD: short ema:$263.846984834, long ema:$262.994716992
2017-12-27 14:33:58,824 INFO Sold?:False
2017-12-27 14:34:28,839 INFO Executing sell order ...... 
2017-12-27 14:34:29,202 INFO MACD: short ema:$263.846984834, long ema:$262.994716992
2017-12-27 14:34:29,202 INFO Sold?:False
2017-12-27 14:34:59,227 INFO Executing sell order ...... 
2017-12-27 14:34:59,668 INFO MACD: short ema:$263.862369449, long ema:$263.002124401
2017-12-27 14:34:59,668 INFO Sold?:False
2017-12-27 14:35:29,699 INFO Executing sell order ...... 
2017-12-27 14:35:30,077 INFO MACD: short ema:$264.344253439, long ema:$263.30075965
2017-12-27 14:35:30,078 INFO Sold?:False
2017-12-27 14:36:00,079 INFO Executing sell order ...... 
2017-12-27 14:36:00,464 INFO MACD: short ema:$264.344253439, long ema:$263.30075965
2017-12-27 14:36:00,464 INFO Sold?:False
2017-12-27 14:36:30,494 INFO Executing sell order ...... 
2017-12-27 14:36:30,886 INFO MACD: short ema:$264.342714977, long ema:$263.300018909
2017-12-27 14:36:30,887 INFO Sold?:False
2017-12-27 14:37:00,911 INFO Executing sell order ...... 
2017-12-27 14:37:01,286 INFO MACD: short ema:$264.342714977, long ema:$263.300018909
2017-12-27 14:37:01,287 INFO Sold?:False
2017-12-27 14:37:31,299 INFO Executing sell order ...... 
2017-12-27 14:37:31,681 INFO MACD: short ema:$264.362714977, long ema:$263.30964854
2017-12-27 14:37:31,681 INFO Sold?:False
2017-12-27 14:38:01,712 INFO Executing sell order ...... 
2017-12-27 14:38:02,129 INFO MACD: short ema:$264.408868824, long ema:$263.331870767
2017-12-27 14:38:02,130 INFO Sold?:False
2017-12-27 14:38:32,135 INFO Executing sell order ...... 
2017-12-27 14:38:32,569 INFO MACD: short ema:$264.408868824, long ema:$263.331870767
2017-12-27 14:38:32,569 INFO Sold?:False
2017-12-27 14:39:02,580 INFO Executing sell order ...... 
2017-12-27 14:39:02,994 INFO MACD: short ema:$264.408868824, long ema:$263.331870767
2017-12-27 14:39:02,994 INFO Sold?:False
2017-12-27 14:39:33,011 INFO Executing sell order ...... 
2017-12-27 14:39:34,189 INFO MACD: short ema:$264.408868824, long ema:$263.331870767
2017-12-27 14:39:34,189 INFO Sold?:False
2017-12-27 14:40:04,195 INFO Executing sell order ...... 
2017-12-27 14:40:04,610 INFO MACD: short ema:$264.318099593, long ema:$263.288167054
2017-12-27 14:40:04,611 INFO Sold?:False
2017-12-27 14:40:34,641 INFO Executing sell order ...... 
2017-12-27 14:40:35,045 INFO MACD: short ema:$264.482415632, long ema:$263.441032317
2017-12-27 14:40:35,046 INFO Sold?:False
2017-12-27 14:41:05,071 INFO Executing sell order ...... 
2017-12-27 14:41:05,466 INFO MACD: short ema:$264.482415632, long ema:$263.441032317
2017-12-27 14:41:05,467 INFO Sold?:False
2017-12-27 14:41:35,491 INFO Executing sell order ...... 
2017-12-27 14:41:35,871 INFO MACD: short ema:$264.516261786, long ema:$263.457328617
2017-12-27 14:41:35,872 INFO Sold?:False
2017-12-27 14:42:05,902 INFO Executing sell order ...... 
2017-12-27 14:42:06,312 INFO MACD: short ema:$264.516261786, long ema:$263.424736017
2017-12-27 14:42:06,312 INFO Sold?:False
2017-12-27 14:42:36,343 INFO Executing sell order ...... 
2017-12-27 14:42:36,815 INFO MACD: short ema:$264.448569478, long ema:$263.424736017
2017-12-27 14:42:36,815 INFO Sold?:False
2017-12-27 14:43:06,845 INFO Executing sell order ...... 
2017-12-27 14:43:07,245 INFO MACD: short ema:$264.33010794, long ema:$263.367698968
2017-12-27 14:43:07,245 INFO Sold?:False
2017-12-27 14:43:37,275 INFO Executing sell order ...... 
2017-12-27 14:43:37,679 INFO MACD: short ema:$264.33010794, long ema:$263.367698968
2017-12-27 14:43:37,679 INFO Sold?:False
2017-12-27 14:44:07,709 INFO Executing sell order ...... 
2017-12-27 14:44:08,075 INFO MACD: short ema:$264.297800247, long ema:$263.35214341
2017-12-27 14:44:08,075 INFO Sold?:False
2017-12-27 14:44:38,079 INFO Executing sell order ...... 
2017-12-27 14:44:38,474 INFO MACD: short ema:$264.297800247, long ema:$263.35214341
2017-12-27 14:44:38,474 INFO Sold?:False
2017-12-27 14:45:08,499 INFO Executing sell order ...... 
2017-12-27 14:45:08,893 INFO MACD: short ema:$264.297800247, long ema:$263.35214341
2017-12-27 14:45:08,893 INFO Sold?:False
2017-12-27 14:45:38,919 INFO Executing sell order ...... 
2017-12-27 14:45:39,290 INFO MACD: short ema:$264.328907901, long ema:$263.437169526
2017-12-27 14:45:39,291 INFO Sold?:False
2017-12-27 14:46:09,321 INFO Executing sell order ...... 
2017-12-27 14:46:09,725 INFO MACD: short ema:$264.328907901, long ema:$263.437169526
2017-12-27 14:46:09,726 INFO Sold?:False
2017-12-27 14:46:39,756 INFO Executing sell order ...... 
2017-12-27 14:46:40,152 INFO MACD: short ema:$264.336600209, long ema:$263.44087323
2017-12-27 14:46:40,152 INFO Sold?:False
2017-12-27 14:47:10,175 INFO Executing sell order ...... 
2017-12-27 14:47:10,588 INFO MACD: short ema:$264.370446363, long ema:$263.45716953
2017-12-27 14:47:10,588 INFO Sold?:False
2017-12-27 14:47:40,618 INFO Executing sell order ...... 
2017-12-27 14:47:41,050 INFO MACD: short ema:$264.370446363, long ema:$263.45716953
2017-12-27 14:47:41,050 INFO Sold?:False
2017-12-27 14:48:11,079 INFO Executing sell order ...... 
2017-12-27 14:48:11,446 INFO MACD: short ema:$264.398138671, long ema:$263.470502866
2017-12-27 14:48:11,447 INFO Sold?:False
2017-12-27 14:48:41,477 INFO Executing sell order ...... 
2017-12-27 14:48:41,863 INFO MACD: short ema:$264.398138671, long ema:$263.470502866
2017-12-27 14:48:41,864 INFO Sold?:False
2017-12-27 14:49:11,867 INFO Executing sell order ...... 
2017-12-27 14:49:12,213 INFO MACD: short ema:$264.428907901, long ema:$263.485317684
2017-12-27 14:49:12,213 INFO Sold?:False
2017-12-27 14:49:42,244 INFO Executing sell order ...... 
2017-12-27 14:49:42,631 INFO MACD: short ema:$264.285830978, long ema:$263.416428781
2017-12-27 14:49:42,632 INFO Sold?:False
2017-12-27 14:50:12,662 INFO Executing sell order ...... 
2017-12-27 14:50:13,184 INFO MACD: short ema:$264.285830978, long ema:$263.416428781
2017-12-27 14:50:13,184 INFO Sold?:False
2017-12-27 14:50:43,214 INFO Executing sell order ...... 
2017-12-27 14:50:43,639 INFO MACD: short ema:$264.165052248, long ema:$263.419189572
2017-12-27 14:50:43,639 INFO Sold?:False
2017-12-27 14:51:13,667 INFO Executing sell order ...... 
2017-12-27 14:51:14,035 INFO MACD: short ema:$264.165052248, long ema:$263.419189572
2017-12-27 14:51:14,035 INFO Sold?:False
2017-12-27 14:51:44,065 INFO Executing sell order ...... 
2017-12-27 14:51:44,502 INFO MACD: short ema:$264.115821479, long ema:$263.395485864
2017-12-27 14:51:44,503 INFO Sold?:False
2017-12-27 14:52:14,533 INFO Executing sell order ...... 
2017-12-27 14:52:14,938 INFO MACD: short ema:$264.02659071, long ema:$263.352522892
2017-12-27 14:52:14,939 INFO Sold?:False
2017-12-27 14:52:44,969 INFO Executing sell order ...... 
2017-12-27 14:52:45,352 INFO MACD: short ema:$264.02659071, long ema:$263.352522892
2017-12-27 14:52:45,353 INFO Sold?:False
2017-12-27 14:53:15,367 INFO Executing sell order ...... 
2017-12-27 14:53:15,775 INFO MACD: short ema:$264.011206094, long ema:$263.345115483
2017-12-27 14:53:15,775 INFO Sold?:False
2017-12-27 14:53:45,803 INFO Executing sell order ...... 
2017-12-27 14:53:46,229 INFO MACD: short ema:$264.049667633, long ema:$263.363634005
2017-12-27 14:53:46,229 INFO Sold?:False
2017-12-27 14:54:16,235 INFO Executing sell order ...... 
2017-12-27 14:54:16,658 INFO MACD: short ema:$264.049667633, long ema:$263.363634005
2017-12-27 14:54:16,658 INFO Sold?:False
2017-12-27 14:54:46,689 INFO Executing sell order ...... 
2017-12-27 14:54:47,044 INFO MACD: short ema:$264.023513786, long ema:$263.35104141
2017-12-27 14:54:47,044 INFO Sold?:False
2017-12-27 14:55:17,075 INFO Executing sell order ...... 
2017-12-27 14:55:17,533 INFO MACD: short ema:$264.023513786, long ema:$263.35104141
2017-12-27 14:55:17,533 INFO Sold?:False
2017-12-27 14:55:47,535 INFO Executing sell order ...... 
2017-12-27 14:55:47,908 INFO MACD: short ema:$263.926641843, long ema:$263.355216353
2017-12-27 14:55:47,908 INFO Sold?:False
2017-12-27 14:56:17,939 INFO Executing sell order ...... 
2017-12-27 14:56:18,406 INFO MACD: short ema:$263.925103381, long ema:$263.354475612
2017-12-27 14:56:18,406 INFO Sold?:False
2017-12-27 14:56:48,437 INFO Executing sell order ...... 
2017-12-27 14:56:48,815 INFO MACD: short ema:$263.925103381, long ema:$263.354475612
2017-12-27 14:56:48,815 INFO Sold?:False
2017-12-27 14:57:18,835 INFO Executing sell order ...... 
2017-12-27 14:57:19,223 INFO MACD: short ema:$263.912795689, long ema:$263.348549685
2017-12-27 14:57:19,223 INFO Sold?:False
2017-12-27 14:57:49,253 INFO Executing sell order ...... 
2017-12-27 14:57:49,701 INFO MACD: short ema:$263.912795689, long ema:$263.348549685
2017-12-27 14:57:49,701 INFO Sold?:False
2017-12-27 14:58:19,732 INFO Executing sell order ...... 
2017-12-27 14:58:20,095 INFO MACD: short ema:$263.811257228, long ema:$263.299660786
2017-12-27 14:58:20,095 INFO Sold?:False
2017-12-27 14:58:50,125 INFO Executing sell order ...... 
2017-12-27 14:58:50,510 INFO MACD: short ema:$263.832795689, long ema:$263.310031159
2017-12-27 14:58:50,511 INFO Sold?:False
2017-12-27 14:59:20,511 INFO Executing sell order ...... 
2017-12-27 14:59:20,907 INFO MACD: short ema:$263.832795689, long ema:$263.310031159
2017-12-27 14:59:20,907 INFO Sold?:False
2017-12-27 14:59:50,911 INFO Executing sell order ...... 
2017-12-27 14:59:51,322 INFO MACD: short ema:$263.775872612, long ema:$263.282623746
2017-12-27 14:59:51,322 INFO Sold?:False
2017-12-27 15:00:21,343 INFO Executing sell order ...... 
2017-12-27 15:00:21,742 INFO MACD: short ema:$263.775872612, long ema:$263.282623746
2017-12-27 15:00:21,742 INFO Sold?:False
2017-12-27 15:00:51,773 INFO Executing sell order ...... 
2017-12-27 15:00:52,132 INFO MACD: short ema:$263.621478009, long ema:$263.246654065
2017-12-27 15:00:52,132 INFO Sold?:False
2017-12-27 15:01:22,143 INFO Executing sell order ...... 
2017-12-27 15:01:22,602 INFO MACD: short ema:$263.623016471, long ema:$263.247394806
2017-12-27 15:01:22,602 INFO Sold?:False
2017-12-27 15:01:52,632 INFO Executing sell order ...... 
2017-12-27 15:01:53,053 INFO MACD: short ema:$263.623016471, long ema:$263.247394806
2017-12-27 15:01:53,054 INFO Sold?:False
2017-12-27 15:02:23,079 INFO Executing sell order ...... 
2017-12-27 15:02:23,523 INFO MACD: short ema:$263.623016471, long ema:$263.247394806
2017-12-27 15:02:23,523 INFO Sold?:False
2017-12-27 15:02:53,553 INFO Executing sell order ...... 
2017-12-27 15:02:53,976 INFO MACD: short ema:$263.623016471, long ema:$263.247394806
2017-12-27 15:02:53,977 INFO Sold?:False
2017-12-27 15:03:23,979 INFO Executing sell order ...... 
2017-12-27 15:03:24,362 INFO MACD: short ema:$263.63224724, long ema:$263.251839251
2017-12-27 15:03:24,362 INFO Sold?:False
2017-12-27 15:03:54,393 INFO Executing sell order ...... 
2017-12-27 15:03:54,782 INFO MACD: short ema:$263.623016471, long ema:$263.247394806
2017-12-27 15:03:54,782 INFO Sold?:False
2017-12-27 15:04:24,795 INFO Executing sell order ...... 
2017-12-27 15:04:25,147 INFO MACD: short ema:$263.623016471, long ema:$263.247394806
2017-12-27 15:04:25,148 INFO Sold?:False
2017-12-27 15:04:55,178 INFO Executing sell order ...... 
2017-12-27 15:04:55,609 INFO MACD: short ema:$263.619939548, long ema:$263.245913324
2017-12-27 15:04:55,610 INFO Sold?:False
2017-12-27 15:05:25,640 INFO Executing sell order ...... 
2017-12-27 15:05:26,030 INFO MACD: short ema:$263.619939548, long ema:$263.245913324
2017-12-27 15:05:26,030 INFO Sold?:False
2017-12-27 15:05:56,061 INFO Executing sell order ...... 
2017-12-27 15:05:56,417 INFO MACD: short ema:$263.367522812, long ema:$263.150193771
2017-12-27 15:05:56,418 INFO Sold?:False
2017-12-27 15:06:26,445 INFO Executing sell order ...... 
2017-12-27 15:06:26,881 INFO MACD: short ema:$263.358292043, long ema:$263.145749325
2017-12-27 15:06:26,881 INFO Sold?:False
2017-12-27 15:06:56,883 INFO Executing sell order ...... 
2017-12-27 15:06:57,257 INFO MACD: short ema:$263.358292043, long ema:$263.145749325
2017-12-27 15:06:57,257 INFO Sold?:False
2017-12-27 15:07:27,285 INFO Executing sell order ...... 
2017-12-27 15:07:27,688 INFO MACD: short ema:$263.358292043, long ema:$263.145749325
2017-12-27 15:07:27,689 INFO Sold?:False
2017-12-27 15:07:57,703 INFO Executing sell order ...... 
2017-12-27 15:07:58,087 INFO MACD: short ema:$263.358292043, long ema:$263.145749325
2017-12-27 15:07:58,087 INFO Sold?:False
