2017-12-26 17:37:55,002 INFO 
2017-12-26 17:37:55,018 INFO ---------------New trade---------------
2017-12-26 17:37:56,163 INFO Trade Option:2
2017-12-26 17:37:56,163 INFO Initial Account Summary:{u'LTC-USD': {'currency_type': 'coin', 'price': 280.91, 'size': 0.01}, u'USD-USD': {'currency_type': 'USD', 'price': 1, 'size': 498.1635094}}
2017-12-26 17:37:56,163 INFO ########## Trade ##########
2017-12-26 17:37:56,930 INFO MACD: short ema:$280.875012605, long ema:$280.554870901
2017-12-26 17:37:56,930 INFO Waiting price<ema to start trading cycle.
2017-12-26 17:37:58,933 INFO Start trading loop......
2017-12-26 17:37:58,933 INFO Doing initial check......
2017-12-26 17:37:59,646 INFO Current Acct info: {u'LTC-USD': {'currency_type': 'coin', 'price': 280.91, 'size': 0.01}, u'USD-USD': {'currency_type': 'USD', 'price': 1, 'size': 498.1635094}}
2017-12-26 17:37:59,646 INFO Current total value: 500.9726094
2017-12-26 17:37:59,646 INFO Cleanning all orders......
2017-12-26 17:38:00,840 INFO Executing buy order ...... 
2017-12-26 17:38:01,537 INFO MACD: short ema:$280.875012605, long ema:$280.554870901
2017-12-26 17:38:01,986 INFO Placed a buy order.
2017-12-26 17:38:04,202 INFO Exception:global name 'none' is not defined
2017-12-26 17:38:04,202 INFO Start trading loop......
2017-12-26 17:38:04,202 INFO Doing initial check......
2017-12-26 17:38:05,132 INFO Current Acct info: {u'LTC-USD': {'currency_type': 'coin', 'price': 280.92, 'size': 0.01}, u'USD-USD': {'currency_type': 'USD', 'price': 1, 'size': 498.1635094}}
2017-12-26 17:38:05,132 INFO Current total value: 500.9727094
2017-12-26 17:38:05,133 INFO Cleanning all orders......
2017-12-26 17:38:06,787 INFO Executing buy order ...... 
2017-12-26 17:38:07,276 INFO MACD: short ema:$280.875012605, long ema:$280.554870901
2017-12-26 17:38:07,757 INFO Placed a buy order.
