2017-12-26 17:51:57,724 INFO 
2017-12-26 17:51:57,724 INFO ---------------New trade---------------
2017-12-26 17:51:59,605 INFO Trade Option:2
2017-12-26 17:51:59,605 INFO Initial Account Summary:{u'LTC-USD': {'currency_type': 'coin', 'price': 281.0, 'size': 0.01}, u'USD-USD': {'currency_type': 'USD', 'price': 1, 'size': 498.1635094}}
2017-12-26 17:51:59,605 INFO ########## Trade ##########
2017-12-26 17:52:00,296 INFO MACD: short ema:$280.908773249, long ema:$280.617582095
2017-12-26 17:52:00,296 INFO MACD: short ema:$280.908773249, long ema:$280.617582095
2017-12-26 17:52:00,296 INFO Waiting price<ema to start trading cycle.
2017-12-26 17:52:02,299 INFO Start trading loop......
2017-12-26 17:52:02,299 INFO Doing initial check......
2017-12-26 17:52:03,196 INFO Current Acct info: {u'LTC-USD': {'currency_type': 'coin', 'price': 281.0, 'size': 0.01}, u'USD-USD': {'currency_type': 'USD', 'price': 1, 'size': 498.1635094}}
2017-12-26 17:52:03,196 INFO Current total value: 500.9735094
2017-12-26 17:52:03,196 INFO Cleanning all orders......
2017-12-26 17:52:04,618 INFO Executing buy order ...... 
2017-12-26 17:52:05,677 INFO MACD: short ema:$280.908773249, long ema:$280.617582095
2017-12-26 17:52:05,677 INFO MACD: short ema:$280.908773249, long ema:$280.617582095
2017-12-26 17:52:06,406 INFO Placed a buy order.
2017-12-26 17:52:08,829 INFO Cancel a placed order...
2017-12-26 17:52:09,638 INFO Bought?:False
2017-12-26 17:52:10,639 INFO Executing buy order ...... 
2017-12-26 17:52:11,584 INFO MACD: short ema:$280.908773249, long ema:$280.617582095
2017-12-26 17:52:11,584 INFO MACD: short ema:$280.908773249, long ema:$280.617582095
2017-12-26 17:52:12,243 INFO Placed a buy order.
2017-12-26 17:52:14,664 INFO Cancel a placed order...
2017-12-26 17:52:14,861 INFO Bought?:False
2017-12-26 17:52:15,862 INFO Executing buy order ...... 
