2017-12-27 02:39:33,270 INFO 
2017-12-27 02:39:33,270 INFO ---------------New trade---------------
2017-12-27 02:39:34,010 INFO Trade Option:2
2017-12-27 02:39:34,011 INFO Initial Account Summary:{u'LTC-USD': {'currency_type': 'coin', 'price': 280.0, 'size': 0.0}, u'USD-USD': {'currency_type': 'USD', 'price': 1, 'size': 500.956904}}
2017-12-27 02:39:34,011 INFO ########## Trade ##########
2017-12-27 02:39:34,378 INFO MACD: short ema:$280.317525688, long ema:$280.430447319
2017-12-27 02:39:34,378 INFO Start trading loop......
2017-12-27 02:39:34,379 INFO Doing initial check......
2017-12-27 02:39:35,004 INFO Current Acct info: {u'LTC-USD': {'currency_type': 'coin', 'price': 280.0, 'size': 0.0}, u'USD-USD': {'currency_type': 'USD', 'price': 1, 'size': 500.956904}}
2017-12-27 02:39:35,005 INFO Current total value: 500.956904
2017-12-27 02:39:35,005 INFO Cleanning all orders......
2017-12-27 02:39:39,127 INFO Executing buy order ...... 
2017-12-27 02:39:39,401 INFO MACD: short ema:$280.317525688, long ema:$280.430447319
2017-12-27 02:39:39,401 INFO Bought?:False
2017-12-27 02:39:43,406 INFO Executing buy order ...... 
2017-12-27 02:39:43,676 INFO MACD: short ema:$280.317525688, long ema:$280.430447319
2017-12-27 02:39:43,676 INFO Bought?:False
2017-12-27 02:39:47,681 INFO Executing buy order ...... 
2017-12-27 02:39:47,959 INFO MACD: short ema:$280.317525688, long ema:$280.430447319
2017-12-27 02:39:47,959 INFO Bought?:False
2017-12-27 02:39:51,963 INFO Executing buy order ...... 
2017-12-27 02:39:52,215 INFO MACD: short ema:$280.317525688, long ema:$280.430447319
2017-12-27 02:39:52,215 INFO Bought?:False
2017-12-27 02:39:56,219 INFO Executing buy order ...... 
2017-12-27 02:39:56,484 INFO MACD: short ema:$280.317525688, long ema:$280.430447319
2017-12-27 02:39:56,484 INFO Bought?:False
2017-12-27 02:40:00,488 INFO Executing buy order ...... 
2017-12-27 02:40:00,744 INFO MACD: short ema:$280.317525688, long ema:$280.430447319
2017-12-27 02:40:00,745 INFO Bought?:False
2017-12-27 02:40:04,749 INFO Executing buy order ...... 
2017-12-27 02:40:05,109 INFO MACD: short ema:$280.317525688, long ema:$280.430447319
2017-12-27 02:40:05,109 INFO Bought?:False
2017-12-27 02:40:09,113 INFO Executing buy order ...... 
2017-12-27 02:40:09,384 INFO MACD: short ema:$280.317525688, long ema:$280.430447319
2017-12-27 02:40:09,385 INFO Bought?:False
2017-12-27 02:40:13,389 INFO Executing buy order ...... 
2017-12-27 02:40:13,648 INFO MACD: short ema:$280.273882683, long ema:$280.40130581
2017-12-27 02:40:13,649 INFO Bought?:False
2017-12-27 02:40:17,653 INFO Executing buy order ...... 
2017-12-27 02:40:17,890 INFO MACD: short ema:$280.273882683, long ema:$280.40130581
2017-12-27 02:40:17,890 INFO Bought?:False
2017-12-27 02:40:21,894 INFO Executing buy order ...... 
2017-12-27 02:40:22,149 INFO MACD: short ema:$280.273882683, long ema:$280.40130581
2017-12-27 02:40:22,149 INFO Bought?:False
2017-12-27 02:40:26,153 INFO Executing buy order ...... 
2017-12-27 02:40:26,397 INFO MACD: short ema:$280.273882683, long ema:$280.40130581
2017-12-27 02:40:26,397 INFO Bought?:False
2017-12-27 02:40:30,401 INFO Executing buy order ...... 
2017-12-27 02:40:30,718 INFO MACD: short ema:$280.273882683, long ema:$280.40130581
2017-12-27 02:40:30,718 INFO Bought?:False
2017-12-27 02:40:34,722 INFO Executing buy order ...... 
2017-12-27 02:40:35,009 INFO MACD: short ema:$280.273882683, long ema:$280.40130581
2017-12-27 02:40:35,009 INFO Bought?:False
2017-12-27 02:40:39,014 INFO Executing buy order ...... 
2017-12-27 02:40:39,268 INFO MACD: short ema:$280.273882683, long ema:$280.40130581
2017-12-27 02:40:39,268 INFO Bought?:False
2017-12-27 02:40:43,272 INFO Executing buy order ...... 
2017-12-27 02:40:43,536 INFO MACD: short ema:$280.273882683, long ema:$280.40130581
2017-12-27 02:40:43,536 INFO Bought?:False
2017-12-27 02:40:47,541 INFO Executing buy order ...... 
2017-12-27 02:40:47,796 INFO MACD: short ema:$280.273882683, long ema:$280.40130581
2017-12-27 02:40:47,796 INFO Bought?:False
2017-12-27 02:40:51,801 INFO Executing buy order ...... 
2017-12-27 02:40:52,151 INFO MACD: short ema:$280.273882683, long ema:$280.40130581
2017-12-27 02:40:52,153 INFO Bought?:False
2017-12-27 02:40:56,157 INFO Executing buy order ...... 
2017-12-27 02:40:56,409 INFO MACD: short ema:$280.273882683, long ema:$280.40130581
2017-12-27 02:40:56,410 INFO Bought?:False
2017-12-27 02:41:00,414 INFO Executing buy order ...... 
2017-12-27 02:41:00,654 INFO MACD: short ema:$280.273882683, long ema:$280.40130581
2017-12-27 02:41:00,654 INFO Bought?:False
2017-12-27 02:41:04,658 INFO Executing buy order ...... 
2017-12-27 02:41:04,924 INFO MACD: short ema:$280.273882683, long ema:$280.40130581
2017-12-27 02:41:04,925 INFO Bought?:False
2017-12-27 02:41:08,929 INFO Executing buy order ...... 
2017-12-27 02:41:09,188 INFO MACD: short ema:$280.273882683, long ema:$280.40130581
2017-12-27 02:41:09,188 INFO Bought?:False
2017-12-27 02:41:13,193 INFO Executing buy order ...... 
2017-12-27 02:41:13,419 INFO MACD: short ema:$280.273882683, long ema:$280.40130581
2017-12-27 02:41:13,419 INFO Bought?:False
2017-12-27 02:41:17,423 INFO Executing buy order ...... 
2017-12-27 02:41:17,685 INFO MACD: short ema:$280.273882683, long ema:$280.40130581
2017-12-27 02:41:17,685 INFO Bought?:False
2017-12-27 02:41:21,689 INFO Executing buy order ...... 
2017-12-27 02:41:21,941 INFO MACD: short ema:$280.273882683, long ema:$280.40130581
2017-12-27 02:41:21,942 INFO Bought?:False
2017-12-27 02:41:25,946 INFO Executing buy order ...... 
2017-12-27 02:41:26,297 INFO MACD: short ema:$280.273882683, long ema:$280.40130581
2017-12-27 02:41:26,298 INFO Bought?:False
2017-12-27 02:41:30,302 INFO Executing buy order ...... 
2017-12-27 02:41:30,551 INFO MACD: short ema:$280.273882683, long ema:$280.40130581
2017-12-27 02:41:30,552 INFO Bought?:False
2017-12-27 02:41:34,556 INFO Executing buy order ...... 
2017-12-27 02:41:34,806 INFO MACD: short ema:$280.273882683, long ema:$280.40130581
2017-12-27 02:41:34,806 INFO Bought?:False
2017-12-27 02:41:38,810 INFO Executing buy order ...... 
2017-12-27 02:41:39,045 INFO MACD: short ema:$280.273882683, long ema:$280.40130581
2017-12-27 02:41:39,045 INFO Bought?:False
2017-12-27 02:41:43,049 INFO Executing buy order ...... 
2017-12-27 02:41:43,306 INFO MACD: short ema:$280.273882683, long ema:$280.40130581
2017-12-27 02:41:43,306 INFO Bought?:False
2017-12-27 02:41:47,310 INFO Executing buy order ...... 
2017-12-27 02:41:47,594 INFO MACD: short ema:$280.273882683, long ema:$280.40130581
2017-12-27 02:41:47,594 INFO Bought?:False
2017-12-27 02:41:51,598 INFO Executing buy order ...... 
2017-12-27 02:41:51,883 INFO MACD: short ema:$280.273882683, long ema:$280.40130581
2017-12-27 02:41:51,884 INFO Bought?:False
2017-12-27 02:41:55,888 INFO Executing buy order ...... 
2017-12-27 02:41:56,141 INFO MACD: short ema:$280.273882683, long ema:$280.40130581
2017-12-27 02:41:56,142 INFO Bought?:False
2017-12-27 02:42:00,146 INFO Executing buy order ...... 
2017-12-27 02:42:00,397 INFO MACD: short ema:$280.273882683, long ema:$280.40130581
2017-12-27 02:42:00,397 INFO Bought?:False
2017-12-27 02:42:04,401 INFO Executing buy order ...... 
2017-12-27 02:42:04,657 INFO MACD: short ema:$280.273882683, long ema:$280.40130581
2017-12-27 02:42:04,657 INFO Bought?:False
2017-12-27 02:42:08,661 INFO Executing buy order ...... 
2017-12-27 02:42:08,900 INFO MACD: short ema:$280.273882683, long ema:$280.40130581
2017-12-27 02:42:08,900 INFO Bought?:False
2017-12-27 02:42:12,902 INFO Executing buy order ...... 
2017-12-27 02:42:13,149 INFO MACD: short ema:$280.273882683, long ema:$280.40130581
2017-12-27 02:42:13,149 INFO Bought?:False
2017-12-27 02:42:17,153 INFO Executing buy order ...... 
2017-12-27 02:42:17,474 INFO MACD: short ema:$280.273882683, long ema:$280.40130581
2017-12-27 02:42:17,474 INFO Bought?:False
2017-12-27 02:42:21,478 INFO Executing buy order ...... 
2017-12-27 02:42:21,727 INFO MACD: short ema:$280.273882683, long ema:$280.40130581
2017-12-27 02:42:21,727 INFO Bought?:False
2017-12-27 02:42:25,731 INFO Executing buy order ...... 
2017-12-27 02:42:25,970 INFO MACD: short ema:$280.273882683, long ema:$280.40130581
2017-12-27 02:42:25,971 INFO Bought?:False
2017-12-27 02:42:29,975 INFO Executing buy order ...... 
2017-12-27 02:42:30,216 INFO MACD: short ema:$280.273882683, long ema:$280.40130581
2017-12-27 02:42:30,216 INFO Bought?:False
2017-12-27 02:42:34,221 INFO Executing buy order ...... 
2017-12-27 02:42:34,458 INFO MACD: short ema:$280.273882683, long ema:$280.40130581
2017-12-27 02:42:34,458 INFO Bought?:False
2017-12-27 02:42:38,462 INFO Executing buy order ...... 
2017-12-27 02:42:38,732 INFO MACD: short ema:$280.273882683, long ema:$280.40130581
2017-12-27 02:42:38,732 INFO Bought?:False
2017-12-27 02:42:42,737 INFO Executing buy order ...... 
2017-12-27 02:42:43,016 INFO MACD: short ema:$280.273882683, long ema:$280.40130581
2017-12-27 02:42:43,017 INFO Bought?:False
2017-12-27 02:42:47,021 INFO Executing buy order ...... 
2017-12-27 02:42:47,347 INFO MACD: short ema:$280.273882683, long ema:$280.40130581
2017-12-27 02:42:47,347 INFO Bought?:False
2017-12-27 02:42:51,352 INFO Executing buy order ...... 
2017-12-27 02:42:51,609 INFO MACD: short ema:$280.273882683, long ema:$280.40130581
2017-12-27 02:42:51,610 INFO Bought?:False
2017-12-27 02:42:55,614 INFO Executing buy order ...... 
2017-12-27 02:42:55,858 INFO MACD: short ema:$280.273882683, long ema:$280.40130581
2017-12-27 02:42:55,859 INFO Bought?:False
2017-12-27 02:42:59,863 INFO Executing buy order ...... 
2017-12-27 02:43:00,142 INFO MACD: short ema:$280.273882683, long ema:$280.40130581
2017-12-27 02:43:00,143 INFO Bought?:False
2017-12-27 02:43:04,147 INFO Executing buy order ...... 
2017-12-27 02:43:04,420 INFO MACD: short ema:$280.273882683, long ema:$280.40130581
2017-12-27 02:43:04,420 INFO Bought?:False
2017-12-27 02:43:08,424 INFO Executing buy order ...... 
2017-12-27 02:43:08,674 INFO MACD: short ema:$280.273882683, long ema:$280.40130581
2017-12-27 02:43:08,674 INFO Bought?:False
2017-12-27 02:43:12,678 INFO Executing buy order ...... 
2017-12-27 02:43:12,961 INFO MACD: short ema:$280.273882683, long ema:$280.40130581
2017-12-27 02:43:12,961 INFO Bought?:False
2017-12-27 02:43:16,963 INFO Executing buy order ...... 
2017-12-27 02:43:17,204 INFO MACD: short ema:$280.273882683, long ema:$280.40130581
2017-12-27 02:43:17,204 INFO Bought?:False
2017-12-27 02:43:21,209 INFO Executing buy order ...... 
2017-12-27 02:43:21,459 INFO MACD: short ema:$280.273882683, long ema:$280.40130581
2017-12-27 02:43:21,459 INFO Bought?:False
2017-12-27 02:43:25,463 INFO Executing buy order ...... 
2017-12-27 02:43:25,727 INFO MACD: short ema:$280.273882683, long ema:$280.40130581
2017-12-27 02:43:25,727 INFO Bought?:False
2017-12-27 02:43:29,732 INFO Executing buy order ...... 
2017-12-27 02:43:30,014 INFO MACD: short ema:$280.273882683, long ema:$280.40130581
2017-12-27 02:43:30,014 INFO Bought?:False
2017-12-27 02:43:34,018 INFO Executing buy order ...... 
2017-12-27 02:43:34,262 INFO MACD: short ema:$280.273882683, long ema:$280.40130581
2017-12-27 02:43:34,263 INFO Bought?:False
2017-12-27 02:43:38,267 INFO Executing buy order ...... 
2017-12-27 02:43:38,520 INFO MACD: short ema:$280.273882683, long ema:$280.40130581
2017-12-27 02:43:38,521 INFO Bought?:False
2017-12-27 02:43:42,525 INFO Executing buy order ...... 
2017-12-27 02:43:42,782 INFO MACD: short ema:$280.273882683, long ema:$280.40130581
2017-12-27 02:43:42,782 INFO Bought?:False
2017-12-27 02:43:46,787 INFO Executing buy order ...... 
2017-12-27 02:43:47,080 INFO MACD: short ema:$280.273882683, long ema:$280.40130581
2017-12-27 02:43:47,080 INFO Bought?:False
2017-12-27 02:43:51,084 INFO Executing buy order ...... 
2017-12-27 02:43:51,340 INFO MACD: short ema:$280.273882683, long ema:$280.40130581
2017-12-27 02:43:51,340 INFO Bought?:False
2017-12-27 02:43:55,344 INFO Executing buy order ...... 
2017-12-27 02:43:55,600 INFO MACD: short ema:$280.273882683, long ema:$280.40130581
2017-12-27 02:43:55,600 INFO Bought?:False
2017-12-27 02:43:59,604 INFO Executing buy order ...... 
2017-12-27 02:43:59,866 INFO MACD: short ema:$280.273882683, long ema:$280.40130581
2017-12-27 02:43:59,866 INFO Bought?:False
2017-12-27 02:44:03,870 INFO Executing buy order ...... 
2017-12-27 02:44:04,126 INFO MACD: short ema:$280.273882683, long ema:$280.40130581
2017-12-27 02:44:04,127 INFO Bought?:False
2017-12-27 02:44:08,131 INFO Executing buy order ...... 
2017-12-27 02:44:08,390 INFO MACD: short ema:$280.273882683, long ema:$280.40130581
2017-12-27 02:44:08,390 INFO Bought?:False
2017-12-27 02:44:12,394 INFO Executing buy order ...... 
2017-12-27 02:44:12,762 INFO MACD: short ema:$280.273882683, long ema:$280.40130581
2017-12-27 02:44:12,762 INFO Bought?:False
2017-12-27 02:44:16,767 INFO Executing buy order ...... 
2017-12-27 02:44:17,008 INFO MACD: short ema:$280.273882683, long ema:$280.40130581
2017-12-27 02:44:17,008 INFO Bought?:False
2017-12-27 02:44:21,012 INFO Executing buy order ...... 
2017-12-27 02:44:21,281 INFO MACD: short ema:$280.273882683, long ema:$280.40130581
2017-12-27 02:44:21,281 INFO Bought?:False
2017-12-27 02:44:25,285 INFO Executing buy order ...... 
2017-12-27 02:44:25,535 INFO MACD: short ema:$280.273882683, long ema:$280.40130581
2017-12-27 02:44:25,536 INFO Bought?:False
2017-12-27 02:44:29,540 INFO Executing buy order ...... 
2017-12-27 02:44:29,835 INFO MACD: short ema:$280.273882683, long ema:$280.40130581
2017-12-27 02:44:29,835 INFO Bought?:False
2017-12-27 02:44:33,840 INFO Executing buy order ...... 
2017-12-27 02:44:34,091 INFO MACD: short ema:$280.273882683, long ema:$280.40130581
2017-12-27 02:44:34,091 INFO Bought?:False
2017-12-27 02:44:38,095 INFO Executing buy order ...... 
2017-12-27 02:44:38,383 INFO MACD: short ema:$280.273882683, long ema:$280.40130581
2017-12-27 02:44:38,383 INFO Bought?:False
2017-12-27 02:44:42,388 INFO Executing buy order ...... 
2017-12-27 02:44:42,637 INFO MACD: short ema:$280.273882683, long ema:$280.40130581
2017-12-27 02:44:42,637 INFO Bought?:False
2017-12-27 02:44:46,641 INFO Executing buy order ...... 
2017-12-27 02:44:46,912 INFO MACD: short ema:$280.273882683, long ema:$280.40130581
2017-12-27 02:44:46,913 INFO Bought?:False
2017-12-27 02:44:50,917 INFO Executing buy order ...... 
2017-12-27 02:44:51,192 INFO MACD: short ema:$280.273882683, long ema:$280.40130581
2017-12-27 02:44:51,192 INFO Bought?:False
2017-12-27 02:44:55,196 INFO Executing buy order ...... 
2017-12-27 02:44:55,455 INFO MACD: short ema:$280.273882683, long ema:$280.40130581
2017-12-27 02:44:55,455 INFO Bought?:False
2017-12-27 02:44:59,460 INFO Executing buy order ...... 
2017-12-27 02:44:59,707 INFO MACD: short ema:$280.273882683, long ema:$280.40130581
2017-12-27 02:44:59,707 INFO Bought?:False
2017-12-27 02:45:03,712 INFO Executing buy order ...... 
2017-12-27 02:45:04,744 INFO MACD: short ema:$280.273882683, long ema:$280.40130581
2017-12-27 02:45:04,745 INFO Bought?:False
2017-12-27 02:45:08,749 INFO Executing buy order ...... 
2017-12-27 02:45:09,015 INFO MACD: short ema:$280.273882683, long ema:$280.40130581
2017-12-27 02:45:09,015 INFO Bought?:False
2017-12-27 02:45:13,020 INFO Executing buy order ...... 
2017-12-27 02:45:13,300 INFO MACD: short ema:$280.288551619, long ema:$280.400111695
2017-12-27 02:45:13,300 INFO Bought?:False
2017-12-27 02:45:17,304 INFO Executing buy order ...... 
2017-12-27 02:45:17,564 INFO MACD: short ema:$280.288551619, long ema:$280.400111695
2017-12-27 02:45:17,564 INFO Bought?:False
2017-12-27 02:45:21,568 INFO Executing buy order ...... 
2017-12-27 02:45:21,830 INFO MACD: short ema:$280.288551619, long ema:$280.400111695
2017-12-27 02:45:21,830 INFO Bought?:False
2017-12-27 02:45:25,834 INFO Executing buy order ...... 
2017-12-27 02:45:26,068 INFO MACD: short ema:$280.288551619, long ema:$280.400111695
2017-12-27 02:45:26,068 INFO Bought?:False
2017-12-27 02:45:30,071 INFO Executing buy order ...... 
2017-12-27 02:45:30,367 INFO MACD: short ema:$280.288551619, long ema:$280.400111695
2017-12-27 02:45:30,368 INFO Bought?:False
2017-12-27 02:45:34,372 INFO Executing buy order ...... 
2017-12-27 02:45:34,655 INFO MACD: short ema:$280.288551619, long ema:$280.400111695
2017-12-27 02:45:34,655 INFO Bought?:False
2017-12-27 02:45:38,660 INFO Executing buy order ...... 
2017-12-27 02:45:38,981 INFO MACD: short ema:$280.288551619, long ema:$280.400111695
2017-12-27 02:45:38,982 INFO Bought?:False
2017-12-27 02:45:42,987 INFO Executing buy order ...... 
2017-12-27 02:45:43,232 INFO MACD: short ema:$280.288551619, long ema:$280.400111695
2017-12-27 02:45:43,232 INFO Bought?:False
2017-12-27 02:45:47,236 INFO Executing buy order ...... 
2017-12-27 02:45:47,531 INFO MACD: short ema:$280.288551619, long ema:$280.400111695
2017-12-27 02:45:47,531 INFO Bought?:False
2017-12-27 02:45:51,535 INFO Executing buy order ...... 
2017-12-27 02:45:51,817 INFO MACD: short ema:$280.288551619, long ema:$280.400111695
2017-12-27 02:45:51,817 INFO Bought?:False
2017-12-27 02:45:55,821 INFO Executing buy order ...... 
2017-12-27 02:45:56,773 INFO MACD: short ema:$280.288551619, long ema:$280.400111695
2017-12-27 02:45:56,773 INFO Bought?:False
2017-12-27 02:46:00,777 INFO Executing buy order ...... 
2017-12-27 02:46:01,089 INFO MACD: short ema:$280.288551619, long ema:$280.400111695
2017-12-27 02:46:01,090 INFO Bought?:False
2017-12-27 02:46:05,094 INFO Executing buy order ...... 
2017-12-27 02:46:05,335 INFO MACD: short ema:$280.288551619, long ema:$280.400111695
2017-12-27 02:46:05,335 INFO Bought?:False
2017-12-27 02:46:09,340 INFO Executing buy order ...... 
2017-12-27 02:46:09,610 INFO MACD: short ema:$280.288551619, long ema:$280.400111695
2017-12-27 02:46:09,610 INFO Bought?:False
2017-12-27 02:46:13,614 INFO Executing buy order ...... 
2017-12-27 02:46:13,865 INFO MACD: short ema:$280.288551619, long ema:$280.400111695
2017-12-27 02:46:13,865 INFO Bought?:False
2017-12-27 02:46:17,869 INFO Executing buy order ...... 
2017-12-27 02:46:18,152 INFO MACD: short ema:$280.288551619, long ema:$280.400111695
2017-12-27 02:46:18,152 INFO Bought?:False
2017-12-27 02:46:22,156 INFO Executing buy order ...... 
2017-12-27 02:46:22,392 INFO MACD: short ema:$280.288551619, long ema:$280.400111695
2017-12-27 02:46:22,393 INFO Bought?:False
2017-12-27 02:46:26,397 INFO Executing buy order ...... 
2017-12-27 02:46:26,662 INFO MACD: short ema:$280.288551619, long ema:$280.400111695
2017-12-27 02:46:26,663 INFO Bought?:False
2017-12-27 02:46:30,667 INFO Executing buy order ...... 
2017-12-27 02:46:30,916 INFO MACD: short ema:$280.288551619, long ema:$280.400111695
2017-12-27 02:46:30,916 INFO Bought?:False
2017-12-27 02:46:34,921 INFO Executing buy order ...... 
2017-12-27 02:46:35,206 INFO MACD: short ema:$280.288551619, long ema:$280.400111695
2017-12-27 02:46:35,206 INFO Bought?:False
2017-12-27 02:46:39,207 INFO Executing buy order ...... 
2017-12-27 02:46:39,455 INFO MACD: short ema:$280.288551619, long ema:$280.400111695
2017-12-27 02:46:39,456 INFO Bought?:False
2017-12-27 02:46:43,461 INFO Executing buy order ...... 
2017-12-27 02:46:43,733 INFO MACD: short ema:$280.288551619, long ema:$280.400111695
2017-12-27 02:46:43,734 INFO Bought?:False
2017-12-27 02:46:47,738 INFO Executing buy order ...... 
2017-12-27 02:46:47,989 INFO MACD: short ema:$280.288551619, long ema:$280.400111695
2017-12-27 02:46:47,990 INFO Bought?:False
2017-12-27 02:46:51,994 INFO Executing buy order ...... 
2017-12-27 02:46:52,316 INFO MACD: short ema:$280.288551619, long ema:$280.400111695
2017-12-27 02:46:52,317 INFO Bought?:False
2017-12-27 02:46:56,321 INFO Executing buy order ...... 
2017-12-27 02:46:56,563 INFO MACD: short ema:$280.288551619, long ema:$280.400111695
2017-12-27 02:46:56,563 INFO Bought?:False
2017-12-27 02:47:00,567 INFO Executing buy order ...... 
2017-12-27 02:47:00,827 INFO MACD: short ema:$280.288551619, long ema:$280.400111695
2017-12-27 02:47:00,827 INFO Bought?:False
2017-12-27 02:47:04,832 INFO Executing buy order ...... 
2017-12-27 02:47:05,088 INFO MACD: short ema:$280.288551619, long ema:$280.400111695
2017-12-27 02:47:05,089 INFO Bought?:False
2017-12-27 02:47:09,093 INFO Executing buy order ...... 
2017-12-27 02:47:09,340 INFO MACD: short ema:$280.288551619, long ema:$280.400111695
2017-12-27 02:47:09,340 INFO Bought?:False
2017-12-27 02:47:13,345 INFO Executing buy order ...... 
2017-12-27 02:47:13,598 INFO MACD: short ema:$280.288551619, long ema:$280.400111695
2017-12-27 02:47:13,598 INFO Bought?:False
2017-12-27 02:47:17,602 INFO Executing buy order ...... 
2017-12-27 02:47:17,890 INFO MACD: short ema:$280.288551619, long ema:$280.400111695
2017-12-27 02:47:17,890 INFO Bought?:False
2017-12-27 02:47:21,894 INFO Executing buy order ...... 
2017-12-27 02:47:22,223 INFO MACD: short ema:$280.288551619, long ema:$280.400111695
2017-12-27 02:47:22,223 INFO Bought?:False
2017-12-27 02:47:26,226 INFO Executing buy order ...... 
2017-12-27 02:47:26,470 INFO MACD: short ema:$280.288551619, long ema:$280.400111695
2017-12-27 02:47:26,471 INFO Bought?:False
2017-12-27 02:47:30,475 INFO Executing buy order ...... 
2017-12-27 02:47:30,812 INFO MACD: short ema:$280.288551619, long ema:$280.400111695
2017-12-27 02:47:30,813 INFO Bought?:False
2017-12-27 02:47:34,817 INFO Executing buy order ...... 
2017-12-27 02:47:35,046 INFO MACD: short ema:$280.288551619, long ema:$280.400111695
2017-12-27 02:47:35,046 INFO Bought?:False
2017-12-27 02:47:39,050 INFO Executing buy order ...... 
2017-12-27 02:47:39,291 INFO MACD: short ema:$280.288551619, long ema:$280.400111695
2017-12-27 02:47:39,291 INFO Bought?:False
2017-12-27 02:47:43,296 INFO Executing buy order ...... 
2017-12-27 02:47:43,627 INFO MACD: short ema:$280.288551619, long ema:$280.400111695
2017-12-27 02:47:43,628 INFO Bought?:False
2017-12-27 02:47:47,630 INFO Executing buy order ...... 
2017-12-27 02:47:47,899 INFO MACD: short ema:$280.288551619, long ema:$280.400111695
2017-12-27 02:47:47,899 INFO Bought?:False
2017-12-27 02:47:51,904 INFO Executing buy order ...... 
2017-12-27 02:47:52,217 INFO MACD: short ema:$280.288551619, long ema:$280.400111695
2017-12-27 02:47:52,218 INFO Bought?:False
2017-12-27 02:47:56,222 INFO Executing buy order ...... 
2017-12-27 02:47:56,489 INFO MACD: short ema:$280.288551619, long ema:$280.400111695
2017-12-27 02:47:56,489 INFO Bought?:False
2017-12-27 02:48:00,493 INFO Executing buy order ...... 
2017-12-27 02:48:00,769 INFO MACD: short ema:$280.288551619, long ema:$280.400111695
2017-12-27 02:48:00,770 INFO Bought?:False
2017-12-27 02:48:04,774 INFO Executing buy order ...... 
2017-12-27 02:48:05,400 INFO MACD: short ema:$280.288551619, long ema:$280.400111695
2017-12-27 02:48:05,401 INFO Bought?:False
2017-12-27 02:48:09,405 INFO Executing buy order ...... 
2017-12-27 02:48:09,664 INFO MACD: short ema:$280.288551619, long ema:$280.400111695
2017-12-27 02:48:09,665 INFO Bought?:False
2017-12-27 02:48:13,668 INFO Executing buy order ...... 
2017-12-27 02:48:13,943 INFO MACD: short ema:$280.288551619, long ema:$280.400111695
2017-12-27 02:48:13,943 INFO Bought?:False
2017-12-27 02:48:17,947 INFO Executing buy order ...... 
2017-12-27 02:48:18,232 INFO MACD: short ema:$280.288551619, long ema:$280.400111695
2017-12-27 02:48:18,232 INFO Bought?:False
2017-12-27 02:48:22,235 INFO Executing buy order ...... 
2017-12-27 02:48:22,481 INFO MACD: short ema:$280.288551619, long ema:$280.400111695
2017-12-27 02:48:22,481 INFO Bought?:False
2017-12-27 02:48:26,485 INFO Executing buy order ...... 
2017-12-27 02:48:26,737 INFO MACD: short ema:$280.288551619, long ema:$280.400111695
2017-12-27 02:48:26,737 INFO Bought?:False
2017-12-27 02:48:30,741 INFO Executing buy order ...... 
2017-12-27 02:48:31,772 INFO MACD: short ema:$280.288551619, long ema:$280.400111695
2017-12-27 02:48:31,772 INFO Bought?:False
2017-12-27 02:48:35,776 INFO Executing buy order ...... 
2017-12-27 02:48:36,036 INFO MACD: short ema:$280.288551619, long ema:$280.400111695
2017-12-27 02:48:36,037 INFO Bought?:False
2017-12-27 02:48:40,041 INFO Executing buy order ...... 
2017-12-27 02:48:41,112 INFO MACD: short ema:$280.288551619, long ema:$280.400111695
2017-12-27 02:48:41,112 INFO Bought?:False
2017-12-27 02:48:45,117 INFO Executing buy order ...... 
2017-12-27 02:48:45,357 INFO MACD: short ema:$280.288551619, long ema:$280.400111695
2017-12-27 02:48:45,358 INFO Bought?:False
2017-12-27 02:48:49,362 INFO Executing buy order ...... 
2017-12-27 02:48:49,623 INFO MACD: short ema:$280.288551619, long ema:$280.400111695
2017-12-27 02:48:49,623 INFO Bought?:False
2017-12-27 02:48:53,627 INFO Executing buy order ...... 
2017-12-27 02:48:53,885 INFO MACD: short ema:$280.288551619, long ema:$280.400111695
2017-12-27 02:48:53,885 INFO Bought?:False
2017-12-27 02:48:57,889 INFO Executing buy order ...... 
2017-12-27 02:48:58,179 INFO MACD: short ema:$280.288551619, long ema:$280.400111695
2017-12-27 02:48:58,180 INFO Bought?:False
2017-12-27 02:49:02,184 INFO Executing buy order ...... 
2017-12-27 02:49:02,439 INFO MACD: short ema:$280.288551619, long ema:$280.400111695
2017-12-27 02:49:02,439 INFO Bought?:False
2017-12-27 02:49:06,443 INFO Executing buy order ...... 
2017-12-27 02:49:06,724 INFO MACD: short ema:$280.288551619, long ema:$280.400111695
2017-12-27 02:49:06,724 INFO Bought?:False
2017-12-27 02:49:10,728 INFO Executing buy order ...... 
2017-12-27 02:49:10,999 INFO MACD: short ema:$280.288551619, long ema:$280.400111695
2017-12-27 02:49:11,000 INFO Bought?:False
2017-12-27 02:49:15,004 INFO Executing buy order ...... 
2017-12-27 02:49:15,296 INFO MACD: short ema:$280.288551619, long ema:$280.400111695
2017-12-27 02:49:15,297 INFO Bought?:False
2017-12-27 02:49:19,301 INFO Executing buy order ...... 
2017-12-27 02:49:19,551 INFO MACD: short ema:$280.288551619, long ema:$280.400111695
2017-12-27 02:49:19,551 INFO Bought?:False
2017-12-27 02:49:23,551 INFO Executing buy order ...... 
2017-12-27 02:49:23,854 INFO MACD: short ema:$280.288551619, long ema:$280.400111695
2017-12-27 02:49:23,854 INFO Bought?:False
2017-12-27 02:49:27,859 INFO Executing buy order ...... 
2017-12-27 02:49:28,105 INFO MACD: short ema:$280.288551619, long ema:$280.400111695
2017-12-27 02:49:28,106 INFO Bought?:False
2017-12-27 02:49:32,110 INFO Executing buy order ...... 
2017-12-27 02:49:32,369 INFO MACD: short ema:$280.288551619, long ema:$280.400111695
2017-12-27 02:49:32,369 INFO Bought?:False
2017-12-27 02:49:36,374 INFO Executing buy order ...... 
2017-12-27 02:49:36,622 INFO MACD: short ema:$280.288551619, long ema:$280.400111695
2017-12-27 02:49:36,623 INFO Bought?:False
2017-12-27 02:49:40,627 INFO Executing buy order ...... 
2017-12-27 02:49:40,882 INFO MACD: short ema:$280.288551619, long ema:$280.400111695
2017-12-27 02:49:40,882 INFO Bought?:False
2017-12-27 02:49:44,887 INFO Executing buy order ...... 
2017-12-27 02:49:45,149 INFO MACD: short ema:$280.288551619, long ema:$280.400111695
2017-12-27 02:49:45,149 INFO Bought?:False
2017-12-27 02:49:49,153 INFO Executing buy order ...... 
2017-12-27 02:49:49,399 INFO MACD: short ema:$280.288551619, long ema:$280.400111695
2017-12-27 02:49:49,399 INFO Bought?:False
2017-12-27 02:49:53,404 INFO Executing buy order ...... 
2017-12-27 02:49:53,655 INFO MACD: short ema:$280.288551619, long ema:$280.400111695
2017-12-27 02:49:53,655 INFO Bought?:False
2017-12-27 02:49:57,660 INFO Executing buy order ...... 
2017-12-27 02:49:57,903 INFO MACD: short ema:$280.288551619, long ema:$280.400111695
2017-12-27 02:49:57,903 INFO Bought?:False
2017-12-27 02:50:01,908 INFO Executing buy order ...... 
2017-12-27 02:50:02,192 INFO MACD: short ema:$280.288551619, long ema:$280.400111695
2017-12-27 02:50:02,192 INFO Bought?:False
2017-12-27 02:50:06,197 INFO Executing buy order ...... 
2017-12-27 02:50:06,489 INFO MACD: short ema:$280.288551619, long ema:$280.400111695
2017-12-27 02:50:06,490 INFO Bought?:False
2017-12-27 02:50:10,494 INFO Executing buy order ...... 
2017-12-27 02:50:10,841 INFO MACD: short ema:$280.27776853, long ema:$280.386715226
2017-12-27 02:50:10,841 INFO Bought?:False
2017-12-27 02:50:14,843 INFO Executing buy order ...... 
2017-12-27 02:50:15,109 INFO MACD: short ema:$280.27776853, long ema:$280.386715226
2017-12-27 02:50:15,109 INFO Bought?:False
2017-12-27 02:50:19,113 INFO Executing buy order ...... 
2017-12-27 02:50:19,390 INFO MACD: short ema:$280.27776853, long ema:$280.386715226
2017-12-27 02:50:19,390 INFO Bought?:False
2017-12-27 02:50:23,391 INFO Executing buy order ...... 
2017-12-27 02:50:23,666 INFO MACD: short ema:$280.27776853, long ema:$280.386715226
2017-12-27 02:50:23,667 INFO Bought?:False
2017-12-27 02:50:27,671 INFO Executing buy order ...... 
2017-12-27 02:50:27,962 INFO MACD: short ema:$280.27776853, long ema:$280.386715226
2017-12-27 02:50:27,962 INFO Bought?:False
2017-12-27 02:50:31,967 INFO Executing buy order ...... 
2017-12-27 02:50:32,353 INFO MACD: short ema:$280.27776853, long ema:$280.386715226
2017-12-27 02:50:32,353 INFO Bought?:False
2017-12-27 02:50:36,357 INFO Executing buy order ...... 
2017-12-27 02:50:36,626 INFO MACD: short ema:$280.27776853, long ema:$280.386715226
2017-12-27 02:50:36,626 INFO Bought?:False
2017-12-27 02:50:40,628 INFO Executing buy order ...... 
2017-12-27 02:50:40,883 INFO MACD: short ema:$280.27776853, long ema:$280.386715226
2017-12-27 02:50:40,884 INFO Bought?:False
2017-12-27 02:50:44,885 INFO Executing buy order ...... 
2017-12-27 02:50:45,127 INFO MACD: short ema:$280.27776853, long ema:$280.386715226
2017-12-27 02:50:45,128 INFO Bought?:False
2017-12-27 02:50:49,132 INFO Executing buy order ...... 
2017-12-27 02:50:49,401 INFO MACD: short ema:$280.27776853, long ema:$280.386715226
2017-12-27 02:50:49,402 INFO Bought?:False
2017-12-27 02:50:53,406 INFO Executing buy order ...... 
2017-12-27 02:50:53,656 INFO MACD: short ema:$280.27776853, long ema:$280.386715226
2017-12-27 02:50:53,656 INFO Bought?:False
2017-12-27 02:50:57,660 INFO Executing buy order ...... 
2017-12-27 02:50:57,907 INFO MACD: short ema:$280.27776853, long ema:$280.386715226
2017-12-27 02:50:57,907 INFO Bought?:False
2017-12-27 02:51:01,909 INFO Executing buy order ...... 
2017-12-27 02:51:02,203 INFO MACD: short ema:$280.27776853, long ema:$280.386715226
2017-12-27 02:51:02,203 INFO Bought?:False
2017-12-27 02:51:06,208 INFO Executing buy order ...... 
2017-12-27 02:51:06,467 INFO MACD: short ema:$280.27776853, long ema:$280.386715226
2017-12-27 02:51:06,468 INFO Bought?:False
2017-12-27 02:51:10,472 INFO Executing buy order ...... 
2017-12-27 02:51:10,768 INFO MACD: short ema:$280.27776853, long ema:$280.386715226
2017-12-27 02:51:10,768 INFO Bought?:False
2017-12-27 02:51:14,772 INFO Executing buy order ...... 
2017-12-27 02:51:15,022 INFO MACD: short ema:$280.27776853, long ema:$280.386715226
2017-12-27 02:51:15,022 INFO Bought?:False
2017-12-27 02:51:19,027 INFO Executing buy order ...... 
2017-12-27 02:51:19,287 INFO MACD: short ema:$280.27776853, long ema:$280.386715226
2017-12-27 02:51:19,288 INFO Bought?:False
2017-12-27 02:51:23,292 INFO Executing buy order ...... 
2017-12-27 02:51:23,519 INFO MACD: short ema:$280.27776853, long ema:$280.386715226
2017-12-27 02:51:23,520 INFO Bought?:False
2017-12-27 02:51:27,524 INFO Executing buy order ...... 
2017-12-27 02:51:27,788 INFO MACD: short ema:$280.27776853, long ema:$280.386715226
2017-12-27 02:51:27,788 INFO Bought?:False
2017-12-27 02:51:31,793 INFO Executing buy order ...... 
2017-12-27 02:51:32,042 INFO MACD: short ema:$280.27776853, long ema:$280.386715226
2017-12-27 02:51:32,042 INFO Bought?:False
2017-12-27 02:51:36,046 INFO Executing buy order ...... 
2017-12-27 02:51:36,319 INFO MACD: short ema:$280.27776853, long ema:$280.386715226
2017-12-27 02:51:36,320 INFO Bought?:False
2017-12-27 02:51:40,324 INFO Executing buy order ...... 
2017-12-27 02:51:40,610 INFO MACD: short ema:$280.27776853, long ema:$280.386715226
2017-12-27 02:51:40,610 INFO Bought?:False
2017-12-27 02:51:44,615 INFO Executing buy order ...... 
2017-12-27 02:51:44,884 INFO MACD: short ema:$280.27776853, long ema:$280.386715226
2017-12-27 02:51:44,884 INFO Bought?:False
2017-12-27 02:51:48,889 INFO Executing buy order ...... 
2017-12-27 02:51:49,162 INFO MACD: short ema:$280.27776853, long ema:$280.386715226
2017-12-27 02:51:49,162 INFO Bought?:False
2017-12-27 02:51:53,166 INFO Executing buy order ...... 
2017-12-27 02:51:53,450 INFO MACD: short ema:$280.27776853, long ema:$280.386715226
2017-12-27 02:51:53,450 INFO Bought?:False
2017-12-27 02:51:57,451 INFO Executing buy order ...... 
2017-12-27 02:51:57,709 INFO MACD: short ema:$280.27776853, long ema:$280.386715226
2017-12-27 02:51:57,709 INFO Bought?:False
2017-12-27 02:52:01,713 INFO Executing buy order ...... 
2017-12-27 02:52:02,000 INFO MACD: short ema:$280.27776853, long ema:$280.386715226
2017-12-27 02:52:02,000 INFO Bought?:False
2017-12-27 02:52:06,001 INFO Executing buy order ...... 
2017-12-27 02:52:06,341 INFO MACD: short ema:$280.27776853, long ema:$280.386715226
2017-12-27 02:52:06,342 INFO Bought?:False
2017-12-27 02:52:10,346 INFO Executing buy order ...... 
2017-12-27 02:52:10,599 INFO MACD: short ema:$280.27776853, long ema:$280.386715226
2017-12-27 02:52:10,599 INFO Bought?:False
2017-12-27 02:52:14,603 INFO Executing buy order ...... 
2017-12-27 02:52:14,873 INFO MACD: short ema:$280.27776853, long ema:$280.386715226
2017-12-27 02:52:14,873 INFO Bought?:False
2017-12-27 02:52:18,878 INFO Executing buy order ...... 
2017-12-27 02:52:19,932 INFO MACD: short ema:$280.27776853, long ema:$280.386715226
2017-12-27 02:52:19,932 INFO Bought?:False
2017-12-27 02:52:23,937 INFO Executing buy order ...... 
2017-12-27 02:52:24,254 INFO MACD: short ema:$280.27776853, long ema:$280.386715226
2017-12-27 02:52:24,254 INFO Bought?:False
2017-12-27 02:52:28,258 INFO Executing buy order ...... 
2017-12-27 02:52:28,584 INFO MACD: short ema:$280.27776853, long ema:$280.386715226
2017-12-27 02:52:28,584 INFO Bought?:False
2017-12-27 02:52:32,588 INFO Executing buy order ...... 
2017-12-27 02:52:32,843 INFO MACD: short ema:$280.27776853, long ema:$280.386715226
2017-12-27 02:52:32,843 INFO Bought?:False
2017-12-27 02:52:36,847 INFO Executing buy order ...... 
2017-12-27 02:52:37,093 INFO MACD: short ema:$280.27776853, long ema:$280.386715226
2017-12-27 02:52:37,094 INFO Bought?:False
2017-12-27 02:52:41,098 INFO Executing buy order ...... 
2017-12-27 02:52:41,377 INFO MACD: short ema:$280.276230068, long ema:$280.385974485
2017-12-27 02:52:41,377 INFO Bought?:False
2017-12-27 02:52:45,379 INFO Executing buy order ...... 
2017-12-27 02:52:45,652 INFO MACD: short ema:$280.276230068, long ema:$280.385974485
2017-12-27 02:52:45,652 INFO Bought?:False
2017-12-27 02:52:49,657 INFO Executing buy order ...... 
2017-12-27 02:52:49,913 INFO MACD: short ema:$280.276230068, long ema:$280.385974485
2017-12-27 02:52:49,913 INFO Bought?:False
2017-12-27 02:52:53,918 INFO Executing buy order ...... 
2017-12-27 02:52:55,003 INFO MACD: short ema:$280.276230068, long ema:$280.385974485
2017-12-27 02:52:55,003 INFO Bought?:False
2017-12-27 02:52:59,008 INFO Executing buy order ...... 
2017-12-27 02:52:59,624 INFO MACD: short ema:$280.276230068, long ema:$280.385974485
2017-12-27 02:52:59,624 INFO Bought?:False
2017-12-27 02:53:03,629 INFO Executing buy order ...... 
2017-12-27 02:53:03,884 INFO MACD: short ema:$280.276230068, long ema:$280.385974485
2017-12-27 02:53:03,884 INFO Bought?:False
2017-12-27 02:53:07,889 INFO Executing buy order ...... 
2017-12-27 02:53:09,330 INFO MACD: short ema:$280.276230068, long ema:$280.385974485
2017-12-27 02:53:09,331 INFO Bought?:False
2017-12-27 02:53:13,335 INFO Executing buy order ...... 
2017-12-27 02:53:13,617 INFO MACD: short ema:$280.276230068, long ema:$280.385974485
2017-12-27 02:53:13,617 INFO Bought?:False
2017-12-27 02:53:17,621 INFO Executing buy order ...... 
2017-12-27 02:53:17,885 INFO MACD: short ema:$280.276230068, long ema:$280.385974485
2017-12-27 02:53:17,886 INFO Bought?:False
2017-12-27 02:53:21,890 INFO Executing buy order ...... 
2017-12-27 02:53:22,148 INFO MACD: short ema:$280.276230068, long ema:$280.385974485
2017-12-27 02:53:22,149 INFO Bought?:False
2017-12-27 02:53:26,153 INFO Executing buy order ...... 
2017-12-27 02:53:26,442 INFO MACD: short ema:$280.276230068, long ema:$280.385974485
2017-12-27 02:53:26,442 INFO Bought?:False
2017-12-27 02:53:30,446 INFO Executing buy order ...... 
2017-12-27 02:53:30,708 INFO MACD: short ema:$280.276230068, long ema:$280.385974485
2017-12-27 02:53:30,708 INFO Bought?:False
2017-12-27 02:53:34,713 INFO Executing buy order ...... 
2017-12-27 02:53:35,125 INFO MACD: short ema:$280.276230068, long ema:$280.385974485
2017-12-27 02:53:35,126 INFO Bought?:False
2017-12-27 02:53:39,130 INFO Executing buy order ...... 
2017-12-27 02:53:39,404 INFO MACD: short ema:$280.276230068, long ema:$280.385974485
2017-12-27 02:53:39,404 INFO Bought?:False
2017-12-27 02:53:43,408 INFO Executing buy order ...... 
2017-12-27 02:53:43,702 INFO MACD: short ema:$280.276230068, long ema:$280.385974485
2017-12-27 02:53:43,703 INFO Bought?:False
2017-12-27 02:53:47,707 INFO Executing buy order ...... 
2017-12-27 02:53:47,968 INFO MACD: short ema:$280.276230068, long ema:$280.385974485
2017-12-27 02:53:47,968 INFO Bought?:False
2017-12-27 02:53:51,972 INFO Executing buy order ...... 
2017-12-27 02:53:52,261 INFO MACD: short ema:$280.276230068, long ema:$280.385974485
2017-12-27 02:53:52,261 INFO Bought?:False
2017-12-27 02:53:56,263 INFO Executing buy order ...... 
2017-12-27 02:53:56,531 INFO MACD: short ema:$280.276230068, long ema:$280.385974485
2017-12-27 02:53:56,531 INFO Bought?:False
2017-12-27 02:54:00,535 INFO Executing buy order ...... 
2017-12-27 02:54:00,815 INFO MACD: short ema:$280.276230068, long ema:$280.385974485
2017-12-27 02:54:00,815 INFO Bought?:False
2017-12-27 02:54:04,820 INFO Executing buy order ...... 
2017-12-27 02:54:05,107 INFO MACD: short ema:$280.276230068, long ema:$280.385974485
2017-12-27 02:54:05,108 INFO Bought?:False
2017-12-27 02:54:09,112 INFO Executing buy order ...... 
2017-12-27 02:54:09,372 INFO MACD: short ema:$280.276230068, long ema:$280.385974485
2017-12-27 02:54:09,372 INFO Bought?:False
2017-12-27 02:54:13,376 INFO Executing buy order ...... 
2017-12-27 02:54:13,638 INFO MACD: short ema:$280.276230068, long ema:$280.385974485
2017-12-27 02:54:13,638 INFO Bought?:False
2017-12-27 02:54:17,642 INFO Executing buy order ...... 
2017-12-27 02:54:17,911 INFO MACD: short ema:$280.276230068, long ema:$280.385974485
2017-12-27 02:54:17,911 INFO Bought?:False
2017-12-27 02:54:21,915 INFO Executing buy order ...... 
2017-12-27 02:54:22,194 INFO MACD: short ema:$280.276230068, long ema:$280.385974485
2017-12-27 02:54:22,194 INFO Bought?:False
2017-12-27 02:54:26,199 INFO Executing buy order ...... 
2017-12-27 02:54:26,445 INFO MACD: short ema:$280.276230068, long ema:$280.385974485
2017-12-27 02:54:26,446 INFO Bought?:False
2017-12-27 02:54:30,450 INFO Executing buy order ...... 
2017-12-27 02:54:30,705 INFO MACD: short ema:$280.276230068, long ema:$280.385974485
2017-12-27 02:54:30,706 INFO Bought?:False
2017-12-27 02:54:34,710 INFO Executing buy order ...... 
2017-12-27 02:54:34,966 INFO MACD: short ema:$280.276230068, long ema:$280.385974485
2017-12-27 02:54:34,966 INFO Bought?:False
2017-12-27 02:54:38,971 INFO Executing buy order ...... 
2017-12-27 02:54:39,220 INFO MACD: short ema:$280.276230068, long ema:$280.385974485
2017-12-27 02:54:39,220 INFO Bought?:False
2017-12-27 02:54:43,225 INFO Executing buy order ...... 
2017-12-27 02:54:43,484 INFO MACD: short ema:$280.276230068, long ema:$280.385974485
2017-12-27 02:54:43,484 INFO Bought?:False
2017-12-27 02:54:47,489 INFO Executing buy order ...... 
2017-12-27 02:54:47,733 INFO MACD: short ema:$280.276230068, long ema:$280.385974485
2017-12-27 02:54:47,733 INFO Bought?:False
2017-12-27 02:54:51,738 INFO Executing buy order ...... 
2017-12-27 02:54:52,011 INFO MACD: short ema:$280.276230068, long ema:$280.385974485
2017-12-27 02:54:52,011 INFO Bought?:False
2017-12-27 02:54:56,016 INFO Executing buy order ...... 
2017-12-27 02:54:56,309 INFO MACD: short ema:$280.276230068, long ema:$280.385974485
2017-12-27 02:54:56,310 INFO Bought?:False
2017-12-27 02:55:00,314 INFO Executing buy order ...... 
2017-12-27 02:55:00,554 INFO MACD: short ema:$280.276230068, long ema:$280.385974485
2017-12-27 02:55:00,555 INFO Bought?:False
2017-12-27 02:55:04,559 INFO Executing buy order ...... 
2017-12-27 02:55:04,806 INFO MACD: short ema:$280.276230068, long ema:$280.385974485
2017-12-27 02:55:04,807 INFO Bought?:False
2017-12-27 02:55:08,811 INFO Executing buy order ...... 
2017-12-27 02:55:09,695 INFO MACD: short ema:$280.276230068, long ema:$280.385974485
2017-12-27 02:55:09,696 INFO Bought?:False
2017-12-27 02:55:13,700 INFO Executing buy order ...... 
2017-12-27 02:55:13,978 INFO MACD: short ema:$280.332313017, long ema:$280.405970896
2017-12-27 02:55:13,979 INFO Bought?:False
2017-12-27 02:55:17,983 INFO Executing buy order ...... 
2017-12-27 02:55:18,219 INFO MACD: short ema:$280.332313017, long ema:$280.405970896
2017-12-27 02:55:18,219 INFO Bought?:False
2017-12-27 02:55:22,223 INFO Executing buy order ...... 
2017-12-27 02:55:22,497 INFO MACD: short ema:$280.332313017, long ema:$280.405970896
2017-12-27 02:55:22,498 INFO Bought?:False
2017-12-27 02:55:26,499 INFO Executing buy order ...... 
2017-12-27 02:55:26,741 INFO MACD: short ema:$280.332313017, long ema:$280.405970896
2017-12-27 02:55:26,742 INFO Bought?:False
2017-12-27 02:55:30,746 INFO Executing buy order ...... 
2017-12-27 02:55:30,981 INFO MACD: short ema:$280.332313017, long ema:$280.405970896
2017-12-27 02:55:30,981 INFO Bought?:False
2017-12-27 02:55:34,985 INFO Executing buy order ...... 
2017-12-27 02:55:35,246 INFO MACD: short ema:$280.332313017, long ema:$280.405970896
2017-12-27 02:55:35,246 INFO Bought?:False
2017-12-27 02:55:39,251 INFO Executing buy order ...... 
2017-12-27 02:55:39,495 INFO MACD: short ema:$280.332313017, long ema:$280.405970896
2017-12-27 02:55:39,495 INFO Bought?:False
2017-12-27 02:55:43,499 INFO Executing buy order ...... 
2017-12-27 02:55:43,770 INFO MACD: short ema:$280.332313017, long ema:$280.405970896
2017-12-27 02:55:43,770 INFO Bought?:False
2017-12-27 02:55:47,774 INFO Executing buy order ...... 
2017-12-27 02:55:48,032 INFO MACD: short ema:$280.332313017, long ema:$280.405970896
2017-12-27 02:55:48,033 INFO Bought?:False
2017-12-27 02:55:52,037 INFO Executing buy order ...... 
2017-12-27 02:55:52,298 INFO MACD: short ema:$280.332313017, long ema:$280.405970896
2017-12-27 02:55:52,299 INFO Bought?:False
2017-12-27 02:55:56,303 INFO Executing buy order ...... 
2017-12-27 02:55:56,547 INFO MACD: short ema:$280.332313017, long ema:$280.405970896
2017-12-27 02:55:56,548 INFO Bought?:False
2017-12-27 02:56:00,551 INFO Executing buy order ...... 
2017-12-27 02:56:00,871 INFO MACD: short ema:$280.332313017, long ema:$280.405970896
2017-12-27 02:56:00,872 INFO Bought?:False
2017-12-27 02:56:04,876 INFO Executing buy order ...... 
2017-12-27 02:56:05,116 INFO MACD: short ema:$280.332313017, long ema:$280.405970896
2017-12-27 02:56:05,116 INFO Bought?:False
2017-12-27 02:56:09,120 INFO Executing buy order ...... 
2017-12-27 02:56:09,434 INFO MACD: short ema:$280.332313017, long ema:$280.405970896
2017-12-27 02:56:09,434 INFO Bought?:False
2017-12-27 02:56:13,438 INFO Executing buy order ...... 
2017-12-27 02:56:13,725 INFO MACD: short ema:$280.332313017, long ema:$280.405970896
2017-12-27 02:56:13,726 INFO Bought?:False
2017-12-27 02:56:17,730 INFO Executing buy order ...... 
2017-12-27 02:56:17,993 INFO MACD: short ema:$280.332313017, long ema:$280.405970896
2017-12-27 02:56:17,993 INFO Bought?:False
2017-12-27 02:56:21,997 INFO Executing buy order ...... 
2017-12-27 02:56:22,299 INFO MACD: short ema:$280.332313017, long ema:$280.405970896
2017-12-27 02:56:22,300 INFO Bought?:False
2017-12-27 02:56:26,304 INFO Executing buy order ...... 
2017-12-27 02:56:26,609 INFO MACD: short ema:$280.332313017, long ema:$280.405970896
2017-12-27 02:56:26,609 INFO Bought?:False
2017-12-27 02:56:30,613 INFO Executing buy order ...... 
2017-12-27 02:56:30,865 INFO MACD: short ema:$280.332313017, long ema:$280.405970896
2017-12-27 02:56:30,865 INFO Bought?:False
2017-12-27 02:56:34,869 INFO Executing buy order ...... 
2017-12-27 02:56:35,101 INFO MACD: short ema:$280.332313017, long ema:$280.405970896
2017-12-27 02:56:35,101 INFO Bought?:False
2017-12-27 02:56:39,106 INFO Executing buy order ...... 
2017-12-27 02:56:39,359 INFO MACD: short ema:$280.332313017, long ema:$280.405970896
2017-12-27 02:56:39,360 INFO Bought?:False
2017-12-27 02:56:43,364 INFO Executing buy order ...... 
2017-12-27 02:56:43,614 INFO MACD: short ema:$280.332313017, long ema:$280.405970896
2017-12-27 02:56:43,614 INFO Bought?:False
2017-12-27 02:56:47,618 INFO Executing buy order ...... 
2017-12-27 02:56:47,882 INFO MACD: short ema:$280.332313017, long ema:$280.405970896
2017-12-27 02:56:47,882 INFO Bought?:False
2017-12-27 02:56:51,887 INFO Executing buy order ...... 
2017-12-27 02:56:52,194 INFO MACD: short ema:$280.332313017, long ema:$280.405970896
2017-12-27 02:56:52,194 INFO Bought?:False
2017-12-27 02:56:56,199 INFO Executing buy order ...... 
2017-12-27 02:56:56,484 INFO MACD: short ema:$280.332313017, long ema:$280.405970896
2017-12-27 02:56:56,484 INFO Bought?:False
2017-12-27 02:57:00,489 INFO Executing buy order ...... 
2017-12-27 02:57:00,772 INFO MACD: short ema:$280.332313017, long ema:$280.405970896
2017-12-27 02:57:00,772 INFO Bought?:False
2017-12-27 02:57:04,777 INFO Executing buy order ...... 
2017-12-27 02:57:05,082 INFO MACD: short ema:$280.332313017, long ema:$280.405970896
2017-12-27 02:57:05,082 INFO Bought?:False
2017-12-27 02:57:09,087 INFO Executing buy order ...... 
2017-12-27 02:57:09,348 INFO MACD: short ema:$280.332313017, long ema:$280.405970896
2017-12-27 02:57:09,348 INFO Bought?:False
2017-12-27 02:57:13,353 INFO Executing buy order ...... 
2017-12-27 02:57:13,658 INFO MACD: short ema:$280.332313017, long ema:$280.405970896
2017-12-27 02:57:13,658 INFO Bought?:False
2017-12-27 02:57:17,663 INFO Executing buy order ...... 
2017-12-27 02:57:17,924 INFO MACD: short ema:$280.332313017, long ema:$280.405970896
2017-12-27 02:57:17,924 INFO Bought?:False
2017-12-27 02:57:21,929 INFO Executing buy order ...... 
2017-12-27 02:57:22,183 INFO MACD: short ema:$280.332313017, long ema:$280.405970896
2017-12-27 02:57:22,183 INFO Bought?:False
2017-12-27 02:57:26,188 INFO Executing buy order ...... 
2017-12-27 02:57:26,472 INFO MACD: short ema:$280.332313017, long ema:$280.405970896
2017-12-27 02:57:26,473 INFO Bought?:False
2017-12-27 02:57:30,477 INFO Executing buy order ...... 
2017-12-27 02:57:30,736 INFO MACD: short ema:$280.332313017, long ema:$280.405970896
2017-12-27 02:57:30,737 INFO Bought?:False
2017-12-27 02:57:34,741 INFO Executing buy order ...... 
2017-12-27 02:57:34,990 INFO MACD: short ema:$280.332313017, long ema:$280.405970896
2017-12-27 02:57:34,991 INFO Bought?:False
2017-12-27 02:57:38,995 INFO Executing buy order ...... 
2017-12-27 02:57:39,264 INFO MACD: short ema:$280.332313017, long ema:$280.405970896
2017-12-27 02:57:39,264 INFO Bought?:False
2017-12-27 02:57:43,267 INFO Executing buy order ...... 
2017-12-27 02:57:43,512 INFO MACD: short ema:$280.304620709, long ema:$280.39263756
2017-12-27 02:57:43,513 INFO Bought?:False
2017-12-27 02:57:47,517 INFO Executing buy order ...... 
2017-12-27 02:57:47,790 INFO MACD: short ema:$280.304620709, long ema:$280.39263756
2017-12-27 02:57:47,790 INFO Bought?:False
2017-12-27 02:57:51,795 INFO Executing buy order ...... 
2017-12-27 02:57:52,050 INFO MACD: short ema:$280.304620709, long ema:$280.39263756
2017-12-27 02:57:52,051 INFO Bought?:False
2017-12-27 02:57:56,051 INFO Executing buy order ...... 
2017-12-27 02:57:56,359 INFO MACD: short ema:$280.304620709, long ema:$280.39263756
2017-12-27 02:57:56,359 INFO Bought?:False
2017-12-27 02:58:00,363 INFO Executing buy order ...... 
2017-12-27 02:58:00,639 INFO MACD: short ema:$280.304620709, long ema:$280.39263756
2017-12-27 02:58:00,639 INFO Bought?:False
2017-12-27 02:58:04,643 INFO Executing buy order ...... 
2017-12-27 02:58:04,897 INFO MACD: short ema:$280.304620709, long ema:$280.39263756
2017-12-27 02:58:04,897 INFO Bought?:False
2017-12-27 02:58:08,901 INFO Executing buy order ...... 
2017-12-27 02:58:09,164 INFO MACD: short ema:$280.304620709, long ema:$280.39263756
2017-12-27 02:58:09,164 INFO Bought?:False
2017-12-27 02:58:13,169 INFO Executing buy order ...... 
2017-12-27 02:58:13,437 INFO MACD: short ema:$280.304620709, long ema:$280.39263756
2017-12-27 02:58:13,438 INFO Bought?:False
2017-12-27 02:58:17,442 INFO Executing buy order ...... 
2017-12-27 02:58:17,703 INFO MACD: short ema:$280.304620709, long ema:$280.39263756
2017-12-27 02:58:17,703 INFO Bought?:False
2017-12-27 02:58:21,708 INFO Executing buy order ...... 
2017-12-27 02:58:21,961 INFO MACD: short ema:$280.304620709, long ema:$280.39263756
2017-12-27 02:58:21,962 INFO Bought?:False
2017-12-27 02:58:25,966 INFO Executing buy order ...... 
2017-12-27 02:58:26,227 INFO MACD: short ema:$280.304620709, long ema:$280.39263756
2017-12-27 02:58:26,227 INFO Bought?:False
2017-12-27 02:58:30,231 INFO Executing buy order ...... 
2017-12-27 02:58:30,513 INFO MACD: short ema:$280.304620709, long ema:$280.39263756
2017-12-27 02:58:30,514 INFO Bought?:False
2017-12-27 02:58:34,518 INFO Executing buy order ...... 
2017-12-27 02:58:34,775 INFO MACD: short ema:$280.304620709, long ema:$280.39263756
2017-12-27 02:58:34,775 INFO Bought?:False
2017-12-27 02:58:38,780 INFO Executing buy order ...... 
2017-12-27 02:58:39,049 INFO MACD: short ema:$280.304620709, long ema:$280.39263756
2017-12-27 02:58:39,049 INFO Bought?:False
2017-12-27 02:58:43,054 INFO Executing buy order ...... 
2017-12-27 02:58:43,303 INFO MACD: short ema:$280.304620709, long ema:$280.39263756
2017-12-27 02:58:43,303 INFO Bought?:False
2017-12-27 02:58:47,307 INFO Executing buy order ...... 
2017-12-27 02:58:47,570 INFO MACD: short ema:$280.304620709, long ema:$280.39263756
2017-12-27 02:58:47,570 INFO Bought?:False
2017-12-27 02:58:51,571 INFO Executing buy order ...... 
2017-12-27 02:58:51,806 INFO MACD: short ema:$280.304620709, long ema:$280.39263756
2017-12-27 02:58:51,806 INFO Bought?:False
2017-12-27 02:58:55,810 INFO Executing buy order ...... 
2017-12-27 02:58:56,036 INFO MACD: short ema:$280.304620709, long ema:$280.39263756
2017-12-27 02:58:56,036 INFO Bought?:False
2017-12-27 02:59:00,040 INFO Executing buy order ...... 
2017-12-27 02:59:00,278 INFO MACD: short ema:$280.304620709, long ema:$280.39263756
2017-12-27 02:59:00,279 INFO Bought?:False
2017-12-27 02:59:04,283 INFO Executing buy order ...... 
2017-12-27 02:59:04,571 INFO MACD: short ema:$280.304620709, long ema:$280.39263756
2017-12-27 02:59:04,572 INFO Bought?:False
2017-12-27 02:59:08,576 INFO Executing buy order ...... 
2017-12-27 02:59:08,821 INFO MACD: short ema:$280.304620709, long ema:$280.39263756
2017-12-27 02:59:08,821 INFO Bought?:False
2017-12-27 02:59:12,826 INFO Executing buy order ...... 
2017-12-27 02:59:13,055 INFO MACD: short ema:$280.304620709, long ema:$280.39263756
2017-12-27 02:59:13,056 INFO Bought?:False
2017-12-27 02:59:17,060 INFO Executing buy order ...... 
2017-12-27 02:59:17,362 INFO MACD: short ema:$280.304620709, long ema:$280.39263756
2017-12-27 02:59:17,362 INFO Bought?:False
2017-12-27 02:59:21,366 INFO Executing buy order ...... 
2017-12-27 02:59:21,698 INFO MACD: short ema:$280.304620709, long ema:$280.39263756
2017-12-27 02:59:21,698 INFO Bought?:False
2017-12-27 02:59:25,699 INFO Executing buy order ...... 
2017-12-27 02:59:25,999 INFO MACD: short ema:$280.304620709, long ema:$280.39263756
2017-12-27 02:59:25,999 INFO Bought?:False
2017-12-27 02:59:30,004 INFO Executing buy order ...... 
2017-12-27 02:59:30,251 INFO MACD: short ema:$280.304620709, long ema:$280.39263756
2017-12-27 02:59:30,251 INFO Bought?:False
2017-12-27 02:59:34,255 INFO Executing buy order ...... 
2017-12-27 02:59:34,518 INFO MACD: short ema:$280.304620709, long ema:$280.39263756
2017-12-27 02:59:34,519 INFO Bought?:False
2017-12-27 02:59:38,524 INFO Executing buy order ...... 
2017-12-27 02:59:38,790 INFO MACD: short ema:$280.304620709, long ema:$280.39263756
2017-12-27 02:59:38,790 INFO Bought?:False
2017-12-27 02:59:42,795 INFO Executing buy order ...... 
2017-12-27 02:59:43,060 INFO MACD: short ema:$280.304620709, long ema:$280.39263756
2017-12-27 02:59:43,061 INFO Bought?:False
2017-12-27 02:59:47,065 INFO Executing buy order ...... 
2017-12-27 02:59:47,327 INFO MACD: short ema:$280.304620709, long ema:$280.39263756
2017-12-27 02:59:47,328 INFO Bought?:False
2017-12-27 02:59:51,332 INFO Executing buy order ...... 
2017-12-27 02:59:51,575 INFO MACD: short ema:$280.304620709, long ema:$280.39263756
2017-12-27 02:59:51,575 INFO Bought?:False
2017-12-27 02:59:55,579 INFO Executing buy order ...... 
2017-12-27 02:59:55,815 INFO MACD: short ema:$280.304620709, long ema:$280.39263756
2017-12-27 02:59:55,816 INFO Bought?:False
2017-12-27 02:59:59,820 INFO Executing buy order ...... 
2017-12-27 03:00:00,060 INFO MACD: short ema:$280.304620709, long ema:$280.39263756
2017-12-27 03:00:00,060 INFO Bought?:False
2017-12-27 03:00:04,063 INFO Executing buy order ...... 
2017-12-27 03:00:04,352 INFO MACD: short ema:$280.304620709, long ema:$280.39263756
2017-12-27 03:00:04,352 INFO Bought?:False
2017-12-27 03:00:08,356 INFO Executing buy order ...... 
2017-12-27 03:00:08,602 INFO MACD: short ema:$280.304620709, long ema:$280.39263756
2017-12-27 03:00:08,603 INFO Bought?:False
2017-12-27 03:00:12,607 INFO Executing buy order ...... 
2017-12-27 03:00:12,853 INFO MACD: short ema:$280.360714564, long ema:$280.414307755
2017-12-27 03:00:12,853 INFO Bought?:False
2017-12-27 03:00:16,858 INFO Executing buy order ...... 
2017-12-27 03:00:17,097 INFO MACD: short ema:$280.360714564, long ema:$280.414307755
2017-12-27 03:00:17,097 INFO Bought?:False
2017-12-27 03:00:21,101 INFO Executing buy order ...... 
2017-12-27 03:00:21,354 INFO MACD: short ema:$280.360714564, long ema:$280.414307755
2017-12-27 03:00:21,354 INFO Bought?:False
2017-12-27 03:00:25,359 INFO Executing buy order ...... 
2017-12-27 03:00:25,601 INFO MACD: short ema:$280.360714564, long ema:$280.414307755
2017-12-27 03:00:25,601 INFO Bought?:False
2017-12-27 03:00:29,606 INFO Executing buy order ...... 
2017-12-27 03:00:29,850 INFO MACD: short ema:$280.360714564, long ema:$280.414307755
2017-12-27 03:00:29,851 INFO Bought?:False
2017-12-27 03:00:33,855 INFO Executing buy order ...... 
2017-12-27 03:00:34,122 INFO MACD: short ema:$280.360714564, long ema:$280.414307755
2017-12-27 03:00:34,123 INFO Bought?:False
2017-12-27 03:00:38,127 INFO Executing buy order ...... 
2017-12-27 03:00:38,395 INFO MACD: short ema:$280.360714564, long ema:$280.414307755
2017-12-27 03:00:38,396 INFO Bought?:False
2017-12-27 03:00:42,400 INFO Executing buy order ...... 
2017-12-27 03:00:42,653 INFO MACD: short ema:$280.360714564, long ema:$280.414307755
2017-12-27 03:00:42,653 INFO Bought?:False
2017-12-27 03:00:46,655 INFO Executing buy order ...... 
2017-12-27 03:00:46,900 INFO MACD: short ema:$280.360714564, long ema:$280.414307755
2017-12-27 03:00:46,900 INFO Bought?:False
2017-12-27 03:00:50,905 INFO Executing buy order ...... 
2017-12-27 03:00:51,151 INFO MACD: short ema:$280.360714564, long ema:$280.414307755
2017-12-27 03:00:51,151 INFO Bought?:False
2017-12-27 03:00:55,155 INFO Executing buy order ...... 
2017-12-27 03:00:55,405 INFO MACD: short ema:$280.360714564, long ema:$280.414307755
2017-12-27 03:00:55,405 INFO Bought?:False
2017-12-27 03:00:59,409 INFO Executing buy order ...... 
2017-12-27 03:00:59,659 INFO MACD: short ema:$280.360714564, long ema:$280.414307755
2017-12-27 03:00:59,659 INFO Bought?:False
2017-12-27 03:01:03,663 INFO Executing buy order ...... 
2017-12-27 03:01:03,921 INFO MACD: short ema:$280.360714564, long ema:$280.414307755
2017-12-27 03:01:03,921 INFO Bought?:False
2017-12-27 03:01:07,925 INFO Executing buy order ...... 
2017-12-27 03:01:08,197 INFO MACD: short ema:$280.360714564, long ema:$280.414307755
2017-12-27 03:01:08,198 INFO Bought?:False
2017-12-27 03:01:12,202 INFO Executing buy order ...... 
2017-12-27 03:01:12,484 INFO MACD: short ema:$280.360714564, long ema:$280.414307755
2017-12-27 03:01:12,485 INFO Bought?:False
2017-12-27 03:01:16,489 INFO Executing buy order ...... 
2017-12-27 03:01:16,822 INFO MACD: short ema:$280.360714564, long ema:$280.414307755
2017-12-27 03:01:16,822 INFO Bought?:False
2017-12-27 03:01:20,827 INFO Executing buy order ...... 
2017-12-27 03:01:21,084 INFO MACD: short ema:$280.360714564, long ema:$280.414307755
2017-12-27 03:01:21,084 INFO Bought?:False
2017-12-27 03:01:25,089 INFO Executing buy order ...... 
2017-12-27 03:01:25,363 INFO MACD: short ema:$280.360714564, long ema:$280.414307755
2017-12-27 03:01:25,364 INFO Bought?:False
2017-12-27 03:01:29,368 INFO Executing buy order ...... 
2017-12-27 03:01:29,618 INFO MACD: short ema:$280.360714564, long ema:$280.414307755
2017-12-27 03:01:29,618 INFO Bought?:False
2017-12-27 03:01:33,623 INFO Executing buy order ...... 
2017-12-27 03:01:33,880 INFO MACD: short ema:$280.360714564, long ema:$280.414307755
2017-12-27 03:01:33,881 INFO Bought?:False
2017-12-27 03:01:37,885 INFO Executing buy order ...... 
2017-12-27 03:01:38,165 INFO MACD: short ema:$280.360714564, long ema:$280.414307755
2017-12-27 03:01:38,165 INFO Bought?:False
2017-12-27 03:01:42,170 INFO Executing buy order ...... 
2017-12-27 03:01:42,431 INFO MACD: short ema:$280.360714564, long ema:$280.414307755
2017-12-27 03:01:42,432 INFO Bought?:False
2017-12-27 03:01:46,437 INFO Executing buy order ...... 
2017-12-27 03:01:46,747 INFO MACD: short ema:$280.360714564, long ema:$280.414307755
2017-12-27 03:01:46,748 INFO Bought?:False
2017-12-27 03:01:50,752 INFO Executing buy order ...... 
2017-12-27 03:01:51,066 INFO MACD: short ema:$280.360714564, long ema:$280.414307755
2017-12-27 03:01:51,067 INFO Bought?:False
2017-12-27 03:01:55,071 INFO Executing buy order ...... 
2017-12-27 03:01:55,322 INFO MACD: short ema:$280.360714564, long ema:$280.414307755
2017-12-27 03:01:55,323 INFO Bought?:False
2017-12-27 03:01:59,327 INFO Executing buy order ...... 
2017-12-27 03:01:59,587 INFO MACD: short ema:$280.360714564, long ema:$280.414307755
2017-12-27 03:01:59,587 INFO Bought?:False
2017-12-27 03:02:03,592 INFO Executing buy order ...... 
2017-12-27 03:02:03,854 INFO MACD: short ema:$280.360714564, long ema:$280.414307755
2017-12-27 03:02:03,855 INFO Bought?:False
2017-12-27 03:02:07,859 INFO Executing buy order ...... 
2017-12-27 03:02:08,120 INFO MACD: short ema:$280.360714564, long ema:$280.414307755
2017-12-27 03:02:08,120 INFO Bought?:False
2017-12-27 03:02:12,124 INFO Executing buy order ...... 
2017-12-27 03:02:12,384 INFO MACD: short ema:$280.360714564, long ema:$280.414307755
2017-12-27 03:02:12,385 INFO Bought?:False
2017-12-27 03:02:16,389 INFO Executing buy order ...... 
2017-12-27 03:02:16,625 INFO MACD: short ema:$280.360714564, long ema:$280.414307755
2017-12-27 03:02:16,626 INFO Bought?:False
2017-12-27 03:02:20,630 INFO Executing buy order ...... 
2017-12-27 03:02:20,883 INFO MACD: short ema:$280.360714564, long ema:$280.414307755
2017-12-27 03:02:20,883 INFO Bought?:False
2017-12-27 03:02:24,887 INFO Executing buy order ...... 
2017-12-27 03:02:25,128 INFO MACD: short ema:$280.360714564, long ema:$280.414307755
2017-12-27 03:02:25,128 INFO Bought?:False
2017-12-27 03:02:29,132 INFO Executing buy order ...... 
2017-12-27 03:02:29,389 INFO MACD: short ema:$280.360714564, long ema:$280.414307755
2017-12-27 03:02:29,389 INFO Bought?:False
2017-12-27 03:02:33,393 INFO Executing buy order ...... 
2017-12-27 03:02:33,650 INFO MACD: short ema:$280.360714564, long ema:$280.414307755
2017-12-27 03:02:33,650 INFO Bought?:False
2017-12-27 03:02:37,655 INFO Executing buy order ...... 
2017-12-27 03:02:37,896 INFO MACD: short ema:$280.360714564, long ema:$280.414307755
2017-12-27 03:02:37,896 INFO Bought?:False
2017-12-27 03:02:41,900 INFO Executing buy order ...... 
2017-12-27 03:02:43,475 INFO MACD: short ema:$280.363791487, long ema:$280.415789237
2017-12-27 03:02:43,475 INFO Bought?:False
2017-12-27 03:02:47,479 INFO Executing buy order ...... 
2017-12-27 03:02:47,720 INFO MACD: short ema:$280.363791487, long ema:$280.415789237
2017-12-27 03:02:47,720 INFO Bought?:False
2017-12-27 03:02:51,725 INFO Executing buy order ...... 
2017-12-27 03:02:51,963 INFO MACD: short ema:$280.363791487, long ema:$280.415789237
2017-12-27 03:02:51,963 INFO Bought?:False
2017-12-27 03:02:55,967 INFO Executing buy order ...... 
2017-12-27 03:02:56,218 INFO MACD: short ema:$280.363791487, long ema:$280.415789237
2017-12-27 03:02:56,219 INFO Bought?:False
2017-12-27 03:03:00,223 INFO Executing buy order ...... 
2017-12-27 03:03:00,504 INFO MACD: short ema:$280.363791487, long ema:$280.415789237
2017-12-27 03:03:00,504 INFO Bought?:False
2017-12-27 03:03:04,508 INFO Executing buy order ...... 
2017-12-27 03:03:04,767 INFO MACD: short ema:$280.363791487, long ema:$280.415789237
2017-12-27 03:03:04,768 INFO Bought?:False
2017-12-27 03:03:08,772 INFO Executing buy order ...... 
2017-12-27 03:03:09,039 INFO MACD: short ema:$280.363791487, long ema:$280.415789237
2017-12-27 03:03:09,040 INFO Bought?:False
2017-12-27 03:03:13,044 INFO Executing buy order ...... 
2017-12-27 03:03:13,291 INFO MACD: short ema:$280.363791487, long ema:$280.415789237
2017-12-27 03:03:13,291 INFO Bought?:False
2017-12-27 03:03:17,295 INFO Executing buy order ...... 
2017-12-27 03:03:17,569 INFO MACD: short ema:$280.363791487, long ema:$280.415789237
2017-12-27 03:03:17,570 INFO Bought?:False
2017-12-27 03:03:21,574 INFO Executing buy order ...... 
2017-12-27 03:03:21,835 INFO MACD: short ema:$280.363791487, long ema:$280.415789237
2017-12-27 03:03:21,835 INFO Bought?:False
2017-12-27 03:03:25,839 INFO Executing buy order ...... 
2017-12-27 03:03:26,120 INFO MACD: short ema:$280.363791487, long ema:$280.415789237
2017-12-27 03:03:26,120 INFO Bought?:False
2017-12-27 03:03:30,124 INFO Executing buy order ...... 
2017-12-27 03:03:30,422 INFO MACD: short ema:$280.363791487, long ema:$280.415789237
2017-12-27 03:03:30,422 INFO Bought?:False
2017-12-27 03:03:34,427 INFO Executing buy order ...... 
2017-12-27 03:03:34,668 INFO MACD: short ema:$280.363791487, long ema:$280.415789237
2017-12-27 03:03:34,669 INFO Bought?:False
2017-12-27 03:03:38,673 INFO Executing buy order ...... 
2017-12-27 03:03:38,966 INFO MACD: short ema:$280.363791487, long ema:$280.415789237
2017-12-27 03:03:38,966 INFO Bought?:False
2017-12-27 03:03:42,970 INFO Executing buy order ...... 
2017-12-27 03:03:43,202 INFO MACD: short ema:$280.363791487, long ema:$280.415789237
2017-12-27 03:03:43,202 INFO Bought?:False
2017-12-27 03:03:47,206 INFO Executing buy order ...... 
2017-12-27 03:03:47,493 INFO MACD: short ema:$280.363791487, long ema:$280.415789237
2017-12-27 03:03:47,494 INFO Bought?:False
2017-12-27 03:03:51,498 INFO Executing buy order ...... 
2017-12-27 03:03:51,783 INFO MACD: short ema:$280.363791487, long ema:$280.415789237
2017-12-27 03:03:51,783 INFO Bought?:False
2017-12-27 03:03:55,787 INFO Executing buy order ...... 
2017-12-27 03:03:56,042 INFO MACD: short ema:$280.363791487, long ema:$280.415789237
2017-12-27 03:03:56,043 INFO Bought?:False
2017-12-27 03:04:00,047 INFO Executing buy order ...... 
2017-12-27 03:04:00,286 INFO MACD: short ema:$280.363791487, long ema:$280.415789237
2017-12-27 03:04:00,286 INFO Bought?:False
2017-12-27 03:04:04,291 INFO Executing buy order ...... 
2017-12-27 03:04:04,556 INFO MACD: short ema:$280.363791487, long ema:$280.415789237
2017-12-27 03:04:04,556 INFO Bought?:False
2017-12-27 03:04:08,561 INFO Executing buy order ...... 
2017-12-27 03:04:08,818 INFO MACD: short ema:$280.363791487, long ema:$280.415789237
2017-12-27 03:04:08,819 INFO Bought?:False
2017-12-27 03:04:12,823 INFO Executing buy order ...... 
2017-12-27 03:04:13,104 INFO MACD: short ema:$280.363791487, long ema:$280.415789237
2017-12-27 03:04:13,104 INFO Bought?:False
2017-12-27 03:04:17,108 INFO Executing buy order ...... 
2017-12-27 03:04:17,362 INFO MACD: short ema:$280.363791487, long ema:$280.415789237
2017-12-27 03:04:17,363 INFO Bought?:False
2017-12-27 03:04:21,367 INFO Executing buy order ...... 
2017-12-27 03:04:21,696 INFO MACD: short ema:$280.363791487, long ema:$280.415789237
2017-12-27 03:04:21,697 INFO Bought?:False
2017-12-27 03:04:25,701 INFO Executing buy order ...... 
2017-12-27 03:04:25,944 INFO MACD: short ema:$280.363791487, long ema:$280.415789237
2017-12-27 03:04:25,945 INFO Bought?:False
2017-12-27 03:04:29,949 INFO Executing buy order ...... 
2017-12-27 03:04:30,434 INFO MACD: short ema:$280.363791487, long ema:$280.415789237
2017-12-27 03:04:30,434 INFO Bought?:False
2017-12-27 03:04:34,438 INFO Executing buy order ...... 
2017-12-27 03:04:34,696 INFO MACD: short ema:$280.363791487, long ema:$280.415789237
2017-12-27 03:04:34,696 INFO Bought?:False
2017-12-27 03:04:38,701 INFO Executing buy order ...... 
2017-12-27 03:04:38,959 INFO MACD: short ema:$280.363791487, long ema:$280.415789237
2017-12-27 03:04:38,960 INFO Bought?:False
2017-12-27 03:04:42,964 INFO Executing buy order ...... 
2017-12-27 03:04:43,229 INFO MACD: short ema:$280.363791487, long ema:$280.415789237
2017-12-27 03:04:43,230 INFO Bought?:False
2017-12-27 03:04:47,234 INFO Executing buy order ...... 
2017-12-27 03:04:47,479 INFO MACD: short ema:$280.363791487, long ema:$280.415789237
2017-12-27 03:04:47,479 INFO Bought?:False
2017-12-27 03:04:51,484 INFO Executing buy order ...... 
2017-12-27 03:04:51,747 INFO MACD: short ema:$280.363791487, long ema:$280.415789237
2017-12-27 03:04:51,748 INFO Bought?:False
2017-12-27 03:04:55,752 INFO Executing buy order ...... 
2017-12-27 03:04:56,001 INFO MACD: short ema:$280.363791487, long ema:$280.415789237
2017-12-27 03:04:56,001 INFO Bought?:False
2017-12-27 03:05:00,003 INFO Executing buy order ...... 
2017-12-27 03:05:00,249 INFO MACD: short ema:$280.363791487, long ema:$280.415789237
2017-12-27 03:05:00,249 INFO Bought?:False
2017-12-27 03:05:04,253 INFO Executing buy order ...... 
2017-12-27 03:05:04,551 INFO MACD: short ema:$280.363791487, long ema:$280.415789237
2017-12-27 03:05:04,551 INFO Bought?:False
2017-12-27 03:05:08,555 INFO Executing buy order ...... 
2017-12-27 03:05:08,818 INFO MACD: short ema:$280.363791487, long ema:$280.415789237
2017-12-27 03:05:08,818 INFO Bought?:False
2017-12-27 03:05:12,823 INFO Executing buy order ...... 
2017-12-27 03:05:13,056 INFO MACD: short ema:$280.41054546, long ema:$280.43492145
2017-12-27 03:05:13,056 INFO Bought?:False
2017-12-27 03:05:17,061 INFO Executing buy order ...... 
2017-12-27 03:05:17,315 INFO MACD: short ema:$280.41054546, long ema:$280.43492145
2017-12-27 03:05:17,315 INFO Bought?:False
2017-12-27 03:05:21,319 INFO Executing buy order ...... 
2017-12-27 03:05:21,580 INFO MACD: short ema:$280.41054546, long ema:$280.43492145
2017-12-27 03:05:21,580 INFO Bought?:False
2017-12-27 03:05:25,584 INFO Executing buy order ...... 
2017-12-27 03:05:25,853 INFO MACD: short ema:$280.41054546, long ema:$280.43492145
2017-12-27 03:05:25,853 INFO Bought?:False
2017-12-27 03:05:29,857 INFO Executing buy order ...... 
2017-12-27 03:05:30,133 INFO MACD: short ema:$280.41054546, long ema:$280.43492145
2017-12-27 03:05:30,133 INFO Bought?:False
2017-12-27 03:05:34,137 INFO Executing buy order ...... 
2017-12-27 03:05:34,364 INFO MACD: short ema:$280.41054546, long ema:$280.43492145
2017-12-27 03:05:34,364 INFO Bought?:False
2017-12-27 03:05:38,368 INFO Executing buy order ...... 
2017-12-27 03:05:38,639 INFO MACD: short ema:$280.41054546, long ema:$280.43492145
2017-12-27 03:05:38,639 INFO Bought?:False
2017-12-27 03:05:42,643 INFO Executing buy order ...... 
2017-12-27 03:05:42,887 INFO MACD: short ema:$280.41054546, long ema:$280.43492145
2017-12-27 03:05:42,888 INFO Bought?:False
2017-12-27 03:05:46,892 INFO Executing buy order ...... 
2017-12-27 03:05:47,161 INFO MACD: short ema:$280.41054546, long ema:$280.43492145
2017-12-27 03:05:47,161 INFO Bought?:False
2017-12-27 03:05:51,166 INFO Executing buy order ...... 
2017-12-27 03:05:51,406 INFO MACD: short ema:$280.41054546, long ema:$280.43492145
2017-12-27 03:05:51,406 INFO Bought?:False
2017-12-27 03:05:55,411 INFO Executing buy order ...... 
2017-12-27 03:05:55,665 INFO MACD: short ema:$280.41054546, long ema:$280.43492145
2017-12-27 03:05:55,666 INFO Bought?:False
2017-12-27 03:05:59,670 INFO Executing buy order ...... 
2017-12-27 03:05:59,928 INFO MACD: short ema:$280.41054546, long ema:$280.43492145
2017-12-27 03:05:59,928 INFO Bought?:False
2017-12-27 03:06:03,933 INFO Executing buy order ...... 
2017-12-27 03:06:04,235 INFO MACD: short ema:$280.41054546, long ema:$280.43492145
2017-12-27 03:06:04,235 INFO Bought?:False
2017-12-27 03:06:08,239 INFO Executing buy order ...... 
2017-12-27 03:06:08,486 INFO MACD: short ema:$280.41054546, long ema:$280.43492145
2017-12-27 03:06:08,486 INFO Bought?:False
2017-12-27 03:06:12,490 INFO Executing buy order ...... 
2017-12-27 03:06:12,771 INFO MACD: short ema:$280.41054546, long ema:$280.43492145
2017-12-27 03:06:12,771 INFO Bought?:False
2017-12-27 03:06:16,776 INFO Executing buy order ...... 
2017-12-27 03:06:17,030 INFO MACD: short ema:$280.41054546, long ema:$280.43492145
2017-12-27 03:06:17,030 INFO Bought?:False
2017-12-27 03:06:21,035 INFO Executing buy order ...... 
2017-12-27 03:06:21,310 INFO MACD: short ema:$280.41054546, long ema:$280.43492145
2017-12-27 03:06:21,310 INFO Bought?:False
2017-12-27 03:06:25,311 INFO Executing buy order ...... 
2017-12-27 03:06:25,567 INFO MACD: short ema:$280.41054546, long ema:$280.43492145
2017-12-27 03:06:25,568 INFO Bought?:False
2017-12-27 03:06:29,572 INFO Executing buy order ...... 
2017-12-27 03:06:29,820 INFO MACD: short ema:$280.41054546, long ema:$280.43492145
2017-12-27 03:06:29,820 INFO Bought?:False
2017-12-27 03:06:33,824 INFO Executing buy order ...... 
2017-12-27 03:06:34,094 INFO MACD: short ema:$280.41054546, long ema:$280.43492145
2017-12-27 03:06:34,095 INFO Bought?:False
2017-12-27 03:06:38,099 INFO Executing buy order ...... 
2017-12-27 03:06:38,338 INFO MACD: short ema:$280.41054546, long ema:$280.43492145
2017-12-27 03:06:38,338 INFO Bought?:False
2017-12-27 03:06:42,342 INFO Executing buy order ...... 
2017-12-27 03:06:42,590 INFO MACD: short ema:$280.41054546, long ema:$280.43492145
2017-12-27 03:06:42,590 INFO Bought?:False
2017-12-27 03:06:46,594 INFO Executing buy order ...... 
2017-12-27 03:06:46,843 INFO MACD: short ema:$280.41054546, long ema:$280.43492145
2017-12-27 03:06:46,843 INFO Bought?:False
2017-12-27 03:06:50,848 INFO Executing buy order ...... 
2017-12-27 03:06:51,272 INFO MACD: short ema:$280.41054546, long ema:$280.43492145
2017-12-27 03:06:51,272 INFO Bought?:False
2017-12-27 03:06:55,274 INFO Executing buy order ...... 
2017-12-27 03:06:55,543 INFO MACD: short ema:$280.41054546, long ema:$280.43492145
2017-12-27 03:06:55,543 INFO Bought?:False
2017-12-27 03:06:59,548 INFO Executing buy order ...... 
2017-12-27 03:06:59,805 INFO MACD: short ema:$280.41054546, long ema:$280.43492145
2017-12-27 03:06:59,806 INFO Bought?:False
2017-12-27 03:07:03,810 INFO Executing buy order ...... 
2017-12-27 03:07:04,059 INFO MACD: short ema:$280.41054546, long ema:$280.43492145
2017-12-27 03:07:04,060 INFO Bought?:False
2017-12-27 03:07:08,064 INFO Executing buy order ...... 
2017-12-27 03:07:08,340 INFO MACD: short ema:$280.41054546, long ema:$280.43492145
2017-12-27 03:07:08,340 INFO Bought?:False
2017-12-27 03:07:12,344 INFO Executing buy order ...... 
2017-12-27 03:07:12,608 INFO MACD: short ema:$280.41054546, long ema:$280.43492145
2017-12-27 03:07:12,608 INFO Bought?:False
2017-12-27 03:07:16,612 INFO Executing buy order ...... 
2017-12-27 03:07:16,889 INFO MACD: short ema:$280.41054546, long ema:$280.43492145
2017-12-27 03:07:16,889 INFO Bought?:False
2017-12-27 03:07:20,893 INFO Executing buy order ...... 
2017-12-27 03:07:21,213 INFO MACD: short ema:$280.41054546, long ema:$280.43492145
2017-12-27 03:07:21,213 INFO Bought?:False
2017-12-27 03:07:25,218 INFO Executing buy order ...... 
2017-12-27 03:07:25,469 INFO MACD: short ema:$280.41054546, long ema:$280.43492145
2017-12-27 03:07:25,469 INFO Bought?:False
2017-12-27 03:07:29,474 INFO Executing buy order ...... 
2017-12-27 03:07:29,840 INFO MACD: short ema:$280.41054546, long ema:$280.43492145
2017-12-27 03:07:29,841 INFO Bought?:False
2017-12-27 03:07:33,845 INFO Executing buy order ...... 
2017-12-27 03:07:34,117 INFO MACD: short ema:$280.41054546, long ema:$280.43492145
2017-12-27 03:07:34,117 INFO Bought?:False
2017-12-27 03:07:38,121 INFO Executing buy order ...... 
2017-12-27 03:07:38,399 INFO MACD: short ema:$280.41054546, long ema:$280.43492145
2017-12-27 03:07:38,399 INFO Bought?:False
2017-12-27 03:07:42,404 INFO Executing buy order ...... 
2017-12-27 03:07:42,702 INFO MACD: short ema:$280.398237767, long ema:$280.428995523
2017-12-27 03:07:42,702 INFO Bought?:False
2017-12-27 03:07:46,707 INFO Executing buy order ...... 
2017-12-27 03:07:46,959 INFO MACD: short ema:$280.398237767, long ema:$280.428995523
2017-12-27 03:07:46,959 INFO Bought?:False
2017-12-27 03:07:50,963 INFO Executing buy order ...... 
2017-12-27 03:07:51,355 INFO MACD: short ema:$280.398237767, long ema:$280.428995523
2017-12-27 03:07:51,355 INFO Bought?:False
2017-12-27 03:07:55,359 INFO Executing buy order ...... 
2017-12-27 03:07:55,643 INFO MACD: short ema:$280.398237767, long ema:$280.428995523
2017-12-27 03:07:55,643 INFO Bought?:False
2017-12-27 03:07:59,647 INFO Executing buy order ...... 
2017-12-27 03:07:59,884 INFO MACD: short ema:$280.398237767, long ema:$280.428995523
2017-12-27 03:07:59,885 INFO Bought?:False
2017-12-27 03:08:03,889 INFO Executing buy order ...... 
2017-12-27 03:08:04,191 INFO MACD: short ema:$280.398237767, long ema:$280.428995523
2017-12-27 03:08:04,192 INFO Bought?:False
2017-12-27 03:08:08,196 INFO Executing buy order ...... 
2017-12-27 03:08:08,459 INFO MACD: short ema:$280.398237767, long ema:$280.428995523
2017-12-27 03:08:08,459 INFO Bought?:False
2017-12-27 03:08:12,463 INFO Executing buy order ...... 
2017-12-27 03:08:12,693 INFO MACD: short ema:$280.398237767, long ema:$280.428995523
2017-12-27 03:08:12,693 INFO Bought?:False
2017-12-27 03:08:16,698 INFO Executing buy order ...... 
2017-12-27 03:08:16,958 INFO MACD: short ema:$280.398237767, long ema:$280.428995523
2017-12-27 03:08:16,958 INFO Bought?:False
2017-12-27 03:08:20,962 INFO Executing buy order ...... 
2017-12-27 03:08:21,213 INFO MACD: short ema:$280.398237767, long ema:$280.428995523
2017-12-27 03:08:21,214 INFO Bought?:False
2017-12-27 03:08:25,218 INFO Executing buy order ...... 
2017-12-27 03:08:25,481 INFO MACD: short ema:$280.398237767, long ema:$280.428995523
2017-12-27 03:08:25,481 INFO Bought?:False
2017-12-27 03:08:29,485 INFO Executing buy order ...... 
2017-12-27 03:08:29,750 INFO MACD: short ema:$280.398237767, long ema:$280.428995523
2017-12-27 03:08:29,750 INFO Bought?:False
2017-12-27 03:08:33,755 INFO Executing buy order ...... 
2017-12-27 03:08:34,009 INFO MACD: short ema:$280.398237767, long ema:$280.428995523
2017-12-27 03:08:34,009 INFO Bought?:False
2017-12-27 03:08:38,011 INFO Executing buy order ...... 
2017-12-27 03:08:38,264 INFO MACD: short ema:$280.398237767, long ema:$280.428995523
2017-12-27 03:08:38,264 INFO Bought?:False
2017-12-27 03:08:42,268 INFO Executing buy order ...... 
2017-12-27 03:08:42,533 INFO MACD: short ema:$280.398237767, long ema:$280.428995523
2017-12-27 03:08:42,533 INFO Bought?:False
2017-12-27 03:08:46,537 INFO Executing buy order ...... 
2017-12-27 03:08:46,774 INFO MACD: short ema:$280.398237767, long ema:$280.428995523
2017-12-27 03:08:46,774 INFO Bought?:False
2017-12-27 03:08:50,779 INFO Executing buy order ...... 
2017-12-27 03:08:51,029 INFO MACD: short ema:$280.398237767, long ema:$280.428995523
2017-12-27 03:08:51,029 INFO Bought?:False
2017-12-27 03:08:55,033 INFO Executing buy order ...... 
2017-12-27 03:08:55,317 INFO MACD: short ema:$280.398237767, long ema:$280.428995523
2017-12-27 03:08:55,318 INFO Bought?:False
2017-12-27 03:08:59,322 INFO Executing buy order ...... 
2017-12-27 03:08:59,564 INFO MACD: short ema:$280.398237767, long ema:$280.428995523
2017-12-27 03:08:59,565 INFO Bought?:False
2017-12-27 03:09:03,569 INFO Executing buy order ...... 
2017-12-27 03:09:03,834 INFO MACD: short ema:$280.398237767, long ema:$280.428995523
2017-12-27 03:09:03,835 INFO Bought?:False
2017-12-27 03:09:07,839 INFO Executing buy order ...... 
2017-12-27 03:09:08,110 INFO MACD: short ema:$280.398237767, long ema:$280.428995523
2017-12-27 03:09:08,110 INFO Bought?:False
2017-12-27 03:09:12,115 INFO Executing buy order ...... 
2017-12-27 03:09:12,361 INFO MACD: short ema:$280.398237767, long ema:$280.428995523
2017-12-27 03:09:12,361 INFO Bought?:False
2017-12-27 03:09:16,365 INFO Executing buy order ...... 
2017-12-27 03:09:16,633 INFO MACD: short ema:$280.398237767, long ema:$280.428995523
2017-12-27 03:09:16,633 INFO Bought?:False
2017-12-27 03:09:20,635 INFO Executing buy order ...... 
2017-12-27 03:09:21,006 INFO MACD: short ema:$280.398237767, long ema:$280.428995523
2017-12-27 03:09:21,007 INFO Bought?:False
2017-12-27 03:09:25,011 INFO Executing buy order ...... 
2017-12-27 03:09:25,284 INFO MACD: short ema:$280.398237767, long ema:$280.428995523
2017-12-27 03:09:25,284 INFO Bought?:False
2017-12-27 03:09:29,289 INFO Executing buy order ...... 
2017-12-27 03:09:29,539 INFO MACD: short ema:$280.398237767, long ema:$280.428995523
2017-12-27 03:09:29,539 INFO Bought?:False
2017-12-27 03:09:33,544 INFO Executing buy order ...... 
2017-12-27 03:09:33,828 INFO MACD: short ema:$280.398237767, long ema:$280.428995523
2017-12-27 03:09:33,829 INFO Bought?:False
2017-12-27 03:09:37,833 INFO Executing buy order ...... 
2017-12-27 03:09:38,170 INFO MACD: short ema:$280.398237767, long ema:$280.428995523
2017-12-27 03:09:38,170 INFO Bought?:False
2017-12-27 03:09:42,174 INFO Executing buy order ...... 
2017-12-27 03:09:42,440 INFO MACD: short ema:$280.398237767, long ema:$280.428995523
2017-12-27 03:09:42,440 INFO Bought?:False
2017-12-27 03:09:46,444 INFO Executing buy order ...... 
2017-12-27 03:09:46,698 INFO MACD: short ema:$280.398237767, long ema:$280.428995523
2017-12-27 03:09:46,698 INFO Bought?:False
2017-12-27 03:09:50,703 INFO Executing buy order ...... 
2017-12-27 03:09:51,018 INFO MACD: short ema:$280.398237767, long ema:$280.428995523
2017-12-27 03:09:51,018 INFO Bought?:False
2017-12-27 03:09:55,023 INFO Executing buy order ...... 
2017-12-27 03:09:55,278 INFO MACD: short ema:$280.398237767, long ema:$280.428995523
2017-12-27 03:09:55,278 INFO Bought?:False
2017-12-27 03:09:59,283 INFO Executing buy order ...... 
2017-12-27 03:09:59,543 INFO MACD: short ema:$280.398237767, long ema:$280.428995523
2017-12-27 03:09:59,544 INFO Bought?:False
2017-12-27 03:10:03,548 INFO Executing buy order ...... 
2017-12-27 03:10:03,802 INFO MACD: short ema:$280.398237767, long ema:$280.428995523
2017-12-27 03:10:03,802 INFO Bought?:False
2017-12-27 03:10:07,806 INFO Executing buy order ...... 
2017-12-27 03:10:08,045 INFO MACD: short ema:$280.398237767, long ema:$280.428995523
2017-12-27 03:10:08,046 INFO Bought?:False
2017-12-27 03:10:12,050 INFO Executing buy order ...... 
2017-12-27 03:10:12,420 INFO MACD: short ema:$280.358035507, long ema:$280.405942343
2017-12-27 03:10:12,420 INFO Bought?:False
2017-12-27 03:10:16,425 INFO Executing buy order ...... 
2017-12-27 03:10:16,670 INFO MACD: short ema:$280.358035507, long ema:$280.405942343
2017-12-27 03:10:16,671 INFO Bought?:False
2017-12-27 03:10:20,675 INFO Executing buy order ...... 
2017-12-27 03:10:21,329 INFO MACD: short ema:$280.358035507, long ema:$280.405942343
2017-12-27 03:10:21,330 INFO Bought?:False
2017-12-27 03:10:25,334 INFO Executing buy order ...... 
2017-12-27 03:10:25,563 INFO MACD: short ema:$280.358035507, long ema:$280.405942343
2017-12-27 03:10:25,563 INFO Bought?:False
2017-12-27 03:10:29,567 INFO Executing buy order ...... 
2017-12-27 03:10:29,825 INFO MACD: short ema:$280.358035507, long ema:$280.405942343
2017-12-27 03:10:29,825 INFO Bought?:False
2017-12-27 03:10:33,827 INFO Executing buy order ...... 
2017-12-27 03:10:34,090 INFO MACD: short ema:$280.358035507, long ema:$280.405942343
2017-12-27 03:10:34,090 INFO Bought?:False
2017-12-27 03:10:38,091 INFO Executing buy order ...... 
2017-12-27 03:10:38,346 INFO MACD: short ema:$280.358035507, long ema:$280.405942343
2017-12-27 03:10:38,347 INFO Bought?:False
2017-12-27 03:10:42,347 INFO Executing buy order ...... 
2017-12-27 03:10:42,596 INFO MACD: short ema:$280.358035507, long ema:$280.405942343
2017-12-27 03:10:42,596 INFO Bought?:False
2017-12-27 03:10:46,601 INFO Executing buy order ...... 
2017-12-27 03:10:46,843 INFO MACD: short ema:$280.358035507, long ema:$280.405942343
2017-12-27 03:10:46,843 INFO Bought?:False
2017-12-27 03:10:50,847 INFO Executing buy order ...... 
2017-12-27 03:10:51,104 INFO MACD: short ema:$280.358035507, long ema:$280.405942343
2017-12-27 03:10:51,104 INFO Bought?:False
